Change Component Designator: Old Designator=* New Designator=*2
Change Component Designator: Old Designator=C16 New Designator=C9
Change Component Designator: Old Designator=C17 New Designator=C10
Change Component Designator: Old Designator=C18 New Designator=C11
Change Component Designator: Old Designator=C19 New Designator=C12
Change Component Designator: Old Designator=C20 New Designator=C13
Change Component Designator: Old Designator=C21 New Designator=C14
Change Component Designator: Old Designator=C22 New Designator=C15
Change Component Designator: Old Designator=C23 New Designator=C16
Change Component Designator: Old Designator=C24 New Designator=C17
Change Component Designator: Old Designator=C25 New Designator=C18
Change Component Designator: Old Designator=C26 New Designator=C19
Change Component Designator: Old Designator=C27 New Designator=C20
Change Component Designator: Old Designator=C28 New Designator=C21
Change Component Designator: Old Designator=C29 New Designator=C22
Change Component Designator: Old Designator=C30 New Designator=C23
Change Component Designator: Old Designator=C31 New Designator=C24
Change Component Designator: Old Designator=C32 New Designator=C25
Change Component Designator: Old Designator=C33 New Designator=C26
Change Component Designator: Old Designator=C34 New Designator=C27
Change Component Designator: Old Designator=C35 New Designator=C28
Change Component Designator: Old Designator=C36 New Designator=C29
Change Component Designator: Old Designator=C37 New Designator=C30
Change Component Designator: Old Designator=C38 New Designator=C31
Change Component Designator: Old Designator=C39 New Designator=C32
Change Component Designator: Old Designator=C40 New Designator=C33
Change Component Designator: Old Designator=C41 New Designator=C34
Change Component Designator: Old Designator=C42 New Designator=C35
Change Component Designator: Old Designator=Q New Designator=Q1
Change Component Designator: Old Designator=R11 New Designator=R4
Change Component Designator: Old Designator=R12 New Designator=R5
Change Component Designator: Old Designator=R13 New Designator=R6
Change Component Designator: Old Designator=R14 New Designator=R7
Change Component Designator: Old Designator=R15 New Designator=R8
Change Component Designator: Old Designator=R16 New Designator=R9
Change Component Designator: Old Designator=R17 New Designator=R10
Change Component Designator: Old Designator=R18 New Designator=R11
Change Component Designator: Old Designator=R19 New Designator=R12
Change Component Designator: Old Designator=R20 New Designator=R13
Change Component Designator: Old Designator=R21 New Designator=R14
Change Component Designator: Old Designator=R22 New Designator=R15
Change Component Designator: Old Designator=R23 New Designator=R16
Change Component Designator: Old Designator=R24 New Designator=R17
Change Component Designator: Old Designator=R25 New Designator=R18
Change Component Designator: Old Designator=R26 New Designator=R19
Change Component Designator: Old Designator=R27 New Designator=R20
Change Component Designator: Old Designator=R28 New Designator=R21
Change Component Designator: Old Designator=R29 New Designator=R22
Change Component Designator: Old Designator=R30 New Designator=R23
Change Component Designator: Old Designator=R31 New Designator=R24
Change Component Designator: Old Designator=R32 New Designator=R25
Change Component Designator: Old Designator=R33 New Designator=R26
Change Component Designator: Old Designator=R34 New Designator=R27
Change Component Designator: Old Designator=R35 New Designator=R28
Change Component Designator: Old Designator=R36 New Designator=R29
Change Component Designator: Old Designator=R37 New Designator=R30
Change Component Designator: Old Designator=R38 New Designator=R31
Change Component Designator: Old Designator=R39 New Designator=R32
Change Component Designator: Old Designator=R40 New Designator=R33
Change Component Designator: Old Designator=R41 New Designator=R34
Change Component Designator: Old Designator=R42 New Designator=R35
Change Component Designator: Old Designator=U11 New Designator=U12
Change Component Designator: Old Designator=U12 New Designator=U13
Change Component Designator: Old Designator=U13 New Designator=U14
Change Component Designator: Old Designator=U* New Designator=U*1
Change Component Designator: Old Designator=U New Designator=U11
