ARM GAS  C:\Users\user\AppData\Local\Temp\ccoCg0sW.s 			page 1


   1              		.syntax unified
   2              		.cpu cortex-m3
   3              		.fpu softvfp
   4              		.eabi_attribute 20, 1
   5              		.eabi_attribute 21, 1
   6              		.eabi_attribute 23, 3
   7              		.eabi_attribute 24, 1
   8              		.eabi_attribute 25, 1
   9              		.eabi_attribute 26, 1
  10              		.eabi_attribute 30, 1
  11              		.eabi_attribute 34, 1
  12              		.eabi_attribute 18, 4
  13              		.thumb
  14              		.syntax unified
  15              		.file	"cymetadata.c"
  16              		.text
  17              	.Ltext0:
  18              		.cfi_sections	.debug_frame
  19              		.global	cy_metadata
  20              		.global	cy_meta_flashprotect
  21              		.global	cy_meta_wonvl
  22              		.global	cy_meta_custnvl
  23              		.global	cy_meta_configecc
  24              		.section	.cyconfigecc,"a",%progbits
  25              		.align	2
  26              		.type	cy_meta_configecc, %object
  27              		.size	cy_meta_configecc, 1568
  28              	cy_meta_configecc:
  29 0000 01       		.byte	1
  30 0001 45       		.byte	69
  31 0002 00       		.byte	0
  32 0003 40       		.byte	64
  33 0004 04       		.byte	4
  34 0005 52       		.byte	82
  35 0006 00       		.byte	0
  36 0007 40       		.byte	64
  37 0008 02       		.byte	2
  38 0009 64       		.byte	100
  39 000a 00       		.byte	0
  40 000b 40       		.byte	64
  41 000c 03       		.byte	3
  42 000d 65       		.byte	101
  43 000e 00       		.byte	0
  44 000f 40       		.byte	64
  45 0010 36       		.byte	54
  46 0011 00       		.byte	0
  47 0012 01       		.byte	1
  48 0013 40       		.byte	64
  49 0014 0A       		.byte	10
  50 0015 01       		.byte	1
  51 0016 01       		.byte	1
  52 0017 40       		.byte	64
  53 0018 1F       		.byte	31
  54 0019 02       		.byte	2
  55 001a 01       		.byte	1
  56 001b 40       		.byte	64
  57 001c 1A       		.byte	26
ARM GAS  C:\Users\user\AppData\Local\Temp\ccoCg0sW.s 			page 2


  58 001d 03       		.byte	3
  59 001e 01       		.byte	1
  60 001f 40       		.byte	64
  61 0020 42       		.byte	66
  62 0021 04       		.byte	4
  63 0022 01       		.byte	1
  64 0023 40       		.byte	64
  65 0024 1D       		.byte	29
  66 0025 05       		.byte	5
  67 0026 01       		.byte	1
  68 0027 40       		.byte	64
  69 0028 2A       		.byte	42
  70 0029 06       		.byte	6
  71 002a 01       		.byte	1
  72 002b 40       		.byte	64
  73 002c 22       		.byte	34
  74 002d 07       		.byte	7
  75 002e 01       		.byte	1
  76 002f 40       		.byte	64
  77 0030 02       		.byte	2
  78 0031 0D       		.byte	13
  79 0032 01       		.byte	1
  80 0033 40       		.byte	64
  81 0034 48       		.byte	72
  82 0035 14       		.byte	20
  83 0036 01       		.byte	1
  84 0037 40       		.byte	64
  85 0038 27       		.byte	39
  86 0039 15       		.byte	21
  87 003a 01       		.byte	1
  88 003b 40       		.byte	64
  89 003c 33       		.byte	51
  90 003d 16       		.byte	22
  91 003e 01       		.byte	1
  92 003f 40       		.byte	64
  93 0040 33       		.byte	51
  94 0041 17       		.byte	23
  95 0042 01       		.byte	1
  96 0043 40       		.byte	64
  97 0044 36       		.byte	54
  98 0045 18       		.byte	24
  99 0046 01       		.byte	1
 100 0047 40       		.byte	64
 101 0048 15       		.byte	21
 102 0049 19       		.byte	25
 103 004a 01       		.byte	1
 104 004b 40       		.byte	64
 105 004c 1F       		.byte	31
 106 004d 1A       		.byte	26
 107 004e 01       		.byte	1
 108 004f 40       		.byte	64
 109 0050 15       		.byte	21
 110 0051 1B       		.byte	27
 111 0052 01       		.byte	1
 112 0053 40       		.byte	64
 113 0054 04       		.byte	4
 114 0055 40       		.byte	64
ARM GAS  C:\Users\user\AppData\Local\Temp\ccoCg0sW.s 			page 3


 115 0056 01       		.byte	1
 116 0057 40       		.byte	64
 117 0058 0C       		.byte	12
 118 0059 41       		.byte	65
 119 005a 01       		.byte	1
 120 005b 40       		.byte	64
 121 005c 03       		.byte	3
 122 005d 42       		.byte	66
 123 005e 01       		.byte	1
 124 005f 40       		.byte	64
 125 0060 05       		.byte	5
 126 0061 43       		.byte	67
 127 0062 01       		.byte	1
 128 0063 40       		.byte	64
 129 0064 03       		.byte	3
 130 0065 45       		.byte	69
 131 0066 01       		.byte	1
 132 0067 40       		.byte	64
 133 0068 02       		.byte	2
 134 0069 46       		.byte	70
 135 006a 01       		.byte	1
 136 006b 40       		.byte	64
 137 006c 08       		.byte	8
 138 006d 47       		.byte	71
 139 006e 01       		.byte	1
 140 006f 40       		.byte	64
 141 0070 05       		.byte	5
 142 0071 48       		.byte	72
 143 0072 01       		.byte	1
 144 0073 40       		.byte	64
 145 0074 05       		.byte	5
 146 0075 49       		.byte	73
 147 0076 01       		.byte	1
 148 0077 40       		.byte	64
 149 0078 02       		.byte	2
 150 0079 4C       		.byte	76
 151 007a 01       		.byte	1
 152 007b 40       		.byte	64
 153 007c 06       		.byte	6
 154 007d 50       		.byte	80
 155 007e 01       		.byte	1
 156 007f 40       		.byte	64
 157 0080 01       		.byte	1
 158 0081 51       		.byte	81
 159 0082 01       		.byte	1
 160 0083 40       		.byte	64
 161 0084 7E       		.byte	126
 162 0085 02       		.byte	2
 163 0086 00       		.byte	0
 164 0087 01       		.byte	1
 165 0088 01       		.byte	1
 166 0089 03       		.byte	3
 167 008a 18       		.byte	24
 168 008b 02       		.byte	2
 169 008c 7C       		.byte	124
 170 008d 40       		.byte	64
 171 008e 82       		.byte	-126
ARM GAS  C:\Users\user\AppData\Local\Temp\ccoCg0sW.s 			page 4


 172 008f 01       		.byte	1
 173 0090 86       		.byte	-122
 174 0091 01       		.byte	1
 175 0092 86       		.byte	-122
 176 0093 01       		.byte	1
 177 0094 87       		.byte	-121
 178 0095 7F       		.byte	127
 179 0096 8A       		.byte	-118
 180 0097 01       		.byte	1
 181 0098 40       		.byte	64
 182 0099 20       		.byte	32
 183 009a 41       		.byte	65
 184 009b 04       		.byte	4
 185 009c 44       		.byte	68
 186 009d 06       		.byte	6
 187 009e 47       		.byte	71
 188 009f B0       		.byte	-80
 189 00a0 48       		.byte	72
 190 00a1 20       		.byte	32
 191 00a2 49       		.byte	73
 192 00a3 FF       		.byte	-1
 193 00a4 4A       		.byte	74
 194 00a5 FF       		.byte	-1
 195 00a6 4B       		.byte	75
 196 00a7 FF       		.byte	-1
 197 00a8 4C       		.byte	76
 198 00a9 EF       		.byte	-17
 199 00aa 4D       		.byte	77
 200 00ab 55       		.byte	85
 201 00ac 4E       		.byte	78
 202 00ad 70       		.byte	112
 203 00ae 4F       		.byte	79
 204 00af 48       		.byte	72
 205 00b0 50       		.byte	80
 206 00b1 1C       		.byte	28
 207 00b2 5A       		.byte	90
 208 00b3 04       		.byte	4
 209 00b4 5D       		.byte	93
 210 00b5 09       		.byte	9
 211 00b6 5F       		.byte	95
 212 00b7 01       		.byte	1
 213 00b8 61       		.byte	97
 214 00b9 08       		.byte	8
 215 00ba 63       		.byte	99
 216 00bb 08       		.byte	8
 217 00bc 65       		.byte	101
 218 00bd 08       		.byte	8
 219 00be 67       		.byte	103
 220 00bf 08       		.byte	8
 221 00c0 68       		.byte	104
 222 00c1 50       		.byte	80
 223 00c2 69       		.byte	105
 224 00c3 0A       		.byte	10
 225 00c4 6A       		.byte	106
 226 00c5 40       		.byte	64
 227 00c6 6B       		.byte	107
 228 00c7 A8       		.byte	-88
ARM GAS  C:\Users\user\AppData\Local\Temp\ccoCg0sW.s 			page 5


 229 00c8 6C       		.byte	108
 230 00c9 C0       		.byte	-64
 231 00ca 6E       		.byte	110
 232 00cb 40       		.byte	64
 233 00cc 6F       		.byte	111
 234 00cd A8       		.byte	-88
 235 00ce C0       		.byte	-64
 236 00cf 60       		.byte	96
 237 00d0 C1       		.byte	-63
 238 00d1 04       		.byte	4
 239 00d2 C4       		.byte	-60
 240 00d3 02       		.byte	2
 241 00d4 C9       		.byte	-55
 242 00d5 FF       		.byte	-1
 243 00d6 CA       		.byte	-54
 244 00d7 FF       		.byte	-1
 245 00d8 CB       		.byte	-53
 246 00d9 FF       		.byte	-1
 247 00da CC       		.byte	-52
 248 00db EF       		.byte	-17
 249 00dc CD       		.byte	-51
 250 00dd 55       		.byte	85
 251 00de CE       		.byte	-50
 252 00df 72       		.byte	114
 253 00e0 CF       		.byte	-49
 254 00e1 48       		.byte	72
 255 00e2 D0       		.byte	-48
 256 00e3 1C       		.byte	28
 257 00e4 D2       		.byte	-46
 258 00e5 01       		.byte	1
 259 00e6 DA       		.byte	-38
 260 00e7 04       		.byte	4
 261 00e8 DB       		.byte	-37
 262 00e9 04       		.byte	4
 263 00ea DD       		.byte	-35
 264 00eb 99       		.byte	-103
 265 00ec DF       		.byte	-33
 266 00ed 01       		.byte	1
 267 00ee E1       		.byte	-31
 268 00ef 08       		.byte	8
 269 00f0 E3       		.byte	-29
 270 00f1 08       		.byte	8
 271 00f2 E5       		.byte	-27
 272 00f3 08       		.byte	8
 273 00f4 E7       		.byte	-25
 274 00f5 08       		.byte	8
 275 00f6 E8       		.byte	-24
 276 00f7 50       		.byte	80
 277 00f8 E9       		.byte	-23
 278 00f9 0A       		.byte	10
 279 00fa EA       		.byte	-22
 280 00fb 40       		.byte	64
 281 00fc EB       		.byte	-21
 282 00fd A8       		.byte	-88
 283 00fe EC       		.byte	-20
 284 00ff C0       		.byte	-64
 285 0100 EE       		.byte	-18
ARM GAS  C:\Users\user\AppData\Local\Temp\ccoCg0sW.s 			page 6


 286 0101 40       		.byte	64
 287 0102 EF       		.byte	-17
 288 0103 A8       		.byte	-88
 289 0104 40       		.byte	64
 290 0105 04       		.byte	4
 291 0106 43       		.byte	67
 292 0107 01       		.byte	1
 293 0108 46       		.byte	70
 294 0109 04       		.byte	4
 295 010a 47       		.byte	71
 296 010b 01       		.byte	1
 297 010c 48       		.byte	72
 298 010d 08       		.byte	8
 299 010e 4F       		.byte	79
 300 010f 20       		.byte	32
 301 0110 52       		.byte	82
 302 0111 02       		.byte	2
 303 0112 6F       		.byte	111
 304 0113 01       		.byte	1
 305 0114 D0       		.byte	-48
 306 0115 A5       		.byte	-91
 307 0116 D2       		.byte	-46
 308 0117 24       		.byte	36
 309 0118 40       		.byte	64
 310 0119 60       		.byte	96
 311 011a 41       		.byte	65
 312 011b 04       		.byte	4
 313 011c 44       		.byte	68
 314 011d 02       		.byte	2
 315 011e 45       		.byte	69
 316 011f ED       		.byte	-19
 317 0120 46       		.byte	70
 318 0121 0C       		.byte	12
 319 0122 47       		.byte	71
 320 0123 0F       		.byte	15
 321 0124 48       		.byte	72
 322 0125 17       		.byte	23
 323 0126 49       		.byte	73
 324 0127 FF       		.byte	-1
 325 0128 4A       		.byte	74
 326 0129 FF       		.byte	-1
 327 012a 4B       		.byte	75
 328 012b FF       		.byte	-1
 329 012c 4C       		.byte	76
 330 012d EA       		.byte	-22
 331 012e 4D       		.byte	77
 332 012f 55       		.byte	85
 333 0130 4E       		.byte	78
 334 0131 F2       		.byte	-14
 335 0132 4F       		.byte	79
 336 0133 48       		.byte	72
 337 0134 50       		.byte	80
 338 0135 1C       		.byte	28
 339 0136 54       		.byte	84
 340 0137 01       		.byte	1
 341 0138 5A       		.byte	90
 342 0139 04       		.byte	4
ARM GAS  C:\Users\user\AppData\Local\Temp\ccoCg0sW.s 			page 7


 343 013a 5B       		.byte	91
 344 013b 04       		.byte	4
 345 013c 5D       		.byte	93
 346 013d 99       		.byte	-103
 347 013e 5F       		.byte	95
 348 013f 01       		.byte	1
 349 0140 61       		.byte	97
 350 0141 08       		.byte	8
 351 0142 63       		.byte	99
 352 0143 08       		.byte	8
 353 0144 65       		.byte	101
 354 0145 08       		.byte	8
 355 0146 67       		.byte	103
 356 0147 08       		.byte	8
 357 0148 68       		.byte	104
 358 0149 50       		.byte	80
 359 014a 69       		.byte	105
 360 014b 0A       		.byte	10
 361 014c 6A       		.byte	106
 362 014d 40       		.byte	64
 363 014e 6B       		.byte	107
 364 014f A8       		.byte	-88
 365 0150 6C       		.byte	108
 366 0151 C0       		.byte	-64
 367 0152 6E       		.byte	110
 368 0153 40       		.byte	64
 369 0154 6F       		.byte	111
 370 0155 A8       		.byte	-88
 371 0156 29       		.byte	41
 372 0157 02       		.byte	2
 373 0158 2B       		.byte	43
 374 0159 80       		.byte	-128
 375 015a 46       		.byte	70
 376 015b 04       		.byte	4
 377 015c 47       		.byte	71
 378 015d 01       		.byte	1
 379 015e 4F       		.byte	79
 380 015f 25       		.byte	37
 381 0160 56       		.byte	86
 382 0161 08       		.byte	8
 383 0162 57       		.byte	87
 384 0163 80       		.byte	-128
 385 0164 5C       		.byte	92
 386 0165 80       		.byte	-128
 387 0166 5D       		.byte	93
 388 0167 02       		.byte	2
 389 0168 66       		.byte	102
 390 0169 08       		.byte	8
 391 016a 67       		.byte	103
 392 016b 05       		.byte	5
 393 016c 80       		.byte	-128
 394 016d 80       		.byte	-128
 395 016e 83       		.byte	-125
 396 016f 10       		.byte	16
 397 0170 8F       		.byte	-113
 398 0171 20       		.byte	32
 399 0172 94       		.byte	-108
ARM GAS  C:\Users\user\AppData\Local\Temp\ccoCg0sW.s 			page 8


 400 0173 04       		.byte	4
 401 0174 9B       		.byte	-101
 402 0175 01       		.byte	1
 403 0176 9E       		.byte	-98
 404 0177 04       		.byte	4
 405 0178 A2       		.byte	-94
 406 0179 02       		.byte	2
 407 017a A4       		.byte	-92
 408 017b 08       		.byte	8
 409 017c A7       		.byte	-89
 410 017d 10       		.byte	16
 411 017e D0       		.byte	-48
 412 017f A0       		.byte	-96
 413 0180 D2       		.byte	-46
 414 0181 20       		.byte	32
 415 0182 D6       		.byte	-42
 416 0183 90       		.byte	-112
 417 0184 D8       		.byte	-40
 418 0185 70       		.byte	112
 419 0186 E2       		.byte	-30
 420 0187 48       		.byte	72
 421 0188 EA       		.byte	-22
 422 0189 04       		.byte	4
 423 018a 08       		.byte	8
 424 018b 01       		.byte	1
 425 018c 0F       		.byte	15
 426 018d 01       		.byte	1
 427 018e 1E       		.byte	30
 428 018f 03       		.byte	3
 429 0190 30       		.byte	48
 430 0191 01       		.byte	1
 431 0192 31       		.byte	49
 432 0193 01       		.byte	1
 433 0194 32       		.byte	50
 434 0195 02       		.byte	2
 435 0196 34       		.byte	52
 436 0197 01       		.byte	1
 437 0198 3E       		.byte	62
 438 0199 11       		.byte	17
 439 019a 40       		.byte	64
 440 019b 20       		.byte	32
 441 019c 41       		.byte	65
 442 019d 04       		.byte	4
 443 019e 44       		.byte	68
 444 019f 05       		.byte	5
 445 01a0 47       		.byte	71
 446 01a1 0B       		.byte	11
 447 01a2 48       		.byte	72
 448 01a3 10       		.byte	16
 449 01a4 49       		.byte	73
 450 01a5 FF       		.byte	-1
 451 01a6 4A       		.byte	74
 452 01a7 FF       		.byte	-1
 453 01a8 4B       		.byte	75
 454 01a9 FF       		.byte	-1
 455 01aa 4C       		.byte	76
 456 01ab EF       		.byte	-17
ARM GAS  C:\Users\user\AppData\Local\Temp\ccoCg0sW.s 			page 9


 457 01ac 4D       		.byte	77
 458 01ad 55       		.byte	85
 459 01ae 4E       		.byte	78
 460 01af 70       		.byte	112
 461 01b0 4F       		.byte	79
 462 01b1 48       		.byte	72
 463 01b2 50       		.byte	80
 464 01b3 1C       		.byte	28
 465 01b4 58       		.byte	88
 466 01b5 04       		.byte	4
 467 01b6 59       		.byte	89
 468 01b7 08       		.byte	8
 469 01b8 5A       		.byte	90
 470 01b9 04       		.byte	4
 471 01ba 5B       		.byte	91
 472 01bb 04       		.byte	4
 473 01bc 5C       		.byte	92
 474 01bd 99       		.byte	-103
 475 01be 5D       		.byte	93
 476 01bf 09       		.byte	9
 477 01c0 5F       		.byte	95
 478 01c1 01       		.byte	1
 479 01c2 61       		.byte	97
 480 01c3 08       		.byte	8
 481 01c4 63       		.byte	99
 482 01c5 08       		.byte	8
 483 01c6 65       		.byte	101
 484 01c7 08       		.byte	8
 485 01c8 67       		.byte	103
 486 01c9 08       		.byte	8
 487 01ca 68       		.byte	104
 488 01cb 50       		.byte	80
 489 01cc 69       		.byte	105
 490 01cd 0A       		.byte	10
 491 01ce 6A       		.byte	106
 492 01cf 40       		.byte	64
 493 01d0 6B       		.byte	107
 494 01d1 A8       		.byte	-88
 495 01d2 6C       		.byte	108
 496 01d3 C0       		.byte	-64
 497 01d4 6E       		.byte	110
 498 01d5 40       		.byte	64
 499 01d6 6F       		.byte	111
 500 01d7 A8       		.byte	-88
 501 01d8 C0       		.byte	-64
 502 01d9 60       		.byte	96
 503 01da C1       		.byte	-63
 504 01db 04       		.byte	4
 505 01dc C4       		.byte	-60
 506 01dd 05       		.byte	5
 507 01de C9       		.byte	-55
 508 01df FF       		.byte	-1
 509 01e0 CA       		.byte	-54
 510 01e1 FF       		.byte	-1
 511 01e2 CB       		.byte	-53
 512 01e3 FF       		.byte	-1
 513 01e4 CC       		.byte	-52
ARM GAS  C:\Users\user\AppData\Local\Temp\ccoCg0sW.s 			page 10


 514 01e5 EF       		.byte	-17
 515 01e6 CD       		.byte	-51
 516 01e7 55       		.byte	85
 517 01e8 CE       		.byte	-50
 518 01e9 72       		.byte	114
 519 01ea CF       		.byte	-49
 520 01eb 48       		.byte	72
 521 01ec D0       		.byte	-48
 522 01ed 1C       		.byte	28
 523 01ee D2       		.byte	-46
 524 01ef 01       		.byte	1
 525 01f0 DA       		.byte	-38
 526 01f1 04       		.byte	4
 527 01f2 DB       		.byte	-37
 528 01f3 04       		.byte	4
 529 01f4 DD       		.byte	-35
 530 01f5 99       		.byte	-103
 531 01f6 DF       		.byte	-33
 532 01f7 01       		.byte	1
 533 01f8 E1       		.byte	-31
 534 01f9 08       		.byte	8
 535 01fa E3       		.byte	-29
 536 01fb 08       		.byte	8
 537 01fc E5       		.byte	-27
 538 01fd 08       		.byte	8
 539 01fe E7       		.byte	-25
 540 01ff 08       		.byte	8
 541 0200 E8       		.byte	-24
 542 0201 50       		.byte	80
 543 0202 E9       		.byte	-23
 544 0203 0A       		.byte	10
 545 0204 EA       		.byte	-22
 546 0205 40       		.byte	64
 547 0206 EB       		.byte	-21
 548 0207 A8       		.byte	-88
 549 0208 EC       		.byte	-20
 550 0209 C0       		.byte	-64
 551 020a EE       		.byte	-18
 552 020b 40       		.byte	64
 553 020c EF       		.byte	-17
 554 020d A8       		.byte	-88
 555 020e 00       		.byte	0
 556 020f 10       		.byte	16
 557 0210 0A       		.byte	10
 558 0211 02       		.byte	2
 559 0212 18       		.byte	24
 560 0213 14       		.byte	20
 561 0214 1A       		.byte	26
 562 0215 40       		.byte	64
 563 0216 1B       		.byte	27
 564 0217 10       		.byte	16
 565 0218 22       		.byte	34
 566 0219 01       		.byte	1
 567 021a 39       		.byte	57
 568 021b 40       		.byte	64
 569 021c 40       		.byte	64
 570 021d 04       		.byte	4
ARM GAS  C:\Users\user\AppData\Local\Temp\ccoCg0sW.s 			page 11


 571 021e 43       		.byte	67
 572 021f 01       		.byte	1
 573 0220 47       		.byte	71
 574 0221 01       		.byte	1
 575 0222 4A       		.byte	74
 576 0223 02       		.byte	2
 577 0224 4E       		.byte	78
 578 0225 02       		.byte	2
 579 0226 4F       		.byte	79
 580 0227 20       		.byte	32
 581 0228 50       		.byte	80
 582 0229 0C       		.byte	12
 583 022a 52       		.byte	82
 584 022b 04       		.byte	4
 585 022c 69       		.byte	105
 586 022d 50       		.byte	80
 587 022e 6F       		.byte	111
 588 022f 01       		.byte	1
 589 0230 78       		.byte	120
 590 0231 80       		.byte	-128
 591 0232 94       		.byte	-108
 592 0233 04       		.byte	4
 593 0234 9E       		.byte	-98
 594 0235 04       		.byte	4
 595 0236 A2       		.byte	-94
 596 0237 02       		.byte	2
 597 0238 A4       		.byte	-92
 598 0239 08       		.byte	8
 599 023a A7       		.byte	-89
 600 023b 30       		.byte	48
 601 023c C0       		.byte	-64
 602 023d 02       		.byte	2
 603 023e C2       		.byte	-62
 604 023f 01       		.byte	1
 605 0240 CE       		.byte	-50
 606 0241 08       		.byte	8
 607 0242 D0       		.byte	-48
 608 0243 85       		.byte	-123
 609 0244 D2       		.byte	-46
 610 0245 38       		.byte	56
 611 0246 DE       		.byte	-34
 612 0247 08       		.byte	8
 613 0248 40       		.byte	64
 614 0249 60       		.byte	96
 615 024a 41       		.byte	65
 616 024b 04       		.byte	4
 617 024c 44       		.byte	68
 618 024d 05       		.byte	5
 619 024e 45       		.byte	69
 620 024f 0D       		.byte	13
 621 0250 46       		.byte	70
 622 0251 0E       		.byte	14
 623 0252 47       		.byte	71
 624 0253 CF       		.byte	-49
 625 0254 48       		.byte	72
 626 0255 35       		.byte	53
 627 0256 49       		.byte	73
ARM GAS  C:\Users\user\AppData\Local\Temp\ccoCg0sW.s 			page 12


 628 0257 FF       		.byte	-1
 629 0258 4A       		.byte	74
 630 0259 FF       		.byte	-1
 631 025a 4B       		.byte	75
 632 025b FF       		.byte	-1
 633 025c 4C       		.byte	76
 634 025d EA       		.byte	-22
 635 025e 4D       		.byte	77
 636 025f 55       		.byte	85
 637 0260 4E       		.byte	78
 638 0261 F2       		.byte	-14
 639 0262 4F       		.byte	79
 640 0263 48       		.byte	72
 641 0264 50       		.byte	80
 642 0265 1C       		.byte	28
 643 0266 54       		.byte	84
 644 0267 01       		.byte	1
 645 0268 5A       		.byte	90
 646 0269 04       		.byte	4
 647 026a 5B       		.byte	91
 648 026b 04       		.byte	4
 649 026c 5D       		.byte	93
 650 026d 99       		.byte	-103
 651 026e 5F       		.byte	95
 652 026f 01       		.byte	1
 653 0270 61       		.byte	97
 654 0271 08       		.byte	8
 655 0272 63       		.byte	99
 656 0273 08       		.byte	8
 657 0274 65       		.byte	101
 658 0275 08       		.byte	8
 659 0276 67       		.byte	103
 660 0277 08       		.byte	8
 661 0278 68       		.byte	104
 662 0279 50       		.byte	80
 663 027a 69       		.byte	105
 664 027b 0A       		.byte	10
 665 027c 6A       		.byte	106
 666 027d 40       		.byte	64
 667 027e 6B       		.byte	107
 668 027f A8       		.byte	-88
 669 0280 6C       		.byte	108
 670 0281 C0       		.byte	-64
 671 0282 6E       		.byte	110
 672 0283 40       		.byte	64
 673 0284 6F       		.byte	111
 674 0285 A8       		.byte	-88
 675 0286 8B       		.byte	-117
 676 0287 01       		.byte	1
 677 0288 8C       		.byte	-116
 678 0289 01       		.byte	1
 679 028a 9A       		.byte	-102
 680 028b 03       		.byte	3
 681 028c B0       		.byte	-80
 682 028d 02       		.byte	2
 683 028e B4       		.byte	-76
 684 028f 01       		.byte	1
ARM GAS  C:\Users\user\AppData\Local\Temp\ccoCg0sW.s 			page 13


 685 0290 B5       		.byte	-75
 686 0291 01       		.byte	1
 687 0292 BE       		.byte	-66
 688 0293 10       		.byte	16
 689 0294 D8       		.byte	-40
 690 0295 04       		.byte	4
 691 0296 D9       		.byte	-39
 692 0297 08       		.byte	8
 693 0298 DC       		.byte	-36
 694 0299 99       		.byte	-103
 695 029a DF       		.byte	-33
 696 029b 01       		.byte	1
 697 029c 00       		.byte	0
 698 029d 40       		.byte	64
 699 029e 09       		.byte	9
 700 029f 20       		.byte	32
 701 02a0 18       		.byte	24
 702 02a1 40       		.byte	64
 703 02a2 19       		.byte	25
 704 02a3 20       		.byte	32
 705 02a4 21       		.byte	33
 706 02a5 20       		.byte	32
 707 02a6 39       		.byte	57
 708 02a7 10       		.byte	16
 709 02a8 3C       		.byte	60
 710 02a9 01       		.byte	1
 711 02aa 3D       		.byte	61
 712 02ab 02       		.byte	2
 713 02ac 47       		.byte	71
 714 02ad 01       		.byte	1
 715 02ae 4E       		.byte	78
 716 02af 02       		.byte	2
 717 02b0 4F       		.byte	79
 718 02b1 24       		.byte	36
 719 02b2 55       		.byte	85
 720 02b3 01       		.byte	1
 721 02b4 56       		.byte	86
 722 02b5 48       		.byte	72
 723 02b6 5C       		.byte	92
 724 02b7 01       		.byte	1
 725 02b8 5E       		.byte	94
 726 02b9 40       		.byte	64
 727 02ba 66       		.byte	102
 728 02bb 48       		.byte	72
 729 02bc 67       		.byte	103
 730 02bd 04       		.byte	4
 731 02be 78       		.byte	120
 732 02bf 80       		.byte	-128
 733 02c0 90       		.byte	-112
 734 02c1 08       		.byte	8
 735 02c2 91       		.byte	-111
 736 02c3 10       		.byte	16
 737 02c4 92       		.byte	-110
 738 02c5 40       		.byte	64
 739 02c6 9B       		.byte	-101
 740 02c7 01       		.byte	1
 741 02c8 9C       		.byte	-100
ARM GAS  C:\Users\user\AppData\Local\Temp\ccoCg0sW.s 			page 14


 742 02c9 80       		.byte	-128
 743 02ca A2       		.byte	-94
 744 02cb 02       		.byte	2
 745 02cc A3       		.byte	-93
 746 02cd 10       		.byte	16
 747 02ce A7       		.byte	-89
 748 02cf 20       		.byte	32
 749 02d0 C0       		.byte	-64
 750 02d1 01       		.byte	1
 751 02d2 C2       		.byte	-62
 752 02d3 02       		.byte	2
 753 02d4 CE       		.byte	-50
 754 02d5 04       		.byte	4
 755 02d6 D0       		.byte	-48
 756 02d7 80       		.byte	-128
 757 02d8 D2       		.byte	-46
 758 02d9 30       		.byte	48
 759 02da D6       		.byte	-42
 760 02db 90       		.byte	-112
 761 02dc D8       		.byte	-40
 762 02dd 70       		.byte	112
 763 02de DE       		.byte	-34
 764 02df 08       		.byte	8
 765 02e0 E2       		.byte	-30
 766 02e1 08       		.byte	8
 767 02e2 EA       		.byte	-22
 768 02e3 04       		.byte	4
 769 02e4 05       		.byte	5
 770 02e5 0A       		.byte	10
 771 02e6 07       		.byte	7
 772 02e7 34       		.byte	52
 773 02e8 09       		.byte	9
 774 02e9 12       		.byte	18
 775 02ea 0B       		.byte	11
 776 02eb 2C       		.byte	44
 777 02ec 19       		.byte	25
 778 02ed 1C       		.byte	28
 779 02ee 1A       		.byte	26
 780 02ef 01       		.byte	1
 781 02f0 1B       		.byte	27
 782 02f1 22       		.byte	34
 783 02f2 23       		.byte	35
 784 02f3 01       		.byte	1
 785 02f4 2F       		.byte	47
 786 02f5 01       		.byte	1
 787 02f6 33       		.byte	51
 788 02f7 01       		.byte	1
 789 02f8 34       		.byte	52
 790 02f9 01       		.byte	1
 791 02fa 35       		.byte	53
 792 02fb 06       		.byte	6
 793 02fc 37       		.byte	55
 794 02fd 3A       		.byte	58
 795 02fe 3B       		.byte	59
 796 02ff 20       		.byte	32
 797 0300 3F       		.byte	63
 798 0301 04       		.byte	4
ARM GAS  C:\Users\user\AppData\Local\Temp\ccoCg0sW.s 			page 15


 799 0302 40       		.byte	64
 800 0303 60       		.byte	96
 801 0304 41       		.byte	65
 802 0305 05       		.byte	5
 803 0306 44       		.byte	68
 804 0307 02       		.byte	2
 805 0308 46       		.byte	70
 806 0309 B0       		.byte	-80
 807 030a 48       		.byte	72
 808 030b 08       		.byte	8
 809 030c 49       		.byte	73
 810 030d FF       		.byte	-1
 811 030e 4A       		.byte	74
 812 030f FF       		.byte	-1
 813 0310 4B       		.byte	75
 814 0311 FF       		.byte	-1
 815 0312 4C       		.byte	76
 816 0313 EF       		.byte	-17
 817 0314 4D       		.byte	77
 818 0315 55       		.byte	85
 819 0316 4E       		.byte	78
 820 0317 70       		.byte	112
 821 0318 4F       		.byte	79
 822 0319 48       		.byte	72
 823 031a 50       		.byte	80
 824 031b 1C       		.byte	28
 825 031c 58       		.byte	88
 826 031d 04       		.byte	4
 827 031e 59       		.byte	89
 828 031f 24       		.byte	36
 829 0320 5A       		.byte	90
 830 0321 04       		.byte	4
 831 0322 5C       		.byte	92
 832 0323 98       		.byte	-104
 833 0324 5D       		.byte	93
 834 0325 09       		.byte	9
 835 0326 5F       		.byte	95
 836 0327 11       		.byte	17
 837 0328 61       		.byte	97
 838 0329 08       		.byte	8
 839 032a 63       		.byte	99
 840 032b 08       		.byte	8
 841 032c 65       		.byte	101
 842 032d 08       		.byte	8
 843 032e 67       		.byte	103
 844 032f 08       		.byte	8
 845 0330 68       		.byte	104
 846 0331 50       		.byte	80
 847 0332 69       		.byte	105
 848 0333 0A       		.byte	10
 849 0334 6A       		.byte	106
 850 0335 40       		.byte	64
 851 0336 6B       		.byte	107
 852 0337 A8       		.byte	-88
 853 0338 6C       		.byte	108
 854 0339 C0       		.byte	-64
 855 033a 6E       		.byte	110
ARM GAS  C:\Users\user\AppData\Local\Temp\ccoCg0sW.s 			page 16


 856 033b 40       		.byte	64
 857 033c 6F       		.byte	111
 858 033d A8       		.byte	-88
 859 033e C0       		.byte	-64
 860 033f 60       		.byte	96
 861 0340 C1       		.byte	-63
 862 0341 04       		.byte	4
 863 0342 C4       		.byte	-60
 864 0343 02       		.byte	2
 865 0344 C9       		.byte	-55
 866 0345 FF       		.byte	-1
 867 0346 CA       		.byte	-54
 868 0347 FF       		.byte	-1
 869 0348 CB       		.byte	-53
 870 0349 FF       		.byte	-1
 871 034a CC       		.byte	-52
 872 034b EF       		.byte	-17
 873 034c CD       		.byte	-51
 874 034d 55       		.byte	85
 875 034e CE       		.byte	-50
 876 034f 72       		.byte	114
 877 0350 CF       		.byte	-49
 878 0351 48       		.byte	72
 879 0352 D0       		.byte	-48
 880 0353 1C       		.byte	28
 881 0354 D2       		.byte	-46
 882 0355 01       		.byte	1
 883 0356 DA       		.byte	-38
 884 0357 04       		.byte	4
 885 0358 DB       		.byte	-37
 886 0359 04       		.byte	4
 887 035a DD       		.byte	-35
 888 035b 99       		.byte	-103
 889 035c DF       		.byte	-33
 890 035d 01       		.byte	1
 891 035e E1       		.byte	-31
 892 035f 08       		.byte	8
 893 0360 E3       		.byte	-29
 894 0361 08       		.byte	8
 895 0362 E5       		.byte	-27
 896 0363 08       		.byte	8
 897 0364 E7       		.byte	-25
 898 0365 08       		.byte	8
 899 0366 E8       		.byte	-24
 900 0367 50       		.byte	80
 901 0368 E9       		.byte	-23
 902 0369 0A       		.byte	10
 903 036a EA       		.byte	-22
 904 036b 40       		.byte	64
 905 036c EB       		.byte	-21
 906 036d A8       		.byte	-88
 907 036e EC       		.byte	-20
 908 036f C0       		.byte	-64
 909 0370 EE       		.byte	-18
 910 0371 40       		.byte	64
 911 0372 EF       		.byte	-17
 912 0373 A8       		.byte	-88
ARM GAS  C:\Users\user\AppData\Local\Temp\ccoCg0sW.s 			page 17


 913 0374 09       		.byte	9
 914 0375 20       		.byte	32
 915 0376 1B       		.byte	27
 916 0377 20       		.byte	32
 917 0378 21       		.byte	33
 918 0379 60       		.byte	96
 919 037a 22       		.byte	34
 920 037b 08       		.byte	8
 921 037c 23       		.byte	35
 922 037d 01       		.byte	1
 923 037e 29       		.byte	41
 924 037f 01       		.byte	1
 925 0380 2A       		.byte	42
 926 0381 80       		.byte	-128
 927 0382 31       		.byte	49
 928 0383 20       		.byte	32
 929 0384 38       		.byte	56
 930 0385 28       		.byte	40
 931 0386 40       		.byte	64
 932 0387 08       		.byte	8
 933 0388 44       		.byte	68
 934 0389 08       		.byte	8
 935 038a 47       		.byte	71
 936 038b 01       		.byte	1
 937 038c 48       		.byte	72
 938 038d 02       		.byte	2
 939 038e 49       		.byte	73
 940 038f 20       		.byte	32
 941 0390 4D       		.byte	77
 942 0391 20       		.byte	32
 943 0392 50       		.byte	80
 944 0393 10       		.byte	16
 945 0394 6C       		.byte	108
 946 0395 02       		.byte	2
 947 0396 6D       		.byte	109
 948 0397 80       		.byte	-128
 949 0398 6F       		.byte	111
 950 0399 01       		.byte	1
 951 039a 7A       		.byte	122
 952 039b 08       		.byte	8
 953 039c 83       		.byte	-125
 954 039d 01       		.byte	1
 955 039e 8C       		.byte	-116
 956 039f 04       		.byte	4
 957 03a0 90       		.byte	-112
 958 03a1 0C       		.byte	12
 959 03a2 95       		.byte	-107
 960 03a3 80       		.byte	-128
 961 03a4 98       		.byte	-104
 962 03a5 08       		.byte	8
 963 03a6 99       		.byte	-103
 964 03a7 21       		.byte	33
 965 03a8 9A       		.byte	-102
 966 03a9 80       		.byte	-128
 967 03aa A5       		.byte	-91
 968 03ab 40       		.byte	64
 969 03ac A7       		.byte	-89
ARM GAS  C:\Users\user\AppData\Local\Temp\ccoCg0sW.s 			page 18


 970 03ad 20       		.byte	32
 971 03ae AA       		.byte	-86
 972 03af 10       		.byte	16
 973 03b0 C2       		.byte	-62
 974 03b1 02       		.byte	2
 975 03b2 CA       		.byte	-54
 976 03b3 09       		.byte	9
 977 03b4 CC       		.byte	-52
 978 03b5 04       		.byte	4
 979 03b6 CE       		.byte	-50
 980 03b7 06       		.byte	6
 981 03b8 D0       		.byte	-48
 982 03b9 A4       		.byte	-92
 983 03ba D2       		.byte	-46
 984 03bb 2C       		.byte	44
 985 03bc DE       		.byte	-34
 986 03bd 04       		.byte	4
 987 03be E0       		.byte	-32
 988 03bf 01       		.byte	1
 989 03c0 E6       		.byte	-26
 990 03c1 40       		.byte	64
 991 03c2 40       		.byte	64
 992 03c3 60       		.byte	96
 993 03c4 41       		.byte	65
 994 03c5 01       		.byte	1
 995 03c6 44       		.byte	68
 996 03c7 02       		.byte	2
 997 03c8 45       		.byte	69
 998 03c9 ED       		.byte	-19
 999 03ca 46       		.byte	70
 1000 03cb 0C       		.byte	12
 1001 03cc 47       		.byte	71
 1002 03cd 0F       		.byte	15
 1003 03ce 48       		.byte	72
 1004 03cf 17       		.byte	23
 1005 03d0 49       		.byte	73
 1006 03d1 FF       		.byte	-1
 1007 03d2 4A       		.byte	74
 1008 03d3 FF       		.byte	-1
 1009 03d4 4B       		.byte	75
 1010 03d5 FF       		.byte	-1
 1011 03d6 4C       		.byte	76
 1012 03d7 EA       		.byte	-22
 1013 03d8 4D       		.byte	77
 1014 03d9 55       		.byte	85
 1015 03da 4E       		.byte	78
 1016 03db F2       		.byte	-14
 1017 03dc 4F       		.byte	79
 1018 03dd 48       		.byte	72
 1019 03de 50       		.byte	80
 1020 03df 1C       		.byte	28
 1021 03e0 54       		.byte	84
 1022 03e1 01       		.byte	1
 1023 03e2 5A       		.byte	90
 1024 03e3 04       		.byte	4
 1025 03e4 5B       		.byte	91
 1026 03e5 04       		.byte	4
ARM GAS  C:\Users\user\AppData\Local\Temp\ccoCg0sW.s 			page 19


 1027 03e6 5D       		.byte	93
 1028 03e7 99       		.byte	-103
 1029 03e8 5F       		.byte	95
 1030 03e9 01       		.byte	1
 1031 03ea 61       		.byte	97
 1032 03eb 08       		.byte	8
 1033 03ec 63       		.byte	99
 1034 03ed 08       		.byte	8
 1035 03ee 65       		.byte	101
 1036 03ef 08       		.byte	8
 1037 03f0 67       		.byte	103
 1038 03f1 08       		.byte	8
 1039 03f2 68       		.byte	104
 1040 03f3 50       		.byte	80
 1041 03f4 69       		.byte	105
 1042 03f5 0A       		.byte	10
 1043 03f6 6A       		.byte	106
 1044 03f7 40       		.byte	64
 1045 03f8 6B       		.byte	107
 1046 03f9 A8       		.byte	-88
 1047 03fa 6C       		.byte	108
 1048 03fb C0       		.byte	-64
 1049 03fc 6E       		.byte	110
 1050 03fd 40       		.byte	64
 1051 03fe 6F       		.byte	111
 1052 03ff A8       		.byte	-88
 1053 0400 80       		.byte	-128
 1054 0401 03       		.byte	3
 1055 0402 86       		.byte	-122
 1056 0403 03       		.byte	3
 1057 0404 88       		.byte	-120
 1058 0405 03       		.byte	3
 1059 0406 8E       		.byte	-114
 1060 0407 01       		.byte	1
 1061 0408 8F       		.byte	-113
 1062 0409 01       		.byte	1
 1063 040a 94       		.byte	-108
 1064 040b 03       		.byte	3
 1065 040c 98       		.byte	-104
 1066 040d 03       		.byte	3
 1067 040e 9C       		.byte	-100
 1068 040f 03       		.byte	3
 1069 0410 AE       		.byte	-82
 1070 0411 03       		.byte	3
 1071 0412 B2       		.byte	-78
 1072 0413 01       		.byte	1
 1073 0414 B4       		.byte	-76
 1074 0415 02       		.byte	2
 1075 0416 B5       		.byte	-75
 1076 0417 01       		.byte	1
 1077 0418 BE       		.byte	-66
 1078 0419 14       		.byte	20
 1079 041a D6       		.byte	-42
 1080 041b 02       		.byte	2
 1081 041c D8       		.byte	-40
 1082 041d 04       		.byte	4
 1083 041e D9       		.byte	-39
ARM GAS  C:\Users\user\AppData\Local\Temp\ccoCg0sW.s 			page 20


 1084 041f 04       		.byte	4
 1085 0420 DB       		.byte	-37
 1086 0421 24       		.byte	36
 1087 0422 DC       		.byte	-36
 1088 0423 80       		.byte	-128
 1089 0424 DD       		.byte	-35
 1090 0425 90       		.byte	-112
 1091 0426 DF       		.byte	-33
 1092 0427 11       		.byte	17
 1093 0428 00       		.byte	0
 1094 0429 A8       		.byte	-88
 1095 042a 01       		.byte	1
 1096 042b 01       		.byte	1
 1097 042c 09       		.byte	9
 1098 042d A8       		.byte	-88
 1099 042e 10       		.byte	16
 1100 042f 02       		.byte	2
 1101 0430 18       		.byte	24
 1102 0431 04       		.byte	4
 1103 0432 1B       		.byte	27
 1104 0433 08       		.byte	8
 1105 0434 22       		.byte	34
 1106 0435 10       		.byte	16
 1107 0436 29       		.byte	41
 1108 0437 02       		.byte	2
 1109 0438 2B       		.byte	43
 1110 0439 80       		.byte	-128
 1111 043a 39       		.byte	57
 1112 043b 80       		.byte	-128
 1113 043c 44       		.byte	68
 1114 043d 08       		.byte	8
 1115 043e 45       		.byte	69
 1116 043f 40       		.byte	64
 1117 0440 4D       		.byte	77
 1118 0441 20       		.byte	32
 1119 0442 4F       		.byte	79
 1120 0443 05       		.byte	5
 1121 0444 56       		.byte	86
 1122 0445 08       		.byte	8
 1123 0446 57       		.byte	87
 1124 0447 80       		.byte	-128
 1125 0448 5D       		.byte	93
 1126 0449 02       		.byte	2
 1127 044a 5E       		.byte	94
 1128 044b 80       		.byte	-128
 1129 044c 60       		.byte	96
 1130 044d 80       		.byte	-128
 1131 044e 61       		.byte	97
 1132 044f 01       		.byte	1
 1133 0450 66       		.byte	102
 1134 0451 08       		.byte	8
 1135 0452 67       		.byte	103
 1136 0453 05       		.byte	5
 1137 0454 68       		.byte	104
 1138 0455 16       		.byte	22
 1139 0456 69       		.byte	105
 1140 0457 01       		.byte	1
ARM GAS  C:\Users\user\AppData\Local\Temp\ccoCg0sW.s 			page 21


 1141 0458 71       		.byte	113
 1142 0459 A9       		.byte	-87
 1143 045a 7B       		.byte	123
 1144 045b 08       		.byte	8
 1145 045c 80       		.byte	-128
 1146 045d 08       		.byte	8
 1147 045e 90       		.byte	-112
 1148 045f 08       		.byte	8
 1149 0460 99       		.byte	-103
 1150 0461 20       		.byte	32
 1151 0462 9A       		.byte	-102
 1152 0463 80       		.byte	-128
 1153 0464 9C       		.byte	-100
 1154 0465 80       		.byte	-128
 1155 0466 A0       		.byte	-96
 1156 0467 40       		.byte	64
 1157 0468 A2       		.byte	-94
 1158 0469 40       		.byte	64
 1159 046a A7       		.byte	-89
 1160 046b 20       		.byte	32
 1161 046c B0       		.byte	-80
 1162 046d 40       		.byte	64
 1163 046e B1       		.byte	-79
 1164 046f 20       		.byte	32
 1165 0470 B2       		.byte	-78
 1166 0471 C0       		.byte	-64
 1167 0472 B5       		.byte	-75
 1168 0473 20       		.byte	32
 1169 0474 C0       		.byte	-64
 1170 0475 0F       		.byte	15
 1171 0476 C2       		.byte	-62
 1172 0477 07       		.byte	7
 1173 0478 C4       		.byte	-60
 1174 0479 01       		.byte	1
 1175 047a CE       		.byte	-50
 1176 047b 08       		.byte	8
 1177 047c D0       		.byte	-48
 1178 047d 30       		.byte	48
 1179 047e D2       		.byte	-46
 1180 047f 20       		.byte	32
 1181 0480 D6       		.byte	-42
 1182 0481 90       		.byte	-112
 1183 0482 D8       		.byte	-40
 1184 0483 70       		.byte	112
 1185 0484 DE       		.byte	-34
 1186 0485 04       		.byte	4
 1187 0486 E6       		.byte	-26
 1188 0487 04       		.byte	4
 1189 0488 EA       		.byte	-22
 1190 0489 02       		.byte	2
 1191 048a EC       		.byte	-20
 1192 048b 20       		.byte	32
 1193 048c EE       		.byte	-18
 1194 048d 08       		.byte	8
 1195 048e 40       		.byte	64
 1196 048f 30       		.byte	48
 1197 0490 41       		.byte	65
ARM GAS  C:\Users\user\AppData\Local\Temp\ccoCg0sW.s 			page 22


 1198 0491 04       		.byte	4
 1199 0492 44       		.byte	68
 1200 0493 05       		.byte	5
 1201 0494 46       		.byte	70
 1202 0495 0B       		.byte	11
 1203 0496 48       		.byte	72
 1204 0497 04       		.byte	4
 1205 0498 49       		.byte	73
 1206 0499 FF       		.byte	-1
 1207 049a 4A       		.byte	74
 1208 049b FF       		.byte	-1
 1209 049c 4B       		.byte	75
 1210 049d FF       		.byte	-1
 1211 049e 4C       		.byte	76
 1212 049f EF       		.byte	-17
 1213 04a0 4D       		.byte	77
 1214 04a1 55       		.byte	85
 1215 04a2 4E       		.byte	78
 1216 04a3 70       		.byte	112
 1217 04a4 4F       		.byte	79
 1218 04a5 48       		.byte	72
 1219 04a6 50       		.byte	80
 1220 04a7 1C       		.byte	28
 1221 04a8 52       		.byte	82
 1222 04a9 01       		.byte	1
 1223 04aa 5A       		.byte	90
 1224 04ab 04       		.byte	4
 1225 04ac 5B       		.byte	91
 1226 04ad 04       		.byte	4
 1227 04ae 5D       		.byte	93
 1228 04af 99       		.byte	-103
 1229 04b0 5F       		.byte	95
 1230 04b1 01       		.byte	1
 1231 04b2 61       		.byte	97
 1232 04b3 08       		.byte	8
 1233 04b4 63       		.byte	99
 1234 04b5 08       		.byte	8
 1235 04b6 65       		.byte	101
 1236 04b7 08       		.byte	8
 1237 04b8 67       		.byte	103
 1238 04b9 08       		.byte	8
 1239 04ba 68       		.byte	104
 1240 04bb 50       		.byte	80
 1241 04bc 69       		.byte	105
 1242 04bd 0A       		.byte	10
 1243 04be 6A       		.byte	106
 1244 04bf 40       		.byte	64
 1245 04c0 6B       		.byte	107
 1246 04c1 A8       		.byte	-88
 1247 04c2 6C       		.byte	108
 1248 04c3 C0       		.byte	-64
 1249 04c4 6E       		.byte	110
 1250 04c5 40       		.byte	64
 1251 04c6 6F       		.byte	111
 1252 04c7 A8       		.byte	-88
 1253 04c8 C0       		.byte	-64
 1254 04c9 30       		.byte	48
ARM GAS  C:\Users\user\AppData\Local\Temp\ccoCg0sW.s 			page 23


 1255 04ca C1       		.byte	-63
 1256 04cb 05       		.byte	5
 1257 04cc C4       		.byte	-60
 1258 04cd 01       		.byte	1
 1259 04ce C9       		.byte	-55
 1260 04cf FF       		.byte	-1
 1261 04d0 CA       		.byte	-54
 1262 04d1 FF       		.byte	-1
 1263 04d2 CB       		.byte	-53
 1264 04d3 FF       		.byte	-1
 1265 04d4 CC       		.byte	-52
 1266 04d5 EF       		.byte	-17
 1267 04d6 CD       		.byte	-51
 1268 04d7 55       		.byte	85
 1269 04d8 CE       		.byte	-50
 1270 04d9 72       		.byte	114
 1271 04da CF       		.byte	-49
 1272 04db 48       		.byte	72
 1273 04dc D0       		.byte	-48
 1274 04dd 1C       		.byte	28
 1275 04de DA       		.byte	-38
 1276 04df 04       		.byte	4
 1277 04e0 DD       		.byte	-35
 1278 04e1 09       		.byte	9
 1279 04e2 DF       		.byte	-33
 1280 04e3 01       		.byte	1
 1281 04e4 E1       		.byte	-31
 1282 04e5 08       		.byte	8
 1283 04e6 E3       		.byte	-29
 1284 04e7 08       		.byte	8
 1285 04e8 E5       		.byte	-27
 1286 04e9 08       		.byte	8
 1287 04ea E7       		.byte	-25
 1288 04eb 08       		.byte	8
 1289 04ec E8       		.byte	-24
 1290 04ed 50       		.byte	80
 1291 04ee E9       		.byte	-23
 1292 04ef 0A       		.byte	10
 1293 04f0 EA       		.byte	-22
 1294 04f1 40       		.byte	64
 1295 04f2 EB       		.byte	-21
 1296 04f3 A8       		.byte	-88
 1297 04f4 EC       		.byte	-20
 1298 04f5 C0       		.byte	-64
 1299 04f6 EE       		.byte	-18
 1300 04f7 40       		.byte	64
 1301 04f8 EF       		.byte	-17
 1302 04f9 A8       		.byte	-88
 1303 04fa 40       		.byte	64
 1304 04fb 01       		.byte	1
 1305 04fc 43       		.byte	67
 1306 04fd 08       		.byte	8
 1307 04fe 44       		.byte	68
 1308 04ff 10       		.byte	16
 1309 0500 47       		.byte	71
 1310 0501 01       		.byte	1
 1311 0502 48       		.byte	72
ARM GAS  C:\Users\user\AppData\Local\Temp\ccoCg0sW.s 			page 24


 1312 0503 02       		.byte	2
 1313 0504 4E       		.byte	78
 1314 0505 02       		.byte	2
 1315 0506 57       		.byte	87
 1316 0507 80       		.byte	-128
 1317 0508 6C       		.byte	108
 1318 0509 02       		.byte	2
 1319 050a 6F       		.byte	111
 1320 050b 01       		.byte	1
 1321 050c 83       		.byte	-125
 1322 050d 80       		.byte	-128
 1323 050e 98       		.byte	-104
 1324 050f 10       		.byte	16
 1325 0510 9B       		.byte	-101
 1326 0511 40       		.byte	64
 1327 0512 A3       		.byte	-93
 1328 0513 08       		.byte	8
 1329 0514 B0       		.byte	-80
 1330 0515 10       		.byte	16
 1331 0516 B3       		.byte	-77
 1332 0517 08       		.byte	8
 1333 0518 B7       		.byte	-73
 1334 0519 40       		.byte	64
 1335 051a D0       		.byte	-48
 1336 051b CA       		.byte	-54
 1337 051c D2       		.byte	-46
 1338 051d 18       		.byte	24
 1339 051e E8       		.byte	-24
 1340 051f 30       		.byte	48
 1341 0520 EA       		.byte	-22
 1342 0521 02       		.byte	2
 1343 0522 EE       		.byte	-18
 1344 0523 08       		.byte	8
 1345 0524 40       		.byte	64
 1346 0525 30       		.byte	48
 1347 0526 41       		.byte	65
 1348 0527 05       		.byte	5
 1349 0528 44       		.byte	68
 1350 0529 01       		.byte	1
 1351 052a 45       		.byte	69
 1352 052b CD       		.byte	-51
 1353 052c 46       		.byte	70
 1354 052d 0E       		.byte	14
 1355 052e 47       		.byte	71
 1356 052f 0F       		.byte	15
 1357 0530 48       		.byte	72
 1358 0531 17       		.byte	23
 1359 0532 49       		.byte	73
 1360 0533 FF       		.byte	-1
 1361 0534 4A       		.byte	74
 1362 0535 FF       		.byte	-1
 1363 0536 4B       		.byte	75
 1364 0537 FF       		.byte	-1
 1365 0538 4C       		.byte	76
 1366 0539 EA       		.byte	-22
 1367 053a 4D       		.byte	77
 1368 053b 55       		.byte	85
ARM GAS  C:\Users\user\AppData\Local\Temp\ccoCg0sW.s 			page 25


 1369 053c 4E       		.byte	78
 1370 053d F2       		.byte	-14
 1371 053e 4F       		.byte	79
 1372 053f 48       		.byte	72
 1373 0540 50       		.byte	80
 1374 0541 1C       		.byte	28
 1375 0542 54       		.byte	84
 1376 0543 01       		.byte	1
 1377 0544 5A       		.byte	90
 1378 0545 04       		.byte	4
 1379 0546 5B       		.byte	91
 1380 0547 04       		.byte	4
 1381 0548 5D       		.byte	93
 1382 0549 99       		.byte	-103
 1383 054a 5F       		.byte	95
 1384 054b 01       		.byte	1
 1385 054c 61       		.byte	97
 1386 054d 08       		.byte	8
 1387 054e 63       		.byte	99
 1388 054f 08       		.byte	8
 1389 0550 65       		.byte	101
 1390 0551 08       		.byte	8
 1391 0552 67       		.byte	103
 1392 0553 08       		.byte	8
 1393 0554 68       		.byte	104
 1394 0555 50       		.byte	80
 1395 0556 69       		.byte	105
 1396 0557 0A       		.byte	10
 1397 0558 6A       		.byte	106
 1398 0559 40       		.byte	64
 1399 055a 6B       		.byte	107
 1400 055b A8       		.byte	-88
 1401 055c 6C       		.byte	108
 1402 055d C0       		.byte	-64
 1403 055e 6E       		.byte	110
 1404 055f 40       		.byte	64
 1405 0560 6F       		.byte	111
 1406 0561 A8       		.byte	-88
 1407 0562 40       		.byte	64
 1408 0563 01       		.byte	1
 1409 0564 43       		.byte	67
 1410 0565 08       		.byte	8
 1411 0566 48       		.byte	72
 1412 0567 02       		.byte	2
 1413 0568 49       		.byte	73
 1414 0569 01       		.byte	1
 1415 056a 4B       		.byte	75
 1416 056b 04       		.byte	4
 1417 056c 51       		.byte	81
 1418 056d 88       		.byte	-120
 1419 056e 59       		.byte	89
 1420 056f 01       		.byte	1
 1421 0570 5B       		.byte	91
 1422 0571 40       		.byte	64
 1423 0572 61       		.byte	97
 1424 0573 88       		.byte	-120
 1425 0574 63       		.byte	99
ARM GAS  C:\Users\user\AppData\Local\Temp\ccoCg0sW.s 			page 26


 1426 0575 04       		.byte	4
 1427 0576 80       		.byte	-128
 1428 0577 01       		.byte	1
 1429 0578 82       		.byte	-126
 1430 0579 02       		.byte	2
 1431 057a 94       		.byte	-108
 1432 057b 01       		.byte	1
 1433 057c 9B       		.byte	-101
 1434 057d 40       		.byte	64
 1435 057e A0       		.byte	-96
 1436 057f 02       		.byte	2
 1437 0580 A3       		.byte	-93
 1438 0581 08       		.byte	8
 1439 0582 A6       		.byte	-90
 1440 0583 02       		.byte	2
 1441 0584 D0       		.byte	-48
 1442 0585 0A       		.byte	10
 1443 0586 D2       		.byte	-46
 1444 0587 08       		.byte	8
 1445 0588 D6       		.byte	-42
 1446 0589 09       		.byte	9
 1447 058a D8       		.byte	-40
 1448 058b 0E       		.byte	14
 1449 058c 33       		.byte	51
 1450 058d 81       		.byte	-127
 1451 058e 36       		.byte	54
 1452 058f 08       		.byte	8
 1453 0590 37       		.byte	55
 1454 0591 10       		.byte	16
 1455 0592 CC       		.byte	-52
 1456 0593 F0       		.byte	-16
 1457 0594 53       		.byte	83
 1458 0595 01       		.byte	1
 1459 0596 56       		.byte	86
 1460 0597 02       		.byte	2
 1461 0598 86       		.byte	-122
 1462 0599 08       		.byte	8
 1463 059a 8E       		.byte	-114
 1464 059b 02       		.byte	2
 1465 059c 9F       		.byte	-97
 1466 059d 01       		.byte	1
 1467 059e A6       		.byte	-90
 1468 059f 08       		.byte	8
 1469 05a0 A7       		.byte	-89
 1470 05a1 80       		.byte	-128
 1471 05a2 AB       		.byte	-85
 1472 05a3 10       		.byte	16
 1473 05a4 D4       		.byte	-44
 1474 05a5 80       		.byte	-128
 1475 05a6 D6       		.byte	-42
 1476 05a7 20       		.byte	32
 1477 05a8 E2       		.byte	-30
 1478 05a9 10       		.byte	16
 1479 05aa EA       		.byte	-22
 1480 05ab 20       		.byte	32
 1481 05ac 97       		.byte	-105
 1482 05ad 02       		.byte	2
ARM GAS  C:\Users\user\AppData\Local\Temp\ccoCg0sW.s 			page 27


 1483 05ae 9F       		.byte	-97
 1484 05af 01       		.byte	1
 1485 05b0 A7       		.byte	-89
 1486 05b1 80       		.byte	-128
 1487 05b2 23       		.byte	35
 1488 05b3 04       		.byte	4
 1489 05b4 97       		.byte	-105
 1490 05b5 02       		.byte	2
 1491 05b6 9F       		.byte	-97
 1492 05b7 01       		.byte	1
 1493 05b8 A7       		.byte	-89
 1494 05b9 80       		.byte	-128
 1495 05ba C8       		.byte	-56
 1496 05bb 10       		.byte	16
 1497 05bc 85       		.byte	-123
 1498 05bd 80       		.byte	-128
 1499 05be A7       		.byte	-89
 1500 05bf 40       		.byte	64
 1501 05c0 AB       		.byte	-85
 1502 05c1 40       		.byte	64
 1503 05c2 9D       		.byte	-99
 1504 05c3 80       		.byte	-128
 1505 05c4 A7       		.byte	-89
 1506 05c5 40       		.byte	64
 1507 05c6 01       		.byte	1
 1508 05c7 80       		.byte	-128
 1509 05c8 08       		.byte	8
 1510 05c9 08       		.byte	8
 1511 05ca 0B       		.byte	11
 1512 05cb 04       		.byte	4
 1513 05cc 0F       		.byte	15
 1514 05cd 80       		.byte	-128
 1515 05ce 9D       		.byte	-99
 1516 05cf 80       		.byte	-128
 1517 05d0 A7       		.byte	-89
 1518 05d1 40       		.byte	64
 1519 05d2 C0       		.byte	-64
 1520 05d3 02       		.byte	2
 1521 05d4 C2       		.byte	-62
 1522 05d5 0E       		.byte	14
 1523 05d6 97       		.byte	-105
 1524 05d7 02       		.byte	2
 1525 05d8 AF       		.byte	-81
 1526 05d9 81       		.byte	-127
 1527 05da B3       		.byte	-77
 1528 05db 04       		.byte	4
 1529 05dc EA       		.byte	-22
 1530 05dd 40       		.byte	64
 1531 05de EE       		.byte	-18
 1532 05df 10       		.byte	16
 1533 05e0 56       		.byte	86
 1534 05e1 20       		.byte	32
 1535 05e2 8E       		.byte	-114
 1536 05e3 20       		.byte	32
 1537 05e4 AB       		.byte	-85
 1538 05e5 01       		.byte	1
 1539 05e6 D4       		.byte	-44
ARM GAS  C:\Users\user\AppData\Local\Temp\ccoCg0sW.s 			page 28


 1540 05e7 40       		.byte	64
 1541 05e8 EE       		.byte	-18
 1542 05e9 20       		.byte	32
 1543 05ea AC       		.byte	-84
 1544 05eb 08       		.byte	8
 1545 05ec AF       		.byte	-81
 1546 05ed 04       		.byte	4
 1547 05ee 01       		.byte	1
 1548 05ef 01       		.byte	1
 1549 05f0 09       		.byte	9
 1550 05f1 01       		.byte	1
 1551 05f2 0B       		.byte	11
 1552 05f3 01       		.byte	1
 1553 05f4 11       		.byte	17
 1554 05f5 01       		.byte	1
 1555 05f6 1B       		.byte	27
 1556 05f7 01       		.byte	1
 1557 05f8 1D       		.byte	29
 1558 05f9 01       		.byte	1
 1559 05fa 00       		.byte	0
 1560 05fb AA       		.byte	-86
 1561 05fc 00       		.byte	0
 1562 05fd 03       		.byte	3
 1563 05fe 03       		.byte	3
 1564 05ff 00       		.byte	0
 1565 0600 03       		.byte	3
 1566 0601 00       		.byte	0
 1567 0602 00       		.byte	0
 1568 0603 00       		.byte	0
 1569 0604 40       		.byte	64
 1570 0605 00       		.byte	0
 1571 0606 00       		.byte	0
 1572 0607 00       		.byte	0
 1573 0608 00       		.byte	0
 1574 0609 00       		.byte	0
 1575 060a 00       		.byte	0
 1576 060b 00       		.byte	0
 1577 060c C0       		.byte	-64
 1578 060d 00       		.byte	0
 1579 060e 00       		.byte	0
 1580 060f 00       		.byte	0
 1581 0610 00       		.byte	0
 1582 0611 0B       		.byte	11
 1583 0612 0B       		.byte	11
 1584 0613 00       		.byte	0
 1585 0614 00       		.byte	0
 1586 0615 00       		.byte	0
 1587 0616 00       		.byte	0
 1588 0617 00       		.byte	0
 1589 0618 00       		.byte	0
 1590 0619 02       		.byte	2
 1591 061a 02       		.byte	2
 1592 061b 00       		.byte	0
 1593 061c 02       		.byte	2
 1594 061d 00       		.byte	0
 1595 061e 00       		.byte	0
 1596 061f 00       		.byte	0
ARM GAS  C:\Users\user\AppData\Local\Temp\ccoCg0sW.s 			page 29


 1597              		.section	.cywolatch,"a",%progbits
 1598              		.align	2
 1599              		.type	cy_meta_wonvl, %object
 1600              		.size	cy_meta_wonvl, 4
 1601              	cy_meta_wonvl:
 1602 0000 BC       		.byte	-68
 1603 0001 90       		.byte	-112
 1604 0002 AC       		.byte	-84
 1605 0003 AF       		.byte	-81
 1606              		.section	.cycustnvl,"a",%progbits
 1607              		.align	2
 1608              		.type	cy_meta_custnvl, %object
 1609              		.size	cy_meta_custnvl, 4
 1610              	cy_meta_custnvl:
 1611 0000 00       		.byte	0
 1612 0001 00       		.byte	0
 1613 0002 40       		.byte	64
 1614 0003 05       		.byte	5
 1615              		.section	.cymeta,"a",%progbits
 1616              		.align	2
 1617              		.type	cy_metadata, %object
 1618              		.size	cy_metadata, 12
 1619              	cy_metadata:
 1620 0000 00       		.byte	0
 1621 0001 01       		.byte	1
 1622 0002 2E       		.byte	46
 1623 0003 16       		.byte	22
 1624 0004 10       		.byte	16
 1625 0005 69       		.byte	105
 1626 0006 00       		.byte	0
 1627 0007 01       		.byte	1
 1628 0008 00       		.byte	0
 1629 0009 00       		.byte	0
 1630 000a 00       		.byte	0
 1631 000b 00       		.byte	0
 1632              		.section	.cyflashprotect,"a",%progbits
 1633              		.align	2
 1634              		.type	cy_meta_flashprotect, %object
 1635              		.size	cy_meta_flashprotect, 256
 1636              	cy_meta_flashprotect:
 1637 0000 00000000 		.space	256
 1637      00000000 
 1637      00000000 
 1637      00000000 
 1637      00000000 
 1638              		.text
 1639              	.Letext0:
 1640              		.file 1 "c:\\program files (x86)\\cypress\\psoc creator\\4.2\\psoc creator\\import\\gnu\\arm\\5.4.
 1641              		.file 2 "c:\\program files (x86)\\cypress\\psoc creator\\4.2\\psoc creator\\import\\gnu\\arm\\5.4.
 1642              		.file 3 "Generated_Source\\PSoC5\\cymetadata.c"
 1643              		.section	.debug_info,"",%progbits
 1644              	.Ldebug_info0:
 1645 0000 33010000 		.4byte	0x133
 1646 0004 0400     		.2byte	0x4
 1647 0006 00000000 		.4byte	.Ldebug_abbrev0
 1648 000a 04       		.byte	0x4
 1649 000b 01       		.uleb128 0x1
ARM GAS  C:\Users\user\AppData\Local\Temp\ccoCg0sW.s 			page 30


 1650 000c 24000000 		.4byte	.LASF17
 1651 0010 0C       		.byte	0xc
 1652 0011 A7010000 		.4byte	.LASF18
 1653 0015 7E010000 		.4byte	.LASF19
 1654 0019 00000000 		.4byte	.Ldebug_line0
 1655 001d 02       		.uleb128 0x2
 1656 001e 01       		.byte	0x1
 1657 001f 06       		.byte	0x6
 1658 0020 72010000 		.4byte	.LASF0
 1659 0024 03       		.uleb128 0x3
 1660 0025 00000000 		.4byte	.LASF9
 1661 0029 01       		.byte	0x1
 1662 002a 1D       		.byte	0x1d
 1663 002b 2F000000 		.4byte	0x2f
 1664 002f 02       		.uleb128 0x2
 1665 0030 01       		.byte	0x1
 1666 0031 08       		.byte	0x8
 1667 0032 16000000 		.4byte	.LASF1
 1668 0036 02       		.uleb128 0x2
 1669 0037 02       		.byte	0x2
 1670 0038 05       		.byte	0x5
 1671 0039 5F010000 		.4byte	.LASF2
 1672 003d 02       		.uleb128 0x2
 1673 003e 02       		.byte	0x2
 1674 003f 07       		.byte	0x7
 1675 0040 C4000000 		.4byte	.LASF3
 1676 0044 02       		.uleb128 0x2
 1677 0045 04       		.byte	0x4
 1678 0046 05       		.byte	0x5
 1679 0047 69010000 		.4byte	.LASF4
 1680 004b 02       		.uleb128 0x2
 1681 004c 04       		.byte	0x4
 1682 004d 07       		.byte	0x7
 1683 004e B2000000 		.4byte	.LASF5
 1684 0052 02       		.uleb128 0x2
 1685 0053 08       		.byte	0x8
 1686 0054 05       		.byte	0x5
 1687 0055 51010000 		.4byte	.LASF6
 1688 0059 02       		.uleb128 0x2
 1689 005a 08       		.byte	0x8
 1690 005b 07       		.byte	0x7
 1691 005c 06010000 		.4byte	.LASF7
 1692 0060 04       		.uleb128 0x4
 1693 0061 04       		.byte	0x4
 1694 0062 05       		.byte	0x5
 1695 0063 696E7400 		.ascii	"int\000"
 1696 0067 02       		.uleb128 0x2
 1697 0068 04       		.byte	0x4
 1698 0069 07       		.byte	0x7
 1699 006a F9000000 		.4byte	.LASF8
 1700 006e 03       		.uleb128 0x3
 1701 006f 1D010000 		.4byte	.LASF10
 1702 0073 02       		.byte	0x2
 1703 0074 18       		.byte	0x18
 1704 0075 24000000 		.4byte	0x24
 1705 0079 05       		.uleb128 0x5
 1706 007a 91000000 		.4byte	0x91
ARM GAS  C:\Users\user\AppData\Local\Temp\ccoCg0sW.s 			page 31


 1707 007e 8A000000 		.4byte	0x8a
 1708 0082 06       		.uleb128 0x6
 1709 0083 8A000000 		.4byte	0x8a
 1710 0087 1F06     		.2byte	0x61f
 1711 0089 00       		.byte	0
 1712 008a 02       		.uleb128 0x2
 1713 008b 04       		.byte	0x4
 1714 008c 07       		.byte	0x7
 1715 008d 48010000 		.4byte	.LASF11
 1716 0091 07       		.uleb128 0x7
 1717 0092 6E000000 		.4byte	0x6e
 1718 0096 08       		.uleb128 0x8
 1719 0097 E7000000 		.4byte	.LASF12
 1720 009b 03       		.byte	0x3
 1721 009c 1F       		.byte	0x1f
 1722 009d A7000000 		.4byte	0xa7
 1723 00a1 05       		.uleb128 0x5
 1724 00a2 03       		.byte	0x3
 1725 00a3 00000000 		.4byte	cy_meta_configecc
 1726 00a7 07       		.uleb128 0x7
 1727 00a8 79000000 		.4byte	0x79
 1728 00ac 05       		.uleb128 0x5
 1729 00ad 91000000 		.4byte	0x91
 1730 00b1 BC000000 		.4byte	0xbc
 1731 00b5 09       		.uleb128 0x9
 1732 00b6 8A000000 		.4byte	0x8a
 1733 00ba 03       		.byte	0x3
 1734 00bb 00       		.byte	0
 1735 00bc 08       		.uleb128 0x8
 1736 00bd D7000000 		.4byte	.LASF13
 1737 00c1 03       		.byte	0x3
 1738 00c2 F0       		.byte	0xf0
 1739 00c3 CD000000 		.4byte	0xcd
 1740 00c7 05       		.uleb128 0x5
 1741 00c8 03       		.byte	0x3
 1742 00c9 00000000 		.4byte	cy_meta_custnvl
 1743 00cd 07       		.uleb128 0x7
 1744 00ce AC000000 		.4byte	0xac
 1745 00d2 08       		.uleb128 0x8
 1746 00d3 3A010000 		.4byte	.LASF14
 1747 00d7 03       		.byte	0x3
 1748 00d8 FE       		.byte	0xfe
 1749 00d9 E3000000 		.4byte	0xe3
 1750 00dd 05       		.uleb128 0x5
 1751 00de 03       		.byte	0x3
 1752 00df 00000000 		.4byte	cy_meta_wonvl
 1753 00e3 07       		.uleb128 0x7
 1754 00e4 AC000000 		.4byte	0xac
 1755 00e8 05       		.uleb128 0x5
 1756 00e9 91000000 		.4byte	0x91
 1757 00ed F8000000 		.4byte	0xf8
 1758 00f1 09       		.uleb128 0x9
 1759 00f2 8A000000 		.4byte	0x8a
 1760 00f6 FF       		.byte	0xff
 1761 00f7 00       		.byte	0
 1762 00f8 0A       		.uleb128 0xa
 1763 00f9 25010000 		.4byte	.LASF15
ARM GAS  C:\Users\user\AppData\Local\Temp\ccoCg0sW.s 			page 32


 1764 00fd 03       		.byte	0x3
 1765 00fe 0C01     		.2byte	0x10c
 1766 0100 0A010000 		.4byte	0x10a
 1767 0104 05       		.uleb128 0x5
 1768 0105 03       		.byte	0x3
 1769 0106 00000000 		.4byte	cy_meta_flashprotect
 1770 010a 07       		.uleb128 0x7
 1771 010b E8000000 		.4byte	0xe8
 1772 010f 05       		.uleb128 0x5
 1773 0110 91000000 		.4byte	0x91
 1774 0114 1F010000 		.4byte	0x11f
 1775 0118 09       		.uleb128 0x9
 1776 0119 8A000000 		.4byte	0x8a
 1777 011d 0B       		.byte	0xb
 1778 011e 00       		.byte	0
 1779 011f 0A       		.uleb128 0xa
 1780 0120 0A000000 		.4byte	.LASF16
 1781 0124 03       		.byte	0x3
 1782 0125 3901     		.2byte	0x139
 1783 0127 31010000 		.4byte	0x131
 1784 012b 05       		.uleb128 0x5
 1785 012c 03       		.byte	0x3
 1786 012d 00000000 		.4byte	cy_metadata
 1787 0131 07       		.uleb128 0x7
 1788 0132 0F010000 		.4byte	0x10f
 1789 0136 00       		.byte	0
 1790              		.section	.debug_abbrev,"",%progbits
 1791              	.Ldebug_abbrev0:
 1792 0000 01       		.uleb128 0x1
 1793 0001 11       		.uleb128 0x11
 1794 0002 01       		.byte	0x1
 1795 0003 25       		.uleb128 0x25
 1796 0004 0E       		.uleb128 0xe
 1797 0005 13       		.uleb128 0x13
 1798 0006 0B       		.uleb128 0xb
 1799 0007 03       		.uleb128 0x3
 1800 0008 0E       		.uleb128 0xe
 1801 0009 1B       		.uleb128 0x1b
 1802 000a 0E       		.uleb128 0xe
 1803 000b 10       		.uleb128 0x10
 1804 000c 17       		.uleb128 0x17
 1805 000d 00       		.byte	0
 1806 000e 00       		.byte	0
 1807 000f 02       		.uleb128 0x2
 1808 0010 24       		.uleb128 0x24
 1809 0011 00       		.byte	0
 1810 0012 0B       		.uleb128 0xb
 1811 0013 0B       		.uleb128 0xb
 1812 0014 3E       		.uleb128 0x3e
 1813 0015 0B       		.uleb128 0xb
 1814 0016 03       		.uleb128 0x3
 1815 0017 0E       		.uleb128 0xe
 1816 0018 00       		.byte	0
 1817 0019 00       		.byte	0
 1818 001a 03       		.uleb128 0x3
 1819 001b 16       		.uleb128 0x16
 1820 001c 00       		.byte	0
ARM GAS  C:\Users\user\AppData\Local\Temp\ccoCg0sW.s 			page 33


 1821 001d 03       		.uleb128 0x3
 1822 001e 0E       		.uleb128 0xe
 1823 001f 3A       		.uleb128 0x3a
 1824 0020 0B       		.uleb128 0xb
 1825 0021 3B       		.uleb128 0x3b
 1826 0022 0B       		.uleb128 0xb
 1827 0023 49       		.uleb128 0x49
 1828 0024 13       		.uleb128 0x13
 1829 0025 00       		.byte	0
 1830 0026 00       		.byte	0
 1831 0027 04       		.uleb128 0x4
 1832 0028 24       		.uleb128 0x24
 1833 0029 00       		.byte	0
 1834 002a 0B       		.uleb128 0xb
 1835 002b 0B       		.uleb128 0xb
 1836 002c 3E       		.uleb128 0x3e
 1837 002d 0B       		.uleb128 0xb
 1838 002e 03       		.uleb128 0x3
 1839 002f 08       		.uleb128 0x8
 1840 0030 00       		.byte	0
 1841 0031 00       		.byte	0
 1842 0032 05       		.uleb128 0x5
 1843 0033 01       		.uleb128 0x1
 1844 0034 01       		.byte	0x1
 1845 0035 49       		.uleb128 0x49
 1846 0036 13       		.uleb128 0x13
 1847 0037 01       		.uleb128 0x1
 1848 0038 13       		.uleb128 0x13
 1849 0039 00       		.byte	0
 1850 003a 00       		.byte	0
 1851 003b 06       		.uleb128 0x6
 1852 003c 21       		.uleb128 0x21
 1853 003d 00       		.byte	0
 1854 003e 49       		.uleb128 0x49
 1855 003f 13       		.uleb128 0x13
 1856 0040 2F       		.uleb128 0x2f
 1857 0041 05       		.uleb128 0x5
 1858 0042 00       		.byte	0
 1859 0043 00       		.byte	0
 1860 0044 07       		.uleb128 0x7
 1861 0045 26       		.uleb128 0x26
 1862 0046 00       		.byte	0
 1863 0047 49       		.uleb128 0x49
 1864 0048 13       		.uleb128 0x13
 1865 0049 00       		.byte	0
 1866 004a 00       		.byte	0
 1867 004b 08       		.uleb128 0x8
 1868 004c 34       		.uleb128 0x34
 1869 004d 00       		.byte	0
 1870 004e 03       		.uleb128 0x3
 1871 004f 0E       		.uleb128 0xe
 1872 0050 3A       		.uleb128 0x3a
 1873 0051 0B       		.uleb128 0xb
 1874 0052 3B       		.uleb128 0x3b
 1875 0053 0B       		.uleb128 0xb
 1876 0054 49       		.uleb128 0x49
 1877 0055 13       		.uleb128 0x13
ARM GAS  C:\Users\user\AppData\Local\Temp\ccoCg0sW.s 			page 34


 1878 0056 3F       		.uleb128 0x3f
 1879 0057 19       		.uleb128 0x19
 1880 0058 02       		.uleb128 0x2
 1881 0059 18       		.uleb128 0x18
 1882 005a 00       		.byte	0
 1883 005b 00       		.byte	0
 1884 005c 09       		.uleb128 0x9
 1885 005d 21       		.uleb128 0x21
 1886 005e 00       		.byte	0
 1887 005f 49       		.uleb128 0x49
 1888 0060 13       		.uleb128 0x13
 1889 0061 2F       		.uleb128 0x2f
 1890 0062 0B       		.uleb128 0xb
 1891 0063 00       		.byte	0
 1892 0064 00       		.byte	0
 1893 0065 0A       		.uleb128 0xa
 1894 0066 34       		.uleb128 0x34
 1895 0067 00       		.byte	0
 1896 0068 03       		.uleb128 0x3
 1897 0069 0E       		.uleb128 0xe
 1898 006a 3A       		.uleb128 0x3a
 1899 006b 0B       		.uleb128 0xb
 1900 006c 3B       		.uleb128 0x3b
 1901 006d 05       		.uleb128 0x5
 1902 006e 49       		.uleb128 0x49
 1903 006f 13       		.uleb128 0x13
 1904 0070 3F       		.uleb128 0x3f
 1905 0071 19       		.uleb128 0x19
 1906 0072 02       		.uleb128 0x2
 1907 0073 18       		.uleb128 0x18
 1908 0074 00       		.byte	0
 1909 0075 00       		.byte	0
 1910 0076 00       		.byte	0
 1911              		.section	.debug_aranges,"",%progbits
 1912 0000 14000000 		.4byte	0x14
 1913 0004 0200     		.2byte	0x2
 1914 0006 00000000 		.4byte	.Ldebug_info0
 1915 000a 04       		.byte	0x4
 1916 000b 00       		.byte	0
 1917 000c 0000     		.2byte	0
 1918 000e 0000     		.2byte	0
 1919 0010 00000000 		.4byte	0
 1920 0014 00000000 		.4byte	0
 1921              		.section	.debug_line,"",%progbits
 1922              	.Ldebug_line0:
 1923 0000 3D010000 		.section	.debug_str,"MS",%progbits,1
 1923      02003701 
 1923      00000201 
 1923      FB0E0D00 
 1923      01010101 
 1924              	.LASF9:
 1925 0000 5F5F7569 		.ascii	"__uint8_t\000"
 1925      6E74385F 
 1925      7400
 1926              	.LASF16:
 1927 000a 63795F6D 		.ascii	"cy_metadata\000"
 1927      65746164 
ARM GAS  C:\Users\user\AppData\Local\Temp\ccoCg0sW.s 			page 35


 1927      61746100 
 1928              	.LASF1:
 1929 0016 756E7369 		.ascii	"unsigned char\000"
 1929      676E6564 
 1929      20636861 
 1929      7200
 1930              	.LASF17:
 1931 0024 474E5520 		.ascii	"GNU C11 5.4.1 20160609 (release) [ARM/embedded-5-br"
 1931      43313120 
 1931      352E342E 
 1931      31203230 
 1931      31363036 
 1932 0057 616E6368 		.ascii	"anch revision 237715] -mcpu=cortex-m3 -mthumb -g -O"
 1932      20726576 
 1932      6973696F 
 1932      6E203233 
 1932      37373135 
 1933 008a 67202D66 		.ascii	"g -ffunction-sections -ffat-lto-objects\000"
 1933      66756E63 
 1933      74696F6E 
 1933      2D736563 
 1933      74696F6E 
 1934              	.LASF5:
 1935 00b2 6C6F6E67 		.ascii	"long unsigned int\000"
 1935      20756E73 
 1935      69676E65 
 1935      6420696E 
 1935      7400
 1936              	.LASF3:
 1937 00c4 73686F72 		.ascii	"short unsigned int\000"
 1937      7420756E 
 1937      7369676E 
 1937      65642069 
 1937      6E7400
 1938              	.LASF13:
 1939 00d7 63795F6D 		.ascii	"cy_meta_custnvl\000"
 1939      6574615F 
 1939      63757374 
 1939      6E766C00 
 1940              	.LASF12:
 1941 00e7 63795F6D 		.ascii	"cy_meta_configecc\000"
 1941      6574615F 
 1941      636F6E66 
 1941      69676563 
 1941      6300
 1942              	.LASF8:
 1943 00f9 756E7369 		.ascii	"unsigned int\000"
 1943      676E6564 
 1943      20696E74 
 1943      00
 1944              	.LASF7:
 1945 0106 6C6F6E67 		.ascii	"long long unsigned int\000"
 1945      206C6F6E 
 1945      6720756E 
 1945      7369676E 
 1945      65642069 
 1946              	.LASF10:
ARM GAS  C:\Users\user\AppData\Local\Temp\ccoCg0sW.s 			page 36


 1947 011d 75696E74 		.ascii	"uint8_t\000"
 1947      385F7400 
 1948              	.LASF15:
 1949 0125 63795F6D 		.ascii	"cy_meta_flashprotect\000"
 1949      6574615F 
 1949      666C6173 
 1949      6870726F 
 1949      74656374 
 1950              	.LASF14:
 1951 013a 63795F6D 		.ascii	"cy_meta_wonvl\000"
 1951      6574615F 
 1951      776F6E76 
 1951      6C00
 1952              	.LASF11:
 1953 0148 73697A65 		.ascii	"sizetype\000"
 1953      74797065 
 1953      00
 1954              	.LASF6:
 1955 0151 6C6F6E67 		.ascii	"long long int\000"
 1955      206C6F6E 
 1955      6720696E 
 1955      7400
 1956              	.LASF2:
 1957 015f 73686F72 		.ascii	"short int\000"
 1957      7420696E 
 1957      7400
 1958              	.LASF4:
 1959 0169 6C6F6E67 		.ascii	"long int\000"
 1959      20696E74 
 1959      00
 1960              	.LASF0:
 1961 0172 7369676E 		.ascii	"signed char\000"
 1961      65642063 
 1961      68617200 
 1962              	.LASF19:
 1963 017e 473A5C44 		.ascii	"G:\\DSA\\PORIGE\\Workspace03\\Design01.cydsn\000"
 1963      53415C50 
 1963      4F524947 
 1963      455C576F 
 1963      726B7370 
 1964              	.LASF18:
 1965 01a7 47656E65 		.ascii	"Generated_Source\\PSoC5\\cymetadata.c\000"
 1965      72617465 
 1965      645F536F 
 1965      75726365 
 1965      5C50536F 
 1966              		.ident	"GCC: (GNU Tools for ARM Embedded Processors) 5.4.1 20160609 (release) [ARM/embedded-5-bran
