ARM GAS  C:\Users\user\AppData\Local\Temp\cczRWaT0.s 			page 1


   1              		.syntax unified
   2              		.cpu cortex-m3
   3              		.fpu softvfp
   4              		.eabi_attribute 20, 1
   5              		.eabi_attribute 21, 1
   6              		.eabi_attribute 23, 3
   7              		.eabi_attribute 24, 1
   8              		.eabi_attribute 25, 1
   9              		.eabi_attribute 26, 1
  10              		.eabi_attribute 30, 1
  11              		.eabi_attribute 34, 1
  12              		.eabi_attribute 18, 4
  13              		.thumb
  14              		.syntax unified
  15              		.file	"PowerMonitor_1_ADC_PM.c"
  16              		.text
  17              	.Ltext0:
  18              		.cfi_sections	.debug_frame
  19              		.section	.text.PowerMonitor_1_ADC_SaveConfig,"ax",%progbits
  20              		.align	2
  21              		.global	PowerMonitor_1_ADC_SaveConfig
  22              		.thumb
  23              		.thumb_func
  24              		.type	PowerMonitor_1_ADC_SaveConfig, %function
  25              	PowerMonitor_1_ADC_SaveConfig:
  26              	.LFB0:
  27              		.file 1 "Generated_Source\\PSoC5\\PowerMonitor_1_ADC_PM.c"
   1:Generated_Source\PSoC5/PowerMonitor_1_ADC_PM.c **** /*******************************************************************************
   2:Generated_Source\PSoC5/PowerMonitor_1_ADC_PM.c **** * File Name: PowerMonitor_1_ADC_PM.c  
   3:Generated_Source\PSoC5/PowerMonitor_1_ADC_PM.c **** * Version 2.30
   4:Generated_Source\PSoC5/PowerMonitor_1_ADC_PM.c **** *
   5:Generated_Source\PSoC5/PowerMonitor_1_ADC_PM.c **** * Description:
   6:Generated_Source\PSoC5/PowerMonitor_1_ADC_PM.c **** *  This file provides the power manager source code to the API for the 
   7:Generated_Source\PSoC5/PowerMonitor_1_ADC_PM.c **** *  Delta-Sigma ADC Component.
   8:Generated_Source\PSoC5/PowerMonitor_1_ADC_PM.c **** *
   9:Generated_Source\PSoC5/PowerMonitor_1_ADC_PM.c **** * Note:
  10:Generated_Source\PSoC5/PowerMonitor_1_ADC_PM.c **** *
  11:Generated_Source\PSoC5/PowerMonitor_1_ADC_PM.c **** *******************************************************************************
  12:Generated_Source\PSoC5/PowerMonitor_1_ADC_PM.c **** * Copyright 2008-2012, Cypress Semiconductor Corporation.  All rights reserved.
  13:Generated_Source\PSoC5/PowerMonitor_1_ADC_PM.c **** * You may use this file only in accordance with the license, terms, conditions, 
  14:Generated_Source\PSoC5/PowerMonitor_1_ADC_PM.c **** * disclaimers, and limitations in the end user license agreement accompanying 
  15:Generated_Source\PSoC5/PowerMonitor_1_ADC_PM.c **** * the software package with which this file was provided.
  16:Generated_Source\PSoC5/PowerMonitor_1_ADC_PM.c **** ********************************************************************************/
  17:Generated_Source\PSoC5/PowerMonitor_1_ADC_PM.c **** 
  18:Generated_Source\PSoC5/PowerMonitor_1_ADC_PM.c **** #include "PowerMonitor_1_ADC.h"
  19:Generated_Source\PSoC5/PowerMonitor_1_ADC_PM.c **** 
  20:Generated_Source\PSoC5/PowerMonitor_1_ADC_PM.c **** static PowerMonitor_1_ADC_BACKUP_STRUCT PowerMonitor_1_ADC_backup = 
  21:Generated_Source\PSoC5/PowerMonitor_1_ADC_PM.c **** {
  22:Generated_Source\PSoC5/PowerMonitor_1_ADC_PM.c ****     PowerMonitor_1_ADC_DISABLED,
  23:Generated_Source\PSoC5/PowerMonitor_1_ADC_PM.c ****     PowerMonitor_1_ADC_CFG1_DEC_CR
  24:Generated_Source\PSoC5/PowerMonitor_1_ADC_PM.c **** };
  25:Generated_Source\PSoC5/PowerMonitor_1_ADC_PM.c **** 
  26:Generated_Source\PSoC5/PowerMonitor_1_ADC_PM.c **** 
  27:Generated_Source\PSoC5/PowerMonitor_1_ADC_PM.c **** /*******************************************************************************  
  28:Generated_Source\PSoC5/PowerMonitor_1_ADC_PM.c **** * Function Name: PowerMonitor_1_ADC_SaveConfig
  29:Generated_Source\PSoC5/PowerMonitor_1_ADC_PM.c **** ********************************************************************************
  30:Generated_Source\PSoC5/PowerMonitor_1_ADC_PM.c **** *
ARM GAS  C:\Users\user\AppData\Local\Temp\cczRWaT0.s 			page 2


  31:Generated_Source\PSoC5/PowerMonitor_1_ADC_PM.c **** * Summary:
  32:Generated_Source\PSoC5/PowerMonitor_1_ADC_PM.c **** *  Save the register configuration which are not retention.
  33:Generated_Source\PSoC5/PowerMonitor_1_ADC_PM.c **** * 
  34:Generated_Source\PSoC5/PowerMonitor_1_ADC_PM.c **** * Parameters:
  35:Generated_Source\PSoC5/PowerMonitor_1_ADC_PM.c **** *  void
  36:Generated_Source\PSoC5/PowerMonitor_1_ADC_PM.c **** * 
  37:Generated_Source\PSoC5/PowerMonitor_1_ADC_PM.c **** * Return:
  38:Generated_Source\PSoC5/PowerMonitor_1_ADC_PM.c **** *  void
  39:Generated_Source\PSoC5/PowerMonitor_1_ADC_PM.c **** *
  40:Generated_Source\PSoC5/PowerMonitor_1_ADC_PM.c **** * Global variables:
  41:Generated_Source\PSoC5/PowerMonitor_1_ADC_PM.c **** *  PowerMonitor_1_ADC_backup:  This global structure variable is used to store 
  42:Generated_Source\PSoC5/PowerMonitor_1_ADC_PM.c **** *  configuration registers which are non retention whenever user wants to go 
  43:Generated_Source\PSoC5/PowerMonitor_1_ADC_PM.c **** *  sleep mode by calling Sleep() API.
  44:Generated_Source\PSoC5/PowerMonitor_1_ADC_PM.c **** *
  45:Generated_Source\PSoC5/PowerMonitor_1_ADC_PM.c **** *******************************************************************************/
  46:Generated_Source\PSoC5/PowerMonitor_1_ADC_PM.c **** void PowerMonitor_1_ADC_SaveConfig(void) 
  47:Generated_Source\PSoC5/PowerMonitor_1_ADC_PM.c **** {
  28              		.loc 1 47 0
  29              		.cfi_startproc
  30              		@ args = 0, pretend = 0, frame = 0
  31              		@ frame_needed = 0, uses_anonymous_args = 0
  32              		@ link register save eliminated.
  48:Generated_Source\PSoC5/PowerMonitor_1_ADC_PM.c ****     PowerMonitor_1_ADC_backup.deccr = PowerMonitor_1_ADC_DEC_CR_REG;
  33              		.loc 1 48 0
  34 0000 024B     		ldr	r3, .L2
  35 0002 1A78     		ldrb	r2, [r3]	@ zero_extendqisi2
  36 0004 024B     		ldr	r3, .L2+4
  37 0006 5A70     		strb	r2, [r3, #1]
  38 0008 7047     		bx	lr
  39              	.L3:
  40 000a 00BF     		.align	2
  41              	.L2:
  42 000c 004E0040 		.word	1073761792
  43 0010 00000000 		.word	.LANCHOR0
  44              		.cfi_endproc
  45              	.LFE0:
  46              		.size	PowerMonitor_1_ADC_SaveConfig, .-PowerMonitor_1_ADC_SaveConfig
  47              		.section	.text.PowerMonitor_1_ADC_RestoreConfig,"ax",%progbits
  48              		.align	2
  49              		.global	PowerMonitor_1_ADC_RestoreConfig
  50              		.thumb
  51              		.thumb_func
  52              		.type	PowerMonitor_1_ADC_RestoreConfig, %function
  53              	PowerMonitor_1_ADC_RestoreConfig:
  54              	.LFB1:
  49:Generated_Source\PSoC5/PowerMonitor_1_ADC_PM.c **** }
  50:Generated_Source\PSoC5/PowerMonitor_1_ADC_PM.c **** 
  51:Generated_Source\PSoC5/PowerMonitor_1_ADC_PM.c **** 
  52:Generated_Source\PSoC5/PowerMonitor_1_ADC_PM.c **** /*******************************************************************************  
  53:Generated_Source\PSoC5/PowerMonitor_1_ADC_PM.c **** * Function Name: PowerMonitor_1_ADC_RestoreConfig
  54:Generated_Source\PSoC5/PowerMonitor_1_ADC_PM.c **** ********************************************************************************
  55:Generated_Source\PSoC5/PowerMonitor_1_ADC_PM.c **** *
  56:Generated_Source\PSoC5/PowerMonitor_1_ADC_PM.c **** * Summary:
  57:Generated_Source\PSoC5/PowerMonitor_1_ADC_PM.c **** *  Restore the register configurations which are not retention.
  58:Generated_Source\PSoC5/PowerMonitor_1_ADC_PM.c **** * 
  59:Generated_Source\PSoC5/PowerMonitor_1_ADC_PM.c **** * Parameters:
  60:Generated_Source\PSoC5/PowerMonitor_1_ADC_PM.c **** *  void
ARM GAS  C:\Users\user\AppData\Local\Temp\cczRWaT0.s 			page 3


  61:Generated_Source\PSoC5/PowerMonitor_1_ADC_PM.c **** * 
  62:Generated_Source\PSoC5/PowerMonitor_1_ADC_PM.c **** * Return:
  63:Generated_Source\PSoC5/PowerMonitor_1_ADC_PM.c **** *  void
  64:Generated_Source\PSoC5/PowerMonitor_1_ADC_PM.c **** *
  65:Generated_Source\PSoC5/PowerMonitor_1_ADC_PM.c **** * Global variables:
  66:Generated_Source\PSoC5/PowerMonitor_1_ADC_PM.c **** *  PowerMonitor_1_ADC_backup:  This global structure variable is used to restore 
  67:Generated_Source\PSoC5/PowerMonitor_1_ADC_PM.c **** *  configuration registers which are non retention whenever user wants to switch 
  68:Generated_Source\PSoC5/PowerMonitor_1_ADC_PM.c **** *  to active power mode by calling Wakeup() API.
  69:Generated_Source\PSoC5/PowerMonitor_1_ADC_PM.c **** *
  70:Generated_Source\PSoC5/PowerMonitor_1_ADC_PM.c **** *******************************************************************************/
  71:Generated_Source\PSoC5/PowerMonitor_1_ADC_PM.c **** void PowerMonitor_1_ADC_RestoreConfig(void) 
  72:Generated_Source\PSoC5/PowerMonitor_1_ADC_PM.c **** {
  55              		.loc 1 72 0
  56              		.cfi_startproc
  57              		@ args = 0, pretend = 0, frame = 0
  58              		@ frame_needed = 0, uses_anonymous_args = 0
  59              		@ link register save eliminated.
  73:Generated_Source\PSoC5/PowerMonitor_1_ADC_PM.c ****     PowerMonitor_1_ADC_DEC_CR_REG = PowerMonitor_1_ADC_backup.deccr;
  60              		.loc 1 73 0
  61 0000 024B     		ldr	r3, .L5
  62 0002 5A78     		ldrb	r2, [r3, #1]	@ zero_extendqisi2
  63 0004 024B     		ldr	r3, .L5+4
  64 0006 1A70     		strb	r2, [r3]
  65 0008 7047     		bx	lr
  66              	.L6:
  67 000a 00BF     		.align	2
  68              	.L5:
  69 000c 00000000 		.word	.LANCHOR0
  70 0010 004E0040 		.word	1073761792
  71              		.cfi_endproc
  72              	.LFE1:
  73              		.size	PowerMonitor_1_ADC_RestoreConfig, .-PowerMonitor_1_ADC_RestoreConfig
  74              		.section	.text.PowerMonitor_1_ADC_Sleep,"ax",%progbits
  75              		.align	2
  76              		.global	PowerMonitor_1_ADC_Sleep
  77              		.thumb
  78              		.thumb_func
  79              		.type	PowerMonitor_1_ADC_Sleep, %function
  80              	PowerMonitor_1_ADC_Sleep:
  81              	.LFB2:
  74:Generated_Source\PSoC5/PowerMonitor_1_ADC_PM.c **** }
  75:Generated_Source\PSoC5/PowerMonitor_1_ADC_PM.c **** 
  76:Generated_Source\PSoC5/PowerMonitor_1_ADC_PM.c **** 
  77:Generated_Source\PSoC5/PowerMonitor_1_ADC_PM.c **** /******************************************************************************* 
  78:Generated_Source\PSoC5/PowerMonitor_1_ADC_PM.c **** * Function Name: PowerMonitor_1_ADC_Sleep
  79:Generated_Source\PSoC5/PowerMonitor_1_ADC_PM.c **** ********************************************************************************
  80:Generated_Source\PSoC5/PowerMonitor_1_ADC_PM.c **** *
  81:Generated_Source\PSoC5/PowerMonitor_1_ADC_PM.c **** * Summary:
  82:Generated_Source\PSoC5/PowerMonitor_1_ADC_PM.c **** *  Stops the operation of the block and saves the user configuration. 
  83:Generated_Source\PSoC5/PowerMonitor_1_ADC_PM.c **** *  
  84:Generated_Source\PSoC5/PowerMonitor_1_ADC_PM.c **** * Parameters:  
  85:Generated_Source\PSoC5/PowerMonitor_1_ADC_PM.c **** *  void
  86:Generated_Source\PSoC5/PowerMonitor_1_ADC_PM.c **** *
  87:Generated_Source\PSoC5/PowerMonitor_1_ADC_PM.c **** * Return: 
  88:Generated_Source\PSoC5/PowerMonitor_1_ADC_PM.c **** *  void
  89:Generated_Source\PSoC5/PowerMonitor_1_ADC_PM.c **** *
  90:Generated_Source\PSoC5/PowerMonitor_1_ADC_PM.c **** * Global variables:
ARM GAS  C:\Users\user\AppData\Local\Temp\cczRWaT0.s 			page 4


  91:Generated_Source\PSoC5/PowerMonitor_1_ADC_PM.c **** *  PowerMonitor_1_ADC_backup:  The structure field 'enableState' is modified 
  92:Generated_Source\PSoC5/PowerMonitor_1_ADC_PM.c **** *  depending on the enable state of the block before entering to sleep mode.
  93:Generated_Source\PSoC5/PowerMonitor_1_ADC_PM.c **** *
  94:Generated_Source\PSoC5/PowerMonitor_1_ADC_PM.c **** *******************************************************************************/
  95:Generated_Source\PSoC5/PowerMonitor_1_ADC_PM.c **** void PowerMonitor_1_ADC_Sleep(void) 
  96:Generated_Source\PSoC5/PowerMonitor_1_ADC_PM.c **** {
  82              		.loc 1 96 0
  83              		.cfi_startproc
  84              		@ args = 0, pretend = 0, frame = 0
  85              		@ frame_needed = 0, uses_anonymous_args = 0
  86 0000 08B5     		push	{r3, lr}
  87              		.cfi_def_cfa_offset 8
  88              		.cfi_offset 3, -8
  89              		.cfi_offset 14, -4
  97:Generated_Source\PSoC5/PowerMonitor_1_ADC_PM.c ****     /* Save ADC enable state */
  98:Generated_Source\PSoC5/PowerMonitor_1_ADC_PM.c ****     if((PowerMonitor_1_ADC_ACT_PWR_DEC_EN == (PowerMonitor_1_ADC_PWRMGR_DEC_REG & PowerMonitor_1_AD
  90              		.loc 1 98 0
  91 0002 0B4B     		ldr	r3, .L11
  92 0004 1B78     		ldrb	r3, [r3]	@ zero_extendqisi2
  93 0006 13F0010F 		tst	r3, #1
  94 000a 08D0     		beq	.L8
  99:Generated_Source\PSoC5/PowerMonitor_1_ADC_PM.c ****        (PowerMonitor_1_ADC_ACT_PWR_DSM_EN == (PowerMonitor_1_ADC_PWRMGR_DSM_REG & PowerMonitor_1_AD
  95              		.loc 1 99 0 discriminator 1
  96 000c 084B     		ldr	r3, .L11
  97 000e 1B78     		ldrb	r3, [r3]	@ zero_extendqisi2
  98:Generated_Source\PSoC5/PowerMonitor_1_ADC_PM.c ****        (PowerMonitor_1_ADC_ACT_PWR_DSM_EN == (PowerMonitor_1_ADC_PWRMGR_DSM_REG & PowerMonitor_1_AD
  98              		.loc 1 98 0 discriminator 1
  99 0010 13F0100F 		tst	r3, #16
 100 0014 03D0     		beq	.L8
 100:Generated_Source\PSoC5/PowerMonitor_1_ADC_PM.c ****     {
 101:Generated_Source\PSoC5/PowerMonitor_1_ADC_PM.c ****         /* Component is enabled */
 102:Generated_Source\PSoC5/PowerMonitor_1_ADC_PM.c ****         PowerMonitor_1_ADC_backup.enableState = PowerMonitor_1_ADC_ENABLED;
 101              		.loc 1 102 0
 102 0016 0122     		movs	r2, #1
 103 0018 064B     		ldr	r3, .L11+4
 104 001a 1A70     		strb	r2, [r3]
 105 001c 02E0     		b	.L9
 106              	.L8:
 103:Generated_Source\PSoC5/PowerMonitor_1_ADC_PM.c ****     }
 104:Generated_Source\PSoC5/PowerMonitor_1_ADC_PM.c ****     else
 105:Generated_Source\PSoC5/PowerMonitor_1_ADC_PM.c ****     {
 106:Generated_Source\PSoC5/PowerMonitor_1_ADC_PM.c ****         /* Component is disabled */
 107:Generated_Source\PSoC5/PowerMonitor_1_ADC_PM.c ****         PowerMonitor_1_ADC_backup.enableState = PowerMonitor_1_ADC_DISABLED;
 107              		.loc 1 107 0
 108 001e 0022     		movs	r2, #0
 109 0020 044B     		ldr	r3, .L11+4
 110 0022 1A70     		strb	r2, [r3]
 111              	.L9:
 108:Generated_Source\PSoC5/PowerMonitor_1_ADC_PM.c ****     }
 109:Generated_Source\PSoC5/PowerMonitor_1_ADC_PM.c **** 
 110:Generated_Source\PSoC5/PowerMonitor_1_ADC_PM.c ****     /* Stop the configuration */
 111:Generated_Source\PSoC5/PowerMonitor_1_ADC_PM.c ****     PowerMonitor_1_ADC_Stop();
 112              		.loc 1 111 0
 113 0024 FFF7FEFF 		bl	PowerMonitor_1_ADC_Stop
 114              	.LVL0:
 112:Generated_Source\PSoC5/PowerMonitor_1_ADC_PM.c **** 
 113:Generated_Source\PSoC5/PowerMonitor_1_ADC_PM.c ****     /* Save the user configuration */
ARM GAS  C:\Users\user\AppData\Local\Temp\cczRWaT0.s 			page 5


 114:Generated_Source\PSoC5/PowerMonitor_1_ADC_PM.c ****     PowerMonitor_1_ADC_SaveConfig();
 115              		.loc 1 114 0
 116 0028 FFF7FEFF 		bl	PowerMonitor_1_ADC_SaveConfig
 117              	.LVL1:
 118 002c 08BD     		pop	{r3, pc}
 119              	.L12:
 120 002e 00BF     		.align	2
 121              	.L11:
 122 0030 AA430040 		.word	1073759146
 123 0034 00000000 		.word	.LANCHOR0
 124              		.cfi_endproc
 125              	.LFE2:
 126              		.size	PowerMonitor_1_ADC_Sleep, .-PowerMonitor_1_ADC_Sleep
 127              		.section	.text.PowerMonitor_1_ADC_Wakeup,"ax",%progbits
 128              		.align	2
 129              		.global	PowerMonitor_1_ADC_Wakeup
 130              		.thumb
 131              		.thumb_func
 132              		.type	PowerMonitor_1_ADC_Wakeup, %function
 133              	PowerMonitor_1_ADC_Wakeup:
 134              	.LFB3:
 115:Generated_Source\PSoC5/PowerMonitor_1_ADC_PM.c **** }
 116:Generated_Source\PSoC5/PowerMonitor_1_ADC_PM.c **** 
 117:Generated_Source\PSoC5/PowerMonitor_1_ADC_PM.c **** 
 118:Generated_Source\PSoC5/PowerMonitor_1_ADC_PM.c **** /******************************************************************************* 
 119:Generated_Source\PSoC5/PowerMonitor_1_ADC_PM.c **** * Function Name: PowerMonitor_1_ADC_Wakeup
 120:Generated_Source\PSoC5/PowerMonitor_1_ADC_PM.c **** ********************************************************************************
 121:Generated_Source\PSoC5/PowerMonitor_1_ADC_PM.c **** *
 122:Generated_Source\PSoC5/PowerMonitor_1_ADC_PM.c **** * Summary:
 123:Generated_Source\PSoC5/PowerMonitor_1_ADC_PM.c **** *  Restores the user configuration and enables the power to the block.
 124:Generated_Source\PSoC5/PowerMonitor_1_ADC_PM.c **** *  
 125:Generated_Source\PSoC5/PowerMonitor_1_ADC_PM.c **** * Parameters:  
 126:Generated_Source\PSoC5/PowerMonitor_1_ADC_PM.c **** *  void
 127:Generated_Source\PSoC5/PowerMonitor_1_ADC_PM.c **** *
 128:Generated_Source\PSoC5/PowerMonitor_1_ADC_PM.c **** * Return: 
 129:Generated_Source\PSoC5/PowerMonitor_1_ADC_PM.c **** *  void
 130:Generated_Source\PSoC5/PowerMonitor_1_ADC_PM.c **** *
 131:Generated_Source\PSoC5/PowerMonitor_1_ADC_PM.c **** * Global variables:
 132:Generated_Source\PSoC5/PowerMonitor_1_ADC_PM.c **** *  PowerMonitor_1_ADC_backup:  The structure field 'enableState' is used to 
 133:Generated_Source\PSoC5/PowerMonitor_1_ADC_PM.c **** *  restore the enable state of block after wakeup from sleep mode.
 134:Generated_Source\PSoC5/PowerMonitor_1_ADC_PM.c **** *
 135:Generated_Source\PSoC5/PowerMonitor_1_ADC_PM.c **** *******************************************************************************/
 136:Generated_Source\PSoC5/PowerMonitor_1_ADC_PM.c **** void PowerMonitor_1_ADC_Wakeup(void) 
 137:Generated_Source\PSoC5/PowerMonitor_1_ADC_PM.c **** {
 135              		.loc 1 137 0
 136              		.cfi_startproc
 137              		@ args = 0, pretend = 0, frame = 0
 138              		@ frame_needed = 0, uses_anonymous_args = 0
 139 0000 08B5     		push	{r3, lr}
 140              		.cfi_def_cfa_offset 8
 141              		.cfi_offset 3, -8
 142              		.cfi_offset 14, -4
 138:Generated_Source\PSoC5/PowerMonitor_1_ADC_PM.c ****     /* Restore the configuration */
 139:Generated_Source\PSoC5/PowerMonitor_1_ADC_PM.c ****     PowerMonitor_1_ADC_RestoreConfig();
 143              		.loc 1 139 0
 144 0002 FFF7FEFF 		bl	PowerMonitor_1_ADC_RestoreConfig
 145              	.LVL2:
ARM GAS  C:\Users\user\AppData\Local\Temp\cczRWaT0.s 			page 6


 140:Generated_Source\PSoC5/PowerMonitor_1_ADC_PM.c **** 
 141:Generated_Source\PSoC5/PowerMonitor_1_ADC_PM.c ****     /* Enable's the component operation */
 142:Generated_Source\PSoC5/PowerMonitor_1_ADC_PM.c ****     if(PowerMonitor_1_ADC_backup.enableState == PowerMonitor_1_ADC_ENABLED)
 146              		.loc 1 142 0
 147 0006 074B     		ldr	r3, .L16
 148 0008 1B78     		ldrb	r3, [r3]	@ zero_extendqisi2
 149 000a 012B     		cmp	r3, #1
 150 000c 08D1     		bne	.L13
 143:Generated_Source\PSoC5/PowerMonitor_1_ADC_PM.c ****     {
 144:Generated_Source\PSoC5/PowerMonitor_1_ADC_PM.c ****         PowerMonitor_1_ADC_Enable();
 151              		.loc 1 144 0
 152 000e FFF7FEFF 		bl	PowerMonitor_1_ADC_Enable
 153              	.LVL3:
 145:Generated_Source\PSoC5/PowerMonitor_1_ADC_PM.c **** 
 146:Generated_Source\PSoC5/PowerMonitor_1_ADC_PM.c ****         /* Start the conversion only if conversion is not triggered by the hardware */
 147:Generated_Source\PSoC5/PowerMonitor_1_ADC_PM.c ****         if(!(PowerMonitor_1_ADC_DEC_CR_REG & PowerMonitor_1_ADC_DEC_XSTART_EN))
 154              		.loc 1 147 0
 155 0012 054B     		ldr	r3, .L16+4
 156 0014 1B78     		ldrb	r3, [r3]	@ zero_extendqisi2
 157 0016 13F0020F 		tst	r3, #2
 158 001a 01D1     		bne	.L13
 148:Generated_Source\PSoC5/PowerMonitor_1_ADC_PM.c ****         {
 149:Generated_Source\PSoC5/PowerMonitor_1_ADC_PM.c ****             PowerMonitor_1_ADC_StartConvert();
 159              		.loc 1 149 0
 160 001c FFF7FEFF 		bl	PowerMonitor_1_ADC_StartConvert
 161              	.LVL4:
 162              	.L13:
 163 0020 08BD     		pop	{r3, pc}
 164              	.L17:
 165 0022 00BF     		.align	2
 166              	.L16:
 167 0024 00000000 		.word	.LANCHOR0
 168 0028 004E0040 		.word	1073761792
 169              		.cfi_endproc
 170              	.LFE3:
 171              		.size	PowerMonitor_1_ADC_Wakeup, .-PowerMonitor_1_ADC_Wakeup
 172              		.data
 173              		.align	2
 174              		.set	.LANCHOR0,. + 0
 175              		.type	PowerMonitor_1_ADC_backup, %object
 176              		.size	PowerMonitor_1_ADC_backup, 2
 177              	PowerMonitor_1_ADC_backup:
 178 0000 00       		.byte	0
 179 0001 30       		.byte	48
 180              		.text
 181              	.Letext0:
 182              		.file 2 "Generated_Source\\PSoC5\\cytypes.h"
 183              		.file 3 "Generated_Source\\PSoC5\\PowerMonitor_1_ADC.h"
 184              		.section	.debug_info,"",%progbits
 185              	.Ldebug_info0:
 186 0000 85010000 		.4byte	0x185
 187 0004 0400     		.2byte	0x4
 188 0006 00000000 		.4byte	.Ldebug_abbrev0
 189 000a 04       		.byte	0x4
 190 000b 01       		.uleb128 0x1
 191 000c F0000000 		.4byte	.LASF26
 192 0010 0C       		.byte	0xc
ARM GAS  C:\Users\user\AppData\Local\Temp\cczRWaT0.s 			page 7


 193 0011 00000000 		.4byte	.LASF27
 194 0015 A4020000 		.4byte	.LASF28
 195 0019 00000000 		.4byte	.Ldebug_ranges0+0
 196 001d 00000000 		.4byte	0
 197 0021 00000000 		.4byte	.Ldebug_line0
 198 0025 02       		.uleb128 0x2
 199 0026 01       		.byte	0x1
 200 0027 06       		.byte	0x6
 201 0028 98020000 		.4byte	.LASF0
 202 002c 02       		.uleb128 0x2
 203 002d 01       		.byte	0x1
 204 002e 08       		.byte	0x8
 205 002f E2000000 		.4byte	.LASF1
 206 0033 02       		.uleb128 0x2
 207 0034 02       		.byte	0x2
 208 0035 05       		.byte	0x5
 209 0036 6D020000 		.4byte	.LASF2
 210 003a 02       		.uleb128 0x2
 211 003b 02       		.byte	0x2
 212 003c 07       		.byte	0x7
 213 003d 90000000 		.4byte	.LASF3
 214 0041 02       		.uleb128 0x2
 215 0042 04       		.byte	0x4
 216 0043 05       		.byte	0x5
 217 0044 77020000 		.4byte	.LASF4
 218 0048 02       		.uleb128 0x2
 219 0049 04       		.byte	0x4
 220 004a 07       		.byte	0x7
 221 004b A1010000 		.4byte	.LASF5
 222 004f 02       		.uleb128 0x2
 223 0050 08       		.byte	0x8
 224 0051 05       		.byte	0x5
 225 0052 40020000 		.4byte	.LASF6
 226 0056 02       		.uleb128 0x2
 227 0057 08       		.byte	0x8
 228 0058 07       		.byte	0x7
 229 0059 20020000 		.4byte	.LASF7
 230 005d 03       		.uleb128 0x3
 231 005e 04       		.byte	0x4
 232 005f 05       		.byte	0x5
 233 0060 696E7400 		.ascii	"int\000"
 234 0064 02       		.uleb128 0x2
 235 0065 04       		.byte	0x4
 236 0066 07       		.byte	0x7
 237 0067 13020000 		.4byte	.LASF8
 238 006b 04       		.uleb128 0x4
 239 006c B3010000 		.4byte	.LASF12
 240 0070 02       		.byte	0x2
 241 0071 9201     		.2byte	0x192
 242 0073 2C000000 		.4byte	0x2c
 243 0077 02       		.uleb128 0x2
 244 0078 04       		.byte	0x4
 245 0079 04       		.byte	0x4
 246 007a 2F000000 		.4byte	.LASF9
 247 007e 02       		.uleb128 0x2
 248 007f 08       		.byte	0x8
 249 0080 04       		.byte	0x4
ARM GAS  C:\Users\user\AppData\Local\Temp\cczRWaT0.s 			page 8


 250 0081 B9010000 		.4byte	.LASF10
 251 0085 02       		.uleb128 0x2
 252 0086 01       		.byte	0x1
 253 0087 08       		.byte	0x8
 254 0088 4E020000 		.4byte	.LASF11
 255 008c 04       		.uleb128 0x4
 256 008d 7E010000 		.4byte	.LASF13
 257 0091 02       		.byte	0x2
 258 0092 3C02     		.2byte	0x23c
 259 0094 98000000 		.4byte	0x98
 260 0098 05       		.uleb128 0x5
 261 0099 6B000000 		.4byte	0x6b
 262 009d 02       		.uleb128 0x2
 263 009e 08       		.byte	0x8
 264 009f 04       		.byte	0x4
 265 00a0 8C020000 		.4byte	.LASF14
 266 00a4 02       		.uleb128 0x2
 267 00a5 04       		.byte	0x4
 268 00a6 07       		.byte	0x7
 269 00a7 37020000 		.4byte	.LASF15
 270 00ab 06       		.uleb128 0x6
 271 00ac 70000000 		.4byte	.LASF29
 272 00b0 02       		.byte	0x2
 273 00b1 03       		.byte	0x3
 274 00b2 26       		.byte	0x26
 275 00b3 D0000000 		.4byte	0xd0
 276 00b7 07       		.uleb128 0x7
 277 00b8 80020000 		.4byte	.LASF16
 278 00bc 03       		.byte	0x3
 279 00bd 28       		.byte	0x28
 280 00be 6B000000 		.4byte	0x6b
 281 00c2 00       		.byte	0
 282 00c3 07       		.uleb128 0x7
 283 00c4 A3000000 		.4byte	.LASF17
 284 00c8 03       		.byte	0x3
 285 00c9 29       		.byte	0x29
 286 00ca 6B000000 		.4byte	0x6b
 287 00ce 01       		.byte	0x1
 288 00cf 00       		.byte	0
 289 00d0 08       		.uleb128 0x8
 290 00d1 35000000 		.4byte	.LASF18
 291 00d5 03       		.byte	0x3
 292 00d6 2A       		.byte	0x2a
 293 00d7 AB000000 		.4byte	0xab
 294 00db 09       		.uleb128 0x9
 295 00dc 83010000 		.4byte	.LASF19
 296 00e0 01       		.byte	0x1
 297 00e1 2E       		.byte	0x2e
 298 00e2 00000000 		.4byte	.LFB0
 299 00e6 14000000 		.4byte	.LFE0-.LFB0
 300 00ea 01       		.uleb128 0x1
 301 00eb 9C       		.byte	0x9c
 302 00ec 09       		.uleb128 0x9
 303 00ed C1000000 		.4byte	.LASF20
 304 00f1 01       		.byte	0x1
 305 00f2 47       		.byte	0x47
 306 00f3 00000000 		.4byte	.LFB1
ARM GAS  C:\Users\user\AppData\Local\Temp\cczRWaT0.s 			page 9


 307 00f7 14000000 		.4byte	.LFE1-.LFB1
 308 00fb 01       		.uleb128 0x1
 309 00fc 9C       		.byte	0x9c
 310 00fd 0A       		.uleb128 0xa
 311 00fe C0010000 		.4byte	.LASF21
 312 0102 01       		.byte	0x1
 313 0103 5F       		.byte	0x5f
 314 0104 00000000 		.4byte	.LFB2
 315 0108 38000000 		.4byte	.LFE2-.LFB2
 316 010c 01       		.uleb128 0x1
 317 010d 9C       		.byte	0x9c
 318 010e 25010000 		.4byte	0x125
 319 0112 0B       		.uleb128 0xb
 320 0113 28000000 		.4byte	.LVL0
 321 0117 67010000 		.4byte	0x167
 322 011b 0B       		.uleb128 0xb
 323 011c 2C000000 		.4byte	.LVL1
 324 0120 DB000000 		.4byte	0xdb
 325 0124 00       		.byte	0
 326 0125 0A       		.uleb128 0xa
 327 0126 F9010000 		.4byte	.LASF22
 328 012a 01       		.byte	0x1
 329 012b 88       		.byte	0x88
 330 012c 00000000 		.4byte	.LFB3
 331 0130 2C000000 		.4byte	.LFE3-.LFB3
 332 0134 01       		.uleb128 0x1
 333 0135 9C       		.byte	0x9c
 334 0136 56010000 		.4byte	0x156
 335 013a 0B       		.uleb128 0xb
 336 013b 06000000 		.4byte	.LVL2
 337 013f EC000000 		.4byte	0xec
 338 0143 0B       		.uleb128 0xb
 339 0144 12000000 		.4byte	.LVL3
 340 0148 72010000 		.4byte	0x172
 341 014c 0B       		.uleb128 0xb
 342 014d 20000000 		.4byte	.LVL4
 343 0151 7D010000 		.4byte	0x17d
 344 0155 00       		.byte	0
 345 0156 0C       		.uleb128 0xc
 346 0157 53020000 		.4byte	.LASF30
 347 015b 01       		.byte	0x1
 348 015c 14       		.byte	0x14
 349 015d D0000000 		.4byte	0xd0
 350 0161 05       		.uleb128 0x5
 351 0162 03       		.byte	0x3
 352 0163 00000000 		.4byte	PowerMonitor_1_ADC_backup
 353 0167 0D       		.uleb128 0xd
 354 0168 A9000000 		.4byte	.LASF23
 355 016c A9000000 		.4byte	.LASF23
 356 0170 03       		.byte	0x3
 357 0171 4A       		.byte	0x4a
 358 0172 0D       		.uleb128 0xd
 359 0173 56000000 		.4byte	.LASF24
 360 0177 56000000 		.4byte	.LASF24
 361 017b 03       		.byte	0x3
 362 017c 4E       		.byte	0x4e
 363 017d 0D       		.uleb128 0xd
ARM GAS  C:\Users\user\AppData\Local\Temp\cczRWaT0.s 			page 10


 364 017e D9010000 		.4byte	.LASF25
 365 0182 D9010000 		.4byte	.LASF25
 366 0186 03       		.byte	0x3
 367 0187 52       		.byte	0x52
 368 0188 00       		.byte	0
 369              		.section	.debug_abbrev,"",%progbits
 370              	.Ldebug_abbrev0:
 371 0000 01       		.uleb128 0x1
 372 0001 11       		.uleb128 0x11
 373 0002 01       		.byte	0x1
 374 0003 25       		.uleb128 0x25
 375 0004 0E       		.uleb128 0xe
 376 0005 13       		.uleb128 0x13
 377 0006 0B       		.uleb128 0xb
 378 0007 03       		.uleb128 0x3
 379 0008 0E       		.uleb128 0xe
 380 0009 1B       		.uleb128 0x1b
 381 000a 0E       		.uleb128 0xe
 382 000b 55       		.uleb128 0x55
 383 000c 17       		.uleb128 0x17
 384 000d 11       		.uleb128 0x11
 385 000e 01       		.uleb128 0x1
 386 000f 10       		.uleb128 0x10
 387 0010 17       		.uleb128 0x17
 388 0011 00       		.byte	0
 389 0012 00       		.byte	0
 390 0013 02       		.uleb128 0x2
 391 0014 24       		.uleb128 0x24
 392 0015 00       		.byte	0
 393 0016 0B       		.uleb128 0xb
 394 0017 0B       		.uleb128 0xb
 395 0018 3E       		.uleb128 0x3e
 396 0019 0B       		.uleb128 0xb
 397 001a 03       		.uleb128 0x3
 398 001b 0E       		.uleb128 0xe
 399 001c 00       		.byte	0
 400 001d 00       		.byte	0
 401 001e 03       		.uleb128 0x3
 402 001f 24       		.uleb128 0x24
 403 0020 00       		.byte	0
 404 0021 0B       		.uleb128 0xb
 405 0022 0B       		.uleb128 0xb
 406 0023 3E       		.uleb128 0x3e
 407 0024 0B       		.uleb128 0xb
 408 0025 03       		.uleb128 0x3
 409 0026 08       		.uleb128 0x8
 410 0027 00       		.byte	0
 411 0028 00       		.byte	0
 412 0029 04       		.uleb128 0x4
 413 002a 16       		.uleb128 0x16
 414 002b 00       		.byte	0
 415 002c 03       		.uleb128 0x3
 416 002d 0E       		.uleb128 0xe
 417 002e 3A       		.uleb128 0x3a
 418 002f 0B       		.uleb128 0xb
 419 0030 3B       		.uleb128 0x3b
 420 0031 05       		.uleb128 0x5
ARM GAS  C:\Users\user\AppData\Local\Temp\cczRWaT0.s 			page 11


 421 0032 49       		.uleb128 0x49
 422 0033 13       		.uleb128 0x13
 423 0034 00       		.byte	0
 424 0035 00       		.byte	0
 425 0036 05       		.uleb128 0x5
 426 0037 35       		.uleb128 0x35
 427 0038 00       		.byte	0
 428 0039 49       		.uleb128 0x49
 429 003a 13       		.uleb128 0x13
 430 003b 00       		.byte	0
 431 003c 00       		.byte	0
 432 003d 06       		.uleb128 0x6
 433 003e 13       		.uleb128 0x13
 434 003f 01       		.byte	0x1
 435 0040 03       		.uleb128 0x3
 436 0041 0E       		.uleb128 0xe
 437 0042 0B       		.uleb128 0xb
 438 0043 0B       		.uleb128 0xb
 439 0044 3A       		.uleb128 0x3a
 440 0045 0B       		.uleb128 0xb
 441 0046 3B       		.uleb128 0x3b
 442 0047 0B       		.uleb128 0xb
 443 0048 01       		.uleb128 0x1
 444 0049 13       		.uleb128 0x13
 445 004a 00       		.byte	0
 446 004b 00       		.byte	0
 447 004c 07       		.uleb128 0x7
 448 004d 0D       		.uleb128 0xd
 449 004e 00       		.byte	0
 450 004f 03       		.uleb128 0x3
 451 0050 0E       		.uleb128 0xe
 452 0051 3A       		.uleb128 0x3a
 453 0052 0B       		.uleb128 0xb
 454 0053 3B       		.uleb128 0x3b
 455 0054 0B       		.uleb128 0xb
 456 0055 49       		.uleb128 0x49
 457 0056 13       		.uleb128 0x13
 458 0057 38       		.uleb128 0x38
 459 0058 0B       		.uleb128 0xb
 460 0059 00       		.byte	0
 461 005a 00       		.byte	0
 462 005b 08       		.uleb128 0x8
 463 005c 16       		.uleb128 0x16
 464 005d 00       		.byte	0
 465 005e 03       		.uleb128 0x3
 466 005f 0E       		.uleb128 0xe
 467 0060 3A       		.uleb128 0x3a
 468 0061 0B       		.uleb128 0xb
 469 0062 3B       		.uleb128 0x3b
 470 0063 0B       		.uleb128 0xb
 471 0064 49       		.uleb128 0x49
 472 0065 13       		.uleb128 0x13
 473 0066 00       		.byte	0
 474 0067 00       		.byte	0
 475 0068 09       		.uleb128 0x9
 476 0069 2E       		.uleb128 0x2e
 477 006a 00       		.byte	0
ARM GAS  C:\Users\user\AppData\Local\Temp\cczRWaT0.s 			page 12


 478 006b 3F       		.uleb128 0x3f
 479 006c 19       		.uleb128 0x19
 480 006d 03       		.uleb128 0x3
 481 006e 0E       		.uleb128 0xe
 482 006f 3A       		.uleb128 0x3a
 483 0070 0B       		.uleb128 0xb
 484 0071 3B       		.uleb128 0x3b
 485 0072 0B       		.uleb128 0xb
 486 0073 27       		.uleb128 0x27
 487 0074 19       		.uleb128 0x19
 488 0075 11       		.uleb128 0x11
 489 0076 01       		.uleb128 0x1
 490 0077 12       		.uleb128 0x12
 491 0078 06       		.uleb128 0x6
 492 0079 40       		.uleb128 0x40
 493 007a 18       		.uleb128 0x18
 494 007b 9742     		.uleb128 0x2117
 495 007d 19       		.uleb128 0x19
 496 007e 00       		.byte	0
 497 007f 00       		.byte	0
 498 0080 0A       		.uleb128 0xa
 499 0081 2E       		.uleb128 0x2e
 500 0082 01       		.byte	0x1
 501 0083 3F       		.uleb128 0x3f
 502 0084 19       		.uleb128 0x19
 503 0085 03       		.uleb128 0x3
 504 0086 0E       		.uleb128 0xe
 505 0087 3A       		.uleb128 0x3a
 506 0088 0B       		.uleb128 0xb
 507 0089 3B       		.uleb128 0x3b
 508 008a 0B       		.uleb128 0xb
 509 008b 27       		.uleb128 0x27
 510 008c 19       		.uleb128 0x19
 511 008d 11       		.uleb128 0x11
 512 008e 01       		.uleb128 0x1
 513 008f 12       		.uleb128 0x12
 514 0090 06       		.uleb128 0x6
 515 0091 40       		.uleb128 0x40
 516 0092 18       		.uleb128 0x18
 517 0093 9742     		.uleb128 0x2117
 518 0095 19       		.uleb128 0x19
 519 0096 01       		.uleb128 0x1
 520 0097 13       		.uleb128 0x13
 521 0098 00       		.byte	0
 522 0099 00       		.byte	0
 523 009a 0B       		.uleb128 0xb
 524 009b 898201   		.uleb128 0x4109
 525 009e 00       		.byte	0
 526 009f 11       		.uleb128 0x11
 527 00a0 01       		.uleb128 0x1
 528 00a1 31       		.uleb128 0x31
 529 00a2 13       		.uleb128 0x13
 530 00a3 00       		.byte	0
 531 00a4 00       		.byte	0
 532 00a5 0C       		.uleb128 0xc
 533 00a6 34       		.uleb128 0x34
 534 00a7 00       		.byte	0
ARM GAS  C:\Users\user\AppData\Local\Temp\cczRWaT0.s 			page 13


 535 00a8 03       		.uleb128 0x3
 536 00a9 0E       		.uleb128 0xe
 537 00aa 3A       		.uleb128 0x3a
 538 00ab 0B       		.uleb128 0xb
 539 00ac 3B       		.uleb128 0x3b
 540 00ad 0B       		.uleb128 0xb
 541 00ae 49       		.uleb128 0x49
 542 00af 13       		.uleb128 0x13
 543 00b0 02       		.uleb128 0x2
 544 00b1 18       		.uleb128 0x18
 545 00b2 00       		.byte	0
 546 00b3 00       		.byte	0
 547 00b4 0D       		.uleb128 0xd
 548 00b5 2E       		.uleb128 0x2e
 549 00b6 00       		.byte	0
 550 00b7 3F       		.uleb128 0x3f
 551 00b8 19       		.uleb128 0x19
 552 00b9 3C       		.uleb128 0x3c
 553 00ba 19       		.uleb128 0x19
 554 00bb 6E       		.uleb128 0x6e
 555 00bc 0E       		.uleb128 0xe
 556 00bd 03       		.uleb128 0x3
 557 00be 0E       		.uleb128 0xe
 558 00bf 3A       		.uleb128 0x3a
 559 00c0 0B       		.uleb128 0xb
 560 00c1 3B       		.uleb128 0x3b
 561 00c2 0B       		.uleb128 0xb
 562 00c3 00       		.byte	0
 563 00c4 00       		.byte	0
 564 00c5 00       		.byte	0
 565              		.section	.debug_aranges,"",%progbits
 566 0000 34000000 		.4byte	0x34
 567 0004 0200     		.2byte	0x2
 568 0006 00000000 		.4byte	.Ldebug_info0
 569 000a 04       		.byte	0x4
 570 000b 00       		.byte	0
 571 000c 0000     		.2byte	0
 572 000e 0000     		.2byte	0
 573 0010 00000000 		.4byte	.LFB0
 574 0014 14000000 		.4byte	.LFE0-.LFB0
 575 0018 00000000 		.4byte	.LFB1
 576 001c 14000000 		.4byte	.LFE1-.LFB1
 577 0020 00000000 		.4byte	.LFB2
 578 0024 38000000 		.4byte	.LFE2-.LFB2
 579 0028 00000000 		.4byte	.LFB3
 580 002c 2C000000 		.4byte	.LFE3-.LFB3
 581 0030 00000000 		.4byte	0
 582 0034 00000000 		.4byte	0
 583              		.section	.debug_ranges,"",%progbits
 584              	.Ldebug_ranges0:
 585 0000 00000000 		.4byte	.LFB0
 586 0004 14000000 		.4byte	.LFE0
 587 0008 00000000 		.4byte	.LFB1
 588 000c 14000000 		.4byte	.LFE1
 589 0010 00000000 		.4byte	.LFB2
 590 0014 38000000 		.4byte	.LFE2
 591 0018 00000000 		.4byte	.LFB3
ARM GAS  C:\Users\user\AppData\Local\Temp\cczRWaT0.s 			page 14


 592 001c 2C000000 		.4byte	.LFE3
 593 0020 00000000 		.4byte	0
 594 0024 00000000 		.4byte	0
 595              		.section	.debug_line,"",%progbits
 596              	.Ldebug_line0:
 597 0000 C5000000 		.section	.debug_str,"MS",%progbits,1
 597      02006A00 
 597      00000201 
 597      FB0E0D00 
 597      01010101 
 598              	.LASF27:
 599 0000 47656E65 		.ascii	"Generated_Source\\PSoC5\\PowerMonitor_1_ADC_PM.c\000"
 599      72617465 
 599      645F536F 
 599      75726365 
 599      5C50536F 
 600              	.LASF9:
 601 002f 666C6F61 		.ascii	"float\000"
 601      7400
 602              	.LASF18:
 603 0035 506F7765 		.ascii	"PowerMonitor_1_ADC_BACKUP_STRUCT\000"
 603      724D6F6E 
 603      69746F72 
 603      5F315F41 
 603      44435F42 
 604              	.LASF24:
 605 0056 506F7765 		.ascii	"PowerMonitor_1_ADC_Enable\000"
 605      724D6F6E 
 605      69746F72 
 605      5F315F41 
 605      44435F45 
 606              	.LASF29:
 607 0070 506F7765 		.ascii	"PowerMonitor_1_ADC_backupStruct\000"
 607      724D6F6E 
 607      69746F72 
 607      5F315F41 
 607      44435F62 
 608              	.LASF3:
 609 0090 73686F72 		.ascii	"short unsigned int\000"
 609      7420756E 
 609      7369676E 
 609      65642069 
 609      6E7400
 610              	.LASF17:
 611 00a3 64656363 		.ascii	"deccr\000"
 611      7200
 612              	.LASF23:
 613 00a9 506F7765 		.ascii	"PowerMonitor_1_ADC_Stop\000"
 613      724D6F6E 
 613      69746F72 
 613      5F315F41 
 613      44435F53 
 614              	.LASF20:
 615 00c1 506F7765 		.ascii	"PowerMonitor_1_ADC_RestoreConfig\000"
 615      724D6F6E 
 615      69746F72 
 615      5F315F41 
ARM GAS  C:\Users\user\AppData\Local\Temp\cczRWaT0.s 			page 15


 615      44435F52 
 616              	.LASF1:
 617 00e2 756E7369 		.ascii	"unsigned char\000"
 617      676E6564 
 617      20636861 
 617      7200
 618              	.LASF26:
 619 00f0 474E5520 		.ascii	"GNU C11 5.4.1 20160609 (release) [ARM/embedded-5-br"
 619      43313120 
 619      352E342E 
 619      31203230 
 619      31363036 
 620 0123 616E6368 		.ascii	"anch revision 237715] -mcpu=cortex-m3 -mthumb -g -O"
 620      20726576 
 620      6973696F 
 620      6E203233 
 620      37373135 
 621 0156 67202D66 		.ascii	"g -ffunction-sections -ffat-lto-objects\000"
 621      66756E63 
 621      74696F6E 
 621      2D736563 
 621      74696F6E 
 622              	.LASF13:
 623 017e 72656738 		.ascii	"reg8\000"
 623      00
 624              	.LASF19:
 625 0183 506F7765 		.ascii	"PowerMonitor_1_ADC_SaveConfig\000"
 625      724D6F6E 
 625      69746F72 
 625      5F315F41 
 625      44435F53 
 626              	.LASF5:
 627 01a1 6C6F6E67 		.ascii	"long unsigned int\000"
 627      20756E73 
 627      69676E65 
 627      6420696E 
 627      7400
 628              	.LASF12:
 629 01b3 75696E74 		.ascii	"uint8\000"
 629      3800
 630              	.LASF10:
 631 01b9 646F7562 		.ascii	"double\000"
 631      6C6500
 632              	.LASF21:
 633 01c0 506F7765 		.ascii	"PowerMonitor_1_ADC_Sleep\000"
 633      724D6F6E 
 633      69746F72 
 633      5F315F41 
 633      44435F53 
 634              	.LASF25:
 635 01d9 506F7765 		.ascii	"PowerMonitor_1_ADC_StartConvert\000"
 635      724D6F6E 
 635      69746F72 
 635      5F315F41 
 635      44435F53 
 636              	.LASF22:
 637 01f9 506F7765 		.ascii	"PowerMonitor_1_ADC_Wakeup\000"
ARM GAS  C:\Users\user\AppData\Local\Temp\cczRWaT0.s 			page 16


 637      724D6F6E 
 637      69746F72 
 637      5F315F41 
 637      44435F57 
 638              	.LASF8:
 639 0213 756E7369 		.ascii	"unsigned int\000"
 639      676E6564 
 639      20696E74 
 639      00
 640              	.LASF7:
 641 0220 6C6F6E67 		.ascii	"long long unsigned int\000"
 641      206C6F6E 
 641      6720756E 
 641      7369676E 
 641      65642069 
 642              	.LASF15:
 643 0237 73697A65 		.ascii	"sizetype\000"
 643      74797065 
 643      00
 644              	.LASF6:
 645 0240 6C6F6E67 		.ascii	"long long int\000"
 645      206C6F6E 
 645      6720696E 
 645      7400
 646              	.LASF11:
 647 024e 63686172 		.ascii	"char\000"
 647      00
 648              	.LASF30:
 649 0253 506F7765 		.ascii	"PowerMonitor_1_ADC_backup\000"
 649      724D6F6E 
 649      69746F72 
 649      5F315F41 
 649      44435F62 
 650              	.LASF2:
 651 026d 73686F72 		.ascii	"short int\000"
 651      7420696E 
 651      7400
 652              	.LASF4:
 653 0277 6C6F6E67 		.ascii	"long int\000"
 653      20696E74 
 653      00
 654              	.LASF16:
 655 0280 656E6162 		.ascii	"enableState\000"
 655      6C655374 
 655      61746500 
 656              	.LASF14:
 657 028c 6C6F6E67 		.ascii	"long double\000"
 657      20646F75 
 657      626C6500 
 658              	.LASF0:
 659 0298 7369676E 		.ascii	"signed char\000"
 659      65642063 
 659      68617200 
 660              	.LASF28:
 661 02a4 473A5C44 		.ascii	"G:\\DSA\\PORIGE\\Workspace03\\Design01.cydsn\000"
 661      53415C50 
 661      4F524947 
ARM GAS  C:\Users\user\AppData\Local\Temp\cczRWaT0.s 			page 17


 661      455C576F 
 661      726B7370 
 662              		.ident	"GCC: (GNU Tools for ARM Embedded Processors) 5.4.1 20160609 (release) [ARM/embedded-5-bran
