ARM GAS  C:\Users\user\AppData\Local\Temp\ccAN6uC6.s 			page 1


   1              		.syntax unified
   2              		.cpu cortex-m3
   3              		.fpu softvfp
   4              		.eabi_attribute 20, 1
   5              		.eabi_attribute 21, 1
   6              		.eabi_attribute 23, 3
   7              		.eabi_attribute 24, 1
   8              		.eabi_attribute 25, 1
   9              		.eabi_attribute 26, 1
  10              		.eabi_attribute 30, 1
  11              		.eabi_attribute 34, 1
  12              		.eabi_attribute 18, 4
  13              		.thumb
  14              		.syntax unified
  15              		.file	"ShiftReg_6_PM.c"
  16              		.text
  17              	.Ltext0:
  18              		.cfi_sections	.debug_frame
  19              		.section	.text.ShiftReg_6_SaveConfig,"ax",%progbits
  20              		.align	2
  21              		.global	ShiftReg_6_SaveConfig
  22              		.thumb
  23              		.thumb_func
  24              		.type	ShiftReg_6_SaveConfig, %function
  25              	ShiftReg_6_SaveConfig:
  26              	.LFB0:
  27              		.file 1 "Generated_Source\\PSoC5\\ShiftReg_6_PM.c"
   1:Generated_Source\PSoC5/ShiftReg_6_PM.c **** /*******************************************************************************
   2:Generated_Source\PSoC5/ShiftReg_6_PM.c **** * File Name: ShiftReg_6_PM.c
   3:Generated_Source\PSoC5/ShiftReg_6_PM.c **** * Version 2.30
   4:Generated_Source\PSoC5/ShiftReg_6_PM.c **** *
   5:Generated_Source\PSoC5/ShiftReg_6_PM.c **** * Description:
   6:Generated_Source\PSoC5/ShiftReg_6_PM.c **** *  This file provides the API source code for sleep mode support for Shift
   7:Generated_Source\PSoC5/ShiftReg_6_PM.c **** *  Register component.
   8:Generated_Source\PSoC5/ShiftReg_6_PM.c **** *
   9:Generated_Source\PSoC5/ShiftReg_6_PM.c **** * Note:
  10:Generated_Source\PSoC5/ShiftReg_6_PM.c **** *
  11:Generated_Source\PSoC5/ShiftReg_6_PM.c **** ********************************************************************************
  12:Generated_Source\PSoC5/ShiftReg_6_PM.c **** * Copyright 2008-2013, Cypress Semiconductor Corporation.  All rights reserved.
  13:Generated_Source\PSoC5/ShiftReg_6_PM.c **** * You may use this file only in accordance with the license, terms, conditions,
  14:Generated_Source\PSoC5/ShiftReg_6_PM.c **** * disclaimers, and limitations in the end user license agreement accompanying
  15:Generated_Source\PSoC5/ShiftReg_6_PM.c **** * the software package with which this file was provided.
  16:Generated_Source\PSoC5/ShiftReg_6_PM.c **** *******************************************************************************/
  17:Generated_Source\PSoC5/ShiftReg_6_PM.c **** 
  18:Generated_Source\PSoC5/ShiftReg_6_PM.c **** #include "ShiftReg_6.h"
  19:Generated_Source\PSoC5/ShiftReg_6_PM.c **** 
  20:Generated_Source\PSoC5/ShiftReg_6_PM.c **** static ShiftReg_6_BACKUP_STRUCT ShiftReg_6_backup =
  21:Generated_Source\PSoC5/ShiftReg_6_PM.c **** {
  22:Generated_Source\PSoC5/ShiftReg_6_PM.c ****     ShiftReg_6_DISABLED,
  23:Generated_Source\PSoC5/ShiftReg_6_PM.c **** 
  24:Generated_Source\PSoC5/ShiftReg_6_PM.c ****     ((uint32) ShiftReg_6_DEFAULT_A0),
  25:Generated_Source\PSoC5/ShiftReg_6_PM.c ****     ((uint32) ShiftReg_6_DEFAULT_A1),
  26:Generated_Source\PSoC5/ShiftReg_6_PM.c **** 
  27:Generated_Source\PSoC5/ShiftReg_6_PM.c ****     #if(CY_UDB_V0)
  28:Generated_Source\PSoC5/ShiftReg_6_PM.c ****         ((uint32) ShiftReg_6_INT_SRC),
  29:Generated_Source\PSoC5/ShiftReg_6_PM.c ****     #endif /* (CY_UDB_V0) */
  30:Generated_Source\PSoC5/ShiftReg_6_PM.c **** };
ARM GAS  C:\Users\user\AppData\Local\Temp\ccAN6uC6.s 			page 2


  31:Generated_Source\PSoC5/ShiftReg_6_PM.c **** 
  32:Generated_Source\PSoC5/ShiftReg_6_PM.c **** 
  33:Generated_Source\PSoC5/ShiftReg_6_PM.c **** /*******************************************************************************
  34:Generated_Source\PSoC5/ShiftReg_6_PM.c **** * Function Name: ShiftReg_6_SaveConfig
  35:Generated_Source\PSoC5/ShiftReg_6_PM.c **** ********************************************************************************
  36:Generated_Source\PSoC5/ShiftReg_6_PM.c **** *
  37:Generated_Source\PSoC5/ShiftReg_6_PM.c **** * Summary:
  38:Generated_Source\PSoC5/ShiftReg_6_PM.c **** *  Saves Shift Register configuration.
  39:Generated_Source\PSoC5/ShiftReg_6_PM.c **** *
  40:Generated_Source\PSoC5/ShiftReg_6_PM.c **** * Parameters:
  41:Generated_Source\PSoC5/ShiftReg_6_PM.c **** *  None.
  42:Generated_Source\PSoC5/ShiftReg_6_PM.c **** *
  43:Generated_Source\PSoC5/ShiftReg_6_PM.c **** * Return:
  44:Generated_Source\PSoC5/ShiftReg_6_PM.c **** *  None.
  45:Generated_Source\PSoC5/ShiftReg_6_PM.c **** *
  46:Generated_Source\PSoC5/ShiftReg_6_PM.c **** * Reentrant:
  47:Generated_Source\PSoC5/ShiftReg_6_PM.c **** *  No.
  48:Generated_Source\PSoC5/ShiftReg_6_PM.c **** *
  49:Generated_Source\PSoC5/ShiftReg_6_PM.c **** *******************************************************************************/
  50:Generated_Source\PSoC5/ShiftReg_6_PM.c **** void ShiftReg_6_SaveConfig(void) 
  51:Generated_Source\PSoC5/ShiftReg_6_PM.c **** {
  28              		.loc 1 51 0
  29              		.cfi_startproc
  30              		@ args = 0, pretend = 0, frame = 0
  31              		@ frame_needed = 0, uses_anonymous_args = 0
  32              		@ link register save eliminated.
  52:Generated_Source\PSoC5/ShiftReg_6_PM.c ****     /* Store working registers A0 and A1 */
  53:Generated_Source\PSoC5/ShiftReg_6_PM.c ****     ShiftReg_6_backup.saveSrA0Reg   = CY_GET_REG24(ShiftReg_6_SHIFT_REG_LSB_PTR);
  33              		.loc 1 53 0
  34 0000 054B     		ldr	r3, .L2
  35 0002 1B68     		ldr	r3, [r3]	@ unaligned
  36 0004 23F07F43 		bic	r3, r3, #-16777216
  37 0008 044A     		ldr	r2, .L2+4
  38 000a 5360     		str	r3, [r2, #4]
  54:Generated_Source\PSoC5/ShiftReg_6_PM.c ****     ShiftReg_6_backup.saveSrA1Reg   = CY_GET_REG24(ShiftReg_6_SHIFT_REG_VALUE_LSB_PTR);
  39              		.loc 1 54 0
  40 000c 044B     		ldr	r3, .L2+8
  41 000e 1B68     		ldr	r3, [r3]	@ unaligned
  42 0010 23F07F43 		bic	r3, r3, #-16777216
  43 0014 9360     		str	r3, [r2, #8]
  44 0016 7047     		bx	lr
  45              	.L3:
  46              		.align	2
  47              	.L2:
  48 0018 0D640040 		.word	1073767437
  49 001c 00000000 		.word	.LANCHOR0
  50 0020 1D640040 		.word	1073767453
  51              		.cfi_endproc
  52              	.LFE0:
  53              		.size	ShiftReg_6_SaveConfig, .-ShiftReg_6_SaveConfig
  54              		.section	.text.ShiftReg_6_RestoreConfig,"ax",%progbits
  55              		.align	2
  56              		.global	ShiftReg_6_RestoreConfig
  57              		.thumb
  58              		.thumb_func
  59              		.type	ShiftReg_6_RestoreConfig, %function
  60              	ShiftReg_6_RestoreConfig:
ARM GAS  C:\Users\user\AppData\Local\Temp\ccAN6uC6.s 			page 3


  61              	.LFB1:
  55:Generated_Source\PSoC5/ShiftReg_6_PM.c **** 
  56:Generated_Source\PSoC5/ShiftReg_6_PM.c ****     #if(CY_UDB_V0)
  57:Generated_Source\PSoC5/ShiftReg_6_PM.c ****         ShiftReg_6_backup.saveSrIntMask = ShiftReg_6_SR_STATUS_MASK;
  58:Generated_Source\PSoC5/ShiftReg_6_PM.c ****     #endif /* (CY_UDB_V0) */
  59:Generated_Source\PSoC5/ShiftReg_6_PM.c **** }
  60:Generated_Source\PSoC5/ShiftReg_6_PM.c **** 
  61:Generated_Source\PSoC5/ShiftReg_6_PM.c **** 
  62:Generated_Source\PSoC5/ShiftReg_6_PM.c **** /*******************************************************************************
  63:Generated_Source\PSoC5/ShiftReg_6_PM.c **** * Function Name: ShiftReg_6_RestoreConfig
  64:Generated_Source\PSoC5/ShiftReg_6_PM.c **** ********************************************************************************
  65:Generated_Source\PSoC5/ShiftReg_6_PM.c **** *
  66:Generated_Source\PSoC5/ShiftReg_6_PM.c **** * Summary:
  67:Generated_Source\PSoC5/ShiftReg_6_PM.c **** *  Restores Shift Register configuration.
  68:Generated_Source\PSoC5/ShiftReg_6_PM.c **** *
  69:Generated_Source\PSoC5/ShiftReg_6_PM.c **** * Parameters:
  70:Generated_Source\PSoC5/ShiftReg_6_PM.c **** *  None.
  71:Generated_Source\PSoC5/ShiftReg_6_PM.c **** *
  72:Generated_Source\PSoC5/ShiftReg_6_PM.c **** * Return:
  73:Generated_Source\PSoC5/ShiftReg_6_PM.c **** *  None.
  74:Generated_Source\PSoC5/ShiftReg_6_PM.c **** *
  75:Generated_Source\PSoC5/ShiftReg_6_PM.c **** *******************************************************************************/
  76:Generated_Source\PSoC5/ShiftReg_6_PM.c **** void ShiftReg_6_RestoreConfig(void) 
  77:Generated_Source\PSoC5/ShiftReg_6_PM.c **** {
  62              		.loc 1 77 0
  63              		.cfi_startproc
  64              		@ args = 0, pretend = 0, frame = 0
  65              		@ frame_needed = 0, uses_anonymous_args = 0
  66 0000 10B5     		push	{r4, lr}
  67              		.cfi_def_cfa_offset 8
  68              		.cfi_offset 4, -8
  69              		.cfi_offset 14, -4
  78:Generated_Source\PSoC5/ShiftReg_6_PM.c ****     /* Restore working registers A0 and A1 */
  79:Generated_Source\PSoC5/ShiftReg_6_PM.c ****     CY_SET_REG24(ShiftReg_6_SHIFT_REG_LSB_PTR, ShiftReg_6_backup.saveSrA0Reg);
  70              		.loc 1 79 0
  71 0002 054C     		ldr	r4, .L6
  72 0004 6168     		ldr	r1, [r4, #4]
  73 0006 0548     		ldr	r0, .L6+4
  74 0008 FFF7FEFF 		bl	CySetReg24
  75              	.LVL0:
  80:Generated_Source\PSoC5/ShiftReg_6_PM.c ****     CY_SET_REG24(ShiftReg_6_SHIFT_REG_VALUE_LSB_PTR, ShiftReg_6_backup.saveSrA1Reg);
  76              		.loc 1 80 0
  77 000c A168     		ldr	r1, [r4, #8]
  78 000e 0448     		ldr	r0, .L6+8
  79 0010 FFF7FEFF 		bl	CySetReg24
  80              	.LVL1:
  81 0014 10BD     		pop	{r4, pc}
  82              	.L7:
  83 0016 00BF     		.align	2
  84              	.L6:
  85 0018 00000000 		.word	.LANCHOR0
  86 001c 0D640040 		.word	1073767437
  87 0020 1D640040 		.word	1073767453
  88              		.cfi_endproc
  89              	.LFE1:
  90              		.size	ShiftReg_6_RestoreConfig, .-ShiftReg_6_RestoreConfig
  91              		.section	.text.ShiftReg_6_Sleep,"ax",%progbits
ARM GAS  C:\Users\user\AppData\Local\Temp\ccAN6uC6.s 			page 4


  92              		.align	2
  93              		.global	ShiftReg_6_Sleep
  94              		.thumb
  95              		.thumb_func
  96              		.type	ShiftReg_6_Sleep, %function
  97              	ShiftReg_6_Sleep:
  98              	.LFB2:
  81:Generated_Source\PSoC5/ShiftReg_6_PM.c **** 
  82:Generated_Source\PSoC5/ShiftReg_6_PM.c ****     #if(CY_UDB_V0)
  83:Generated_Source\PSoC5/ShiftReg_6_PM.c ****         ShiftReg_6_SR_STATUS_MASK = ((uint8) ShiftReg_6_backup.saveSrIntMask);
  84:Generated_Source\PSoC5/ShiftReg_6_PM.c ****     #endif /* (CY_UDB_V0) */
  85:Generated_Source\PSoC5/ShiftReg_6_PM.c **** }
  86:Generated_Source\PSoC5/ShiftReg_6_PM.c **** 
  87:Generated_Source\PSoC5/ShiftReg_6_PM.c **** 
  88:Generated_Source\PSoC5/ShiftReg_6_PM.c **** /*******************************************************************************
  89:Generated_Source\PSoC5/ShiftReg_6_PM.c **** * Function Name: ShiftReg_6_Sleep
  90:Generated_Source\PSoC5/ShiftReg_6_PM.c **** ********************************************************************************
  91:Generated_Source\PSoC5/ShiftReg_6_PM.c **** *
  92:Generated_Source\PSoC5/ShiftReg_6_PM.c **** * Summary:
  93:Generated_Source\PSoC5/ShiftReg_6_PM.c **** *  Prepare the component to enter a Sleep mode.
  94:Generated_Source\PSoC5/ShiftReg_6_PM.c **** *
  95:Generated_Source\PSoC5/ShiftReg_6_PM.c **** * Parameters:
  96:Generated_Source\PSoC5/ShiftReg_6_PM.c **** *  None.
  97:Generated_Source\PSoC5/ShiftReg_6_PM.c **** *
  98:Generated_Source\PSoC5/ShiftReg_6_PM.c **** * Return:
  99:Generated_Source\PSoC5/ShiftReg_6_PM.c **** *  None.
 100:Generated_Source\PSoC5/ShiftReg_6_PM.c **** *
 101:Generated_Source\PSoC5/ShiftReg_6_PM.c **** * Reentrant:
 102:Generated_Source\PSoC5/ShiftReg_6_PM.c **** *  No.
 103:Generated_Source\PSoC5/ShiftReg_6_PM.c **** *
 104:Generated_Source\PSoC5/ShiftReg_6_PM.c **** *******************************************************************************/
 105:Generated_Source\PSoC5/ShiftReg_6_PM.c **** void ShiftReg_6_Sleep(void) 
 106:Generated_Source\PSoC5/ShiftReg_6_PM.c **** {
  99              		.loc 1 106 0
 100              		.cfi_startproc
 101              		@ args = 0, pretend = 0, frame = 0
 102              		@ frame_needed = 0, uses_anonymous_args = 0
 103 0000 08B5     		push	{r3, lr}
 104              		.cfi_def_cfa_offset 8
 105              		.cfi_offset 3, -8
 106              		.cfi_offset 14, -4
 107:Generated_Source\PSoC5/ShiftReg_6_PM.c ****     ShiftReg_6_backup.enableState = ((uint8) ShiftReg_6_IS_ENABLED);
 107              		.loc 1 107 0
 108 0002 054B     		ldr	r3, .L10
 109 0004 1B78     		ldrb	r3, [r3]	@ zero_extendqisi2
 110 0006 03F00103 		and	r3, r3, #1
 111 000a 044A     		ldr	r2, .L10+4
 112 000c 1370     		strb	r3, [r2]
 108:Generated_Source\PSoC5/ShiftReg_6_PM.c **** 
 109:Generated_Source\PSoC5/ShiftReg_6_PM.c ****     ShiftReg_6_Stop();
 113              		.loc 1 109 0
 114 000e FFF7FEFF 		bl	ShiftReg_6_Stop
 115              	.LVL2:
 110:Generated_Source\PSoC5/ShiftReg_6_PM.c ****     ShiftReg_6_SaveConfig();
 116              		.loc 1 110 0
 117 0012 FFF7FEFF 		bl	ShiftReg_6_SaveConfig
 118              	.LVL3:
ARM GAS  C:\Users\user\AppData\Local\Temp\ccAN6uC6.s 			page 5


 119 0016 08BD     		pop	{r3, pc}
 120              	.L11:
 121              		.align	2
 122              	.L10:
 123 0018 7F640040 		.word	1073767551
 124 001c 00000000 		.word	.LANCHOR0
 125              		.cfi_endproc
 126              	.LFE2:
 127              		.size	ShiftReg_6_Sleep, .-ShiftReg_6_Sleep
 128              		.section	.text.ShiftReg_6_Wakeup,"ax",%progbits
 129              		.align	2
 130              		.global	ShiftReg_6_Wakeup
 131              		.thumb
 132              		.thumb_func
 133              		.type	ShiftReg_6_Wakeup, %function
 134              	ShiftReg_6_Wakeup:
 135              	.LFB3:
 111:Generated_Source\PSoC5/ShiftReg_6_PM.c **** }
 112:Generated_Source\PSoC5/ShiftReg_6_PM.c **** 
 113:Generated_Source\PSoC5/ShiftReg_6_PM.c **** 
 114:Generated_Source\PSoC5/ShiftReg_6_PM.c **** /*******************************************************************************
 115:Generated_Source\PSoC5/ShiftReg_6_PM.c **** * Function Name: ShiftReg_6_Wakeup
 116:Generated_Source\PSoC5/ShiftReg_6_PM.c **** ********************************************************************************
 117:Generated_Source\PSoC5/ShiftReg_6_PM.c **** *
 118:Generated_Source\PSoC5/ShiftReg_6_PM.c **** * Summary:
 119:Generated_Source\PSoC5/ShiftReg_6_PM.c **** *  Restores and enables the user configuration.
 120:Generated_Source\PSoC5/ShiftReg_6_PM.c **** *
 121:Generated_Source\PSoC5/ShiftReg_6_PM.c **** * Parameters:
 122:Generated_Source\PSoC5/ShiftReg_6_PM.c **** *  None.
 123:Generated_Source\PSoC5/ShiftReg_6_PM.c **** *
 124:Generated_Source\PSoC5/ShiftReg_6_PM.c **** * Return:
 125:Generated_Source\PSoC5/ShiftReg_6_PM.c **** *  None.
 126:Generated_Source\PSoC5/ShiftReg_6_PM.c **** *
 127:Generated_Source\PSoC5/ShiftReg_6_PM.c **** *******************************************************************************/
 128:Generated_Source\PSoC5/ShiftReg_6_PM.c **** void ShiftReg_6_Wakeup(void) 
 129:Generated_Source\PSoC5/ShiftReg_6_PM.c **** {
 136              		.loc 1 129 0
 137              		.cfi_startproc
 138              		@ args = 0, pretend = 0, frame = 0
 139              		@ frame_needed = 0, uses_anonymous_args = 0
 140 0000 08B5     		push	{r3, lr}
 141              		.cfi_def_cfa_offset 8
 142              		.cfi_offset 3, -8
 143              		.cfi_offset 14, -4
 130:Generated_Source\PSoC5/ShiftReg_6_PM.c ****     ShiftReg_6_RestoreConfig();
 144              		.loc 1 130 0
 145 0002 FFF7FEFF 		bl	ShiftReg_6_RestoreConfig
 146              	.LVL4:
 131:Generated_Source\PSoC5/ShiftReg_6_PM.c **** 
 132:Generated_Source\PSoC5/ShiftReg_6_PM.c ****     if(0u != ShiftReg_6_backup.enableState)
 147              		.loc 1 132 0
 148 0006 034B     		ldr	r3, .L15
 149 0008 1B78     		ldrb	r3, [r3]	@ zero_extendqisi2
 150 000a 0BB1     		cbz	r3, .L12
 133:Generated_Source\PSoC5/ShiftReg_6_PM.c ****     {
 134:Generated_Source\PSoC5/ShiftReg_6_PM.c ****         ShiftReg_6_Enable();
 151              		.loc 1 134 0
ARM GAS  C:\Users\user\AppData\Local\Temp\ccAN6uC6.s 			page 6


 152 000c FFF7FEFF 		bl	ShiftReg_6_Enable
 153              	.LVL5:
 154              	.L12:
 155 0010 08BD     		pop	{r3, pc}
 156              	.L16:
 157 0012 00BF     		.align	2
 158              	.L15:
 159 0014 00000000 		.word	.LANCHOR0
 160              		.cfi_endproc
 161              	.LFE3:
 162              		.size	ShiftReg_6_Wakeup, .-ShiftReg_6_Wakeup
 163              		.bss
 164              		.align	2
 165              		.set	.LANCHOR0,. + 0
 166              		.type	ShiftReg_6_backup, %object
 167              		.size	ShiftReg_6_backup, 12
 168              	ShiftReg_6_backup:
 169 0000 00000000 		.space	12
 169      00000000 
 169      00000000 
 170              		.text
 171              	.Letext0:
 172              		.file 2 "Generated_Source\\PSoC5\\cytypes.h"
 173              		.file 3 "Generated_Source\\PSoC5\\ShiftReg_6.h"
 174              		.section	.debug_info,"",%progbits
 175              	.Ldebug_info0:
 176 0000 D1010000 		.4byte	0x1d1
 177 0004 0400     		.2byte	0x4
 178 0006 00000000 		.4byte	.Ldebug_abbrev0
 179 000a 04       		.byte	0x4
 180 000b 01       		.uleb128 0x1
 181 000c 4B000000 		.4byte	.LASF28
 182 0010 0C       		.byte	0xc
 183 0011 07020000 		.4byte	.LASF29
 184 0015 3A020000 		.4byte	.LASF30
 185 0019 00000000 		.4byte	.Ldebug_ranges0+0
 186 001d 00000000 		.4byte	0
 187 0021 00000000 		.4byte	.Ldebug_line0
 188 0025 02       		.uleb128 0x2
 189 0026 01       		.byte	0x1
 190 0027 06       		.byte	0x6
 191 0028 2E020000 		.4byte	.LASF0
 192 002c 02       		.uleb128 0x2
 193 002d 01       		.byte	0x1
 194 002e 08       		.byte	0x8
 195 002f 3D000000 		.4byte	.LASF1
 196 0033 02       		.uleb128 0x2
 197 0034 02       		.byte	0x2
 198 0035 05       		.byte	0x5
 199 0036 09010000 		.4byte	.LASF2
 200 003a 02       		.uleb128 0x2
 201 003b 02       		.byte	0x2
 202 003c 07       		.byte	0x7
 203 003d 06000000 		.4byte	.LASF3
 204 0041 02       		.uleb128 0x2
 205 0042 04       		.byte	0x4
 206 0043 05       		.byte	0x5
ARM GAS  C:\Users\user\AppData\Local\Temp\ccAN6uC6.s 			page 7


 207 0044 F2010000 		.4byte	.LASF4
 208 0048 02       		.uleb128 0x2
 209 0049 04       		.byte	0x4
 210 004a 07       		.byte	0x7
 211 004b DE000000 		.4byte	.LASF5
 212 004f 02       		.uleb128 0x2
 213 0050 08       		.byte	0x8
 214 0051 05       		.byte	0x5
 215 0052 BE010000 		.4byte	.LASF6
 216 0056 02       		.uleb128 0x2
 217 0057 08       		.byte	0x8
 218 0058 07       		.byte	0x7
 219 0059 50010000 		.4byte	.LASF7
 220 005d 03       		.uleb128 0x3
 221 005e 04       		.byte	0x4
 222 005f 05       		.byte	0x5
 223 0060 696E7400 		.ascii	"int\000"
 224 0064 02       		.uleb128 0x2
 225 0065 04       		.byte	0x4
 226 0066 07       		.byte	0x7
 227 0067 43010000 		.4byte	.LASF8
 228 006b 04       		.uleb128 0x4
 229 006c F0000000 		.4byte	.LASF9
 230 0070 02       		.byte	0x2
 231 0071 9201     		.2byte	0x192
 232 0073 2C000000 		.4byte	0x2c
 233 0077 04       		.uleb128 0x4
 234 0078 2C010000 		.4byte	.LASF10
 235 007c 02       		.byte	0x2
 236 007d 9401     		.2byte	0x194
 237 007f 48000000 		.4byte	0x48
 238 0083 02       		.uleb128 0x2
 239 0084 04       		.byte	0x4
 240 0085 04       		.byte	0x4
 241 0086 37000000 		.4byte	.LASF11
 242 008a 02       		.uleb128 0x2
 243 008b 08       		.byte	0x8
 244 008c 04       		.byte	0x4
 245 008d F6000000 		.4byte	.LASF12
 246 0091 02       		.uleb128 0x2
 247 0092 01       		.byte	0x1
 248 0093 08       		.byte	0x8
 249 0094 CC010000 		.4byte	.LASF13
 250 0098 04       		.uleb128 0x4
 251 0099 D9000000 		.4byte	.LASF14
 252 009d 02       		.byte	0x2
 253 009e 3C02     		.2byte	0x23c
 254 00a0 A4000000 		.4byte	0xa4
 255 00a4 05       		.uleb128 0x5
 256 00a5 6B000000 		.4byte	0x6b
 257 00a9 04       		.uleb128 0x4
 258 00aa 00000000 		.4byte	.LASF15
 259 00ae 02       		.byte	0x2
 260 00af 3E02     		.2byte	0x23e
 261 00b1 B5000000 		.4byte	0xb5
 262 00b5 05       		.uleb128 0x5
 263 00b6 77000000 		.4byte	0x77
ARM GAS  C:\Users\user\AppData\Local\Temp\ccAN6uC6.s 			page 8


 264 00ba 02       		.uleb128 0x2
 265 00bb 08       		.byte	0x8
 266 00bc 04       		.byte	0x4
 267 00bd FD000000 		.4byte	.LASF16
 268 00c1 02       		.uleb128 0x2
 269 00c2 04       		.byte	0x4
 270 00c3 07       		.byte	0x7
 271 00c4 A3010000 		.4byte	.LASF17
 272 00c8 06       		.uleb128 0x6
 273 00c9 0C       		.byte	0xc
 274 00ca 03       		.byte	0x3
 275 00cb 2A       		.byte	0x2a
 276 00cc F5000000 		.4byte	0xf5
 277 00d0 07       		.uleb128 0x7
 278 00d1 FB010000 		.4byte	.LASF18
 279 00d5 03       		.byte	0x3
 280 00d6 2C       		.byte	0x2c
 281 00d7 6B000000 		.4byte	0x6b
 282 00db 00       		.byte	0
 283 00dc 07       		.uleb128 0x7
 284 00dd 63020000 		.4byte	.LASF19
 285 00e1 03       		.byte	0x3
 286 00e2 2E       		.byte	0x2e
 287 00e3 77000000 		.4byte	0x77
 288 00e7 04       		.byte	0x4
 289 00e8 07       		.uleb128 0x7
 290 00e9 19000000 		.4byte	.LASF20
 291 00ed 03       		.byte	0x3
 292 00ee 2F       		.byte	0x2f
 293 00ef 77000000 		.4byte	0x77
 294 00f3 08       		.byte	0x8
 295 00f4 00       		.byte	0
 296 00f5 08       		.uleb128 0x8
 297 00f6 13010000 		.4byte	.LASF21
 298 00fa 03       		.byte	0x3
 299 00fb 35       		.byte	0x35
 300 00fc C8000000 		.4byte	0xc8
 301 0100 09       		.uleb128 0x9
 302 0101 DC010000 		.4byte	.LASF31
 303 0105 01       		.byte	0x1
 304 0106 32       		.byte	0x32
 305 0107 00000000 		.4byte	.LFB0
 306 010b 24000000 		.4byte	.LFE0-.LFB0
 307 010f 01       		.uleb128 0x1
 308 0110 9C       		.byte	0x9c
 309 0111 0A       		.uleb128 0xa
 310 0112 8A010000 		.4byte	.LASF22
 311 0116 01       		.byte	0x1
 312 0117 4C       		.byte	0x4c
 313 0118 00000000 		.4byte	.LFB1
 314 011c 24000000 		.4byte	.LFE1-.LFB1
 315 0120 01       		.uleb128 0x1
 316 0121 9C       		.byte	0x9c
 317 0122 51010000 		.4byte	0x151
 318 0126 0B       		.uleb128 0xb
 319 0127 0C000000 		.4byte	.LVL0
 320 012b B2010000 		.4byte	0x1b2
ARM GAS  C:\Users\user\AppData\Local\Temp\ccAN6uC6.s 			page 9


 321 012f 3D010000 		.4byte	0x13d
 322 0133 0C       		.uleb128 0xc
 323 0134 01       		.uleb128 0x1
 324 0135 50       		.byte	0x50
 325 0136 05       		.uleb128 0x5
 326 0137 0C       		.byte	0xc
 327 0138 0D640040 		.4byte	0x4000640d
 328 013c 00       		.byte	0
 329 013d 0D       		.uleb128 0xd
 330 013e 14000000 		.4byte	.LVL1
 331 0142 B2010000 		.4byte	0x1b2
 332 0146 0C       		.uleb128 0xc
 333 0147 01       		.uleb128 0x1
 334 0148 50       		.byte	0x50
 335 0149 05       		.uleb128 0x5
 336 014a 0C       		.byte	0xc
 337 014b 1D640040 		.4byte	0x4000641d
 338 014f 00       		.byte	0
 339 0150 00       		.byte	0
 340 0151 0A       		.uleb128 0xa
 341 0152 79010000 		.4byte	.LASF23
 342 0156 01       		.byte	0x1
 343 0157 69       		.byte	0x69
 344 0158 00000000 		.4byte	.LFB2
 345 015c 20000000 		.4byte	.LFE2-.LFB2
 346 0160 01       		.uleb128 0x1
 347 0161 9C       		.byte	0x9c
 348 0162 79010000 		.4byte	0x179
 349 0166 0E       		.uleb128 0xe
 350 0167 12000000 		.4byte	.LVL2
 351 016b BE010000 		.4byte	0x1be
 352 016f 0E       		.uleb128 0xe
 353 0170 16000000 		.4byte	.LVL3
 354 0174 00010000 		.4byte	0x100
 355 0178 00       		.byte	0
 356 0179 0A       		.uleb128 0xa
 357 017a AC010000 		.4byte	.LASF24
 358 017e 01       		.byte	0x1
 359 017f 80       		.byte	0x80
 360 0180 00000000 		.4byte	.LFB3
 361 0184 18000000 		.4byte	.LFE3-.LFB3
 362 0188 01       		.uleb128 0x1
 363 0189 9C       		.byte	0x9c
 364 018a A1010000 		.4byte	0x1a1
 365 018e 0E       		.uleb128 0xe
 366 018f 06000000 		.4byte	.LVL4
 367 0193 11010000 		.4byte	0x111
 368 0197 0E       		.uleb128 0xe
 369 0198 10000000 		.4byte	.LVL5
 370 019c C9010000 		.4byte	0x1c9
 371 01a0 00       		.byte	0
 372 01a1 0F       		.uleb128 0xf
 373 01a2 67010000 		.4byte	.LASF32
 374 01a6 01       		.byte	0x1
 375 01a7 14       		.byte	0x14
 376 01a8 F5000000 		.4byte	0xf5
 377 01ac 05       		.uleb128 0x5
ARM GAS  C:\Users\user\AppData\Local\Temp\ccAN6uC6.s 			page 10


 378 01ad 03       		.byte	0x3
 379 01ae 00000000 		.4byte	ShiftReg_6_backup
 380 01b2 10       		.uleb128 0x10
 381 01b3 D1010000 		.4byte	.LASF25
 382 01b7 D1010000 		.4byte	.LASF25
 383 01bb 02       		.byte	0x2
 384 01bc D501     		.2byte	0x1d5
 385 01be 11       		.uleb128 0x11
 386 01bf 33010000 		.4byte	.LASF26
 387 01c3 33010000 		.4byte	.LASF26
 388 01c7 03       		.byte	0x3
 389 01c8 3D       		.byte	0x3d
 390 01c9 11       		.uleb128 0x11
 391 01ca 25000000 		.4byte	.LASF27
 392 01ce 25000000 		.4byte	.LASF27
 393 01d2 03       		.byte	0x3
 394 01d3 3F       		.byte	0x3f
 395 01d4 00       		.byte	0
 396              		.section	.debug_abbrev,"",%progbits
 397              	.Ldebug_abbrev0:
 398 0000 01       		.uleb128 0x1
 399 0001 11       		.uleb128 0x11
 400 0002 01       		.byte	0x1
 401 0003 25       		.uleb128 0x25
 402 0004 0E       		.uleb128 0xe
 403 0005 13       		.uleb128 0x13
 404 0006 0B       		.uleb128 0xb
 405 0007 03       		.uleb128 0x3
 406 0008 0E       		.uleb128 0xe
 407 0009 1B       		.uleb128 0x1b
 408 000a 0E       		.uleb128 0xe
 409 000b 55       		.uleb128 0x55
 410 000c 17       		.uleb128 0x17
 411 000d 11       		.uleb128 0x11
 412 000e 01       		.uleb128 0x1
 413 000f 10       		.uleb128 0x10
 414 0010 17       		.uleb128 0x17
 415 0011 00       		.byte	0
 416 0012 00       		.byte	0
 417 0013 02       		.uleb128 0x2
 418 0014 24       		.uleb128 0x24
 419 0015 00       		.byte	0
 420 0016 0B       		.uleb128 0xb
 421 0017 0B       		.uleb128 0xb
 422 0018 3E       		.uleb128 0x3e
 423 0019 0B       		.uleb128 0xb
 424 001a 03       		.uleb128 0x3
 425 001b 0E       		.uleb128 0xe
 426 001c 00       		.byte	0
 427 001d 00       		.byte	0
 428 001e 03       		.uleb128 0x3
 429 001f 24       		.uleb128 0x24
 430 0020 00       		.byte	0
 431 0021 0B       		.uleb128 0xb
 432 0022 0B       		.uleb128 0xb
 433 0023 3E       		.uleb128 0x3e
 434 0024 0B       		.uleb128 0xb
ARM GAS  C:\Users\user\AppData\Local\Temp\ccAN6uC6.s 			page 11


 435 0025 03       		.uleb128 0x3
 436 0026 08       		.uleb128 0x8
 437 0027 00       		.byte	0
 438 0028 00       		.byte	0
 439 0029 04       		.uleb128 0x4
 440 002a 16       		.uleb128 0x16
 441 002b 00       		.byte	0
 442 002c 03       		.uleb128 0x3
 443 002d 0E       		.uleb128 0xe
 444 002e 3A       		.uleb128 0x3a
 445 002f 0B       		.uleb128 0xb
 446 0030 3B       		.uleb128 0x3b
 447 0031 05       		.uleb128 0x5
 448 0032 49       		.uleb128 0x49
 449 0033 13       		.uleb128 0x13
 450 0034 00       		.byte	0
 451 0035 00       		.byte	0
 452 0036 05       		.uleb128 0x5
 453 0037 35       		.uleb128 0x35
 454 0038 00       		.byte	0
 455 0039 49       		.uleb128 0x49
 456 003a 13       		.uleb128 0x13
 457 003b 00       		.byte	0
 458 003c 00       		.byte	0
 459 003d 06       		.uleb128 0x6
 460 003e 13       		.uleb128 0x13
 461 003f 01       		.byte	0x1
 462 0040 0B       		.uleb128 0xb
 463 0041 0B       		.uleb128 0xb
 464 0042 3A       		.uleb128 0x3a
 465 0043 0B       		.uleb128 0xb
 466 0044 3B       		.uleb128 0x3b
 467 0045 0B       		.uleb128 0xb
 468 0046 01       		.uleb128 0x1
 469 0047 13       		.uleb128 0x13
 470 0048 00       		.byte	0
 471 0049 00       		.byte	0
 472 004a 07       		.uleb128 0x7
 473 004b 0D       		.uleb128 0xd
 474 004c 00       		.byte	0
 475 004d 03       		.uleb128 0x3
 476 004e 0E       		.uleb128 0xe
 477 004f 3A       		.uleb128 0x3a
 478 0050 0B       		.uleb128 0xb
 479 0051 3B       		.uleb128 0x3b
 480 0052 0B       		.uleb128 0xb
 481 0053 49       		.uleb128 0x49
 482 0054 13       		.uleb128 0x13
 483 0055 38       		.uleb128 0x38
 484 0056 0B       		.uleb128 0xb
 485 0057 00       		.byte	0
 486 0058 00       		.byte	0
 487 0059 08       		.uleb128 0x8
 488 005a 16       		.uleb128 0x16
 489 005b 00       		.byte	0
 490 005c 03       		.uleb128 0x3
 491 005d 0E       		.uleb128 0xe
ARM GAS  C:\Users\user\AppData\Local\Temp\ccAN6uC6.s 			page 12


 492 005e 3A       		.uleb128 0x3a
 493 005f 0B       		.uleb128 0xb
 494 0060 3B       		.uleb128 0x3b
 495 0061 0B       		.uleb128 0xb
 496 0062 49       		.uleb128 0x49
 497 0063 13       		.uleb128 0x13
 498 0064 00       		.byte	0
 499 0065 00       		.byte	0
 500 0066 09       		.uleb128 0x9
 501 0067 2E       		.uleb128 0x2e
 502 0068 00       		.byte	0
 503 0069 3F       		.uleb128 0x3f
 504 006a 19       		.uleb128 0x19
 505 006b 03       		.uleb128 0x3
 506 006c 0E       		.uleb128 0xe
 507 006d 3A       		.uleb128 0x3a
 508 006e 0B       		.uleb128 0xb
 509 006f 3B       		.uleb128 0x3b
 510 0070 0B       		.uleb128 0xb
 511 0071 27       		.uleb128 0x27
 512 0072 19       		.uleb128 0x19
 513 0073 11       		.uleb128 0x11
 514 0074 01       		.uleb128 0x1
 515 0075 12       		.uleb128 0x12
 516 0076 06       		.uleb128 0x6
 517 0077 40       		.uleb128 0x40
 518 0078 18       		.uleb128 0x18
 519 0079 9742     		.uleb128 0x2117
 520 007b 19       		.uleb128 0x19
 521 007c 00       		.byte	0
 522 007d 00       		.byte	0
 523 007e 0A       		.uleb128 0xa
 524 007f 2E       		.uleb128 0x2e
 525 0080 01       		.byte	0x1
 526 0081 3F       		.uleb128 0x3f
 527 0082 19       		.uleb128 0x19
 528 0083 03       		.uleb128 0x3
 529 0084 0E       		.uleb128 0xe
 530 0085 3A       		.uleb128 0x3a
 531 0086 0B       		.uleb128 0xb
 532 0087 3B       		.uleb128 0x3b
 533 0088 0B       		.uleb128 0xb
 534 0089 27       		.uleb128 0x27
 535 008a 19       		.uleb128 0x19
 536 008b 11       		.uleb128 0x11
 537 008c 01       		.uleb128 0x1
 538 008d 12       		.uleb128 0x12
 539 008e 06       		.uleb128 0x6
 540 008f 40       		.uleb128 0x40
 541 0090 18       		.uleb128 0x18
 542 0091 9742     		.uleb128 0x2117
 543 0093 19       		.uleb128 0x19
 544 0094 01       		.uleb128 0x1
 545 0095 13       		.uleb128 0x13
 546 0096 00       		.byte	0
 547 0097 00       		.byte	0
 548 0098 0B       		.uleb128 0xb
ARM GAS  C:\Users\user\AppData\Local\Temp\ccAN6uC6.s 			page 13


 549 0099 898201   		.uleb128 0x4109
 550 009c 01       		.byte	0x1
 551 009d 11       		.uleb128 0x11
 552 009e 01       		.uleb128 0x1
 553 009f 31       		.uleb128 0x31
 554 00a0 13       		.uleb128 0x13
 555 00a1 01       		.uleb128 0x1
 556 00a2 13       		.uleb128 0x13
 557 00a3 00       		.byte	0
 558 00a4 00       		.byte	0
 559 00a5 0C       		.uleb128 0xc
 560 00a6 8A8201   		.uleb128 0x410a
 561 00a9 00       		.byte	0
 562 00aa 02       		.uleb128 0x2
 563 00ab 18       		.uleb128 0x18
 564 00ac 9142     		.uleb128 0x2111
 565 00ae 18       		.uleb128 0x18
 566 00af 00       		.byte	0
 567 00b0 00       		.byte	0
 568 00b1 0D       		.uleb128 0xd
 569 00b2 898201   		.uleb128 0x4109
 570 00b5 01       		.byte	0x1
 571 00b6 11       		.uleb128 0x11
 572 00b7 01       		.uleb128 0x1
 573 00b8 31       		.uleb128 0x31
 574 00b9 13       		.uleb128 0x13
 575 00ba 00       		.byte	0
 576 00bb 00       		.byte	0
 577 00bc 0E       		.uleb128 0xe
 578 00bd 898201   		.uleb128 0x4109
 579 00c0 00       		.byte	0
 580 00c1 11       		.uleb128 0x11
 581 00c2 01       		.uleb128 0x1
 582 00c3 31       		.uleb128 0x31
 583 00c4 13       		.uleb128 0x13
 584 00c5 00       		.byte	0
 585 00c6 00       		.byte	0
 586 00c7 0F       		.uleb128 0xf
 587 00c8 34       		.uleb128 0x34
 588 00c9 00       		.byte	0
 589 00ca 03       		.uleb128 0x3
 590 00cb 0E       		.uleb128 0xe
 591 00cc 3A       		.uleb128 0x3a
 592 00cd 0B       		.uleb128 0xb
 593 00ce 3B       		.uleb128 0x3b
 594 00cf 0B       		.uleb128 0xb
 595 00d0 49       		.uleb128 0x49
 596 00d1 13       		.uleb128 0x13
 597 00d2 02       		.uleb128 0x2
 598 00d3 18       		.uleb128 0x18
 599 00d4 00       		.byte	0
 600 00d5 00       		.byte	0
 601 00d6 10       		.uleb128 0x10
 602 00d7 2E       		.uleb128 0x2e
 603 00d8 00       		.byte	0
 604 00d9 3F       		.uleb128 0x3f
 605 00da 19       		.uleb128 0x19
ARM GAS  C:\Users\user\AppData\Local\Temp\ccAN6uC6.s 			page 14


 606 00db 3C       		.uleb128 0x3c
 607 00dc 19       		.uleb128 0x19
 608 00dd 6E       		.uleb128 0x6e
 609 00de 0E       		.uleb128 0xe
 610 00df 03       		.uleb128 0x3
 611 00e0 0E       		.uleb128 0xe
 612 00e1 3A       		.uleb128 0x3a
 613 00e2 0B       		.uleb128 0xb
 614 00e3 3B       		.uleb128 0x3b
 615 00e4 05       		.uleb128 0x5
 616 00e5 00       		.byte	0
 617 00e6 00       		.byte	0
 618 00e7 11       		.uleb128 0x11
 619 00e8 2E       		.uleb128 0x2e
 620 00e9 00       		.byte	0
 621 00ea 3F       		.uleb128 0x3f
 622 00eb 19       		.uleb128 0x19
 623 00ec 3C       		.uleb128 0x3c
 624 00ed 19       		.uleb128 0x19
 625 00ee 6E       		.uleb128 0x6e
 626 00ef 0E       		.uleb128 0xe
 627 00f0 03       		.uleb128 0x3
 628 00f1 0E       		.uleb128 0xe
 629 00f2 3A       		.uleb128 0x3a
 630 00f3 0B       		.uleb128 0xb
 631 00f4 3B       		.uleb128 0x3b
 632 00f5 0B       		.uleb128 0xb
 633 00f6 00       		.byte	0
 634 00f7 00       		.byte	0
 635 00f8 00       		.byte	0
 636              		.section	.debug_aranges,"",%progbits
 637 0000 34000000 		.4byte	0x34
 638 0004 0200     		.2byte	0x2
 639 0006 00000000 		.4byte	.Ldebug_info0
 640 000a 04       		.byte	0x4
 641 000b 00       		.byte	0
 642 000c 0000     		.2byte	0
 643 000e 0000     		.2byte	0
 644 0010 00000000 		.4byte	.LFB0
 645 0014 24000000 		.4byte	.LFE0-.LFB0
 646 0018 00000000 		.4byte	.LFB1
 647 001c 24000000 		.4byte	.LFE1-.LFB1
 648 0020 00000000 		.4byte	.LFB2
 649 0024 20000000 		.4byte	.LFE2-.LFB2
 650 0028 00000000 		.4byte	.LFB3
 651 002c 18000000 		.4byte	.LFE3-.LFB3
 652 0030 00000000 		.4byte	0
 653 0034 00000000 		.4byte	0
 654              		.section	.debug_ranges,"",%progbits
 655              	.Ldebug_ranges0:
 656 0000 00000000 		.4byte	.LFB0
 657 0004 24000000 		.4byte	.LFE0
 658 0008 00000000 		.4byte	.LFB1
 659 000c 24000000 		.4byte	.LFE1
 660 0010 00000000 		.4byte	.LFB2
 661 0014 20000000 		.4byte	.LFE2
 662 0018 00000000 		.4byte	.LFB3
ARM GAS  C:\Users\user\AppData\Local\Temp\ccAN6uC6.s 			page 15


 663 001c 18000000 		.4byte	.LFE3
 664 0020 00000000 		.4byte	0
 665 0024 00000000 		.4byte	0
 666              		.section	.debug_line,"",%progbits
 667              	.Ldebug_line0:
 668 0000 A9000000 		.section	.debug_str,"MS",%progbits,1
 668      02005A00 
 668      00000201 
 668      FB0E0D00 
 668      01010101 
 669              	.LASF15:
 670 0000 72656733 		.ascii	"reg32\000"
 670      3200
 671              	.LASF3:
 672 0006 73686F72 		.ascii	"short unsigned int\000"
 672      7420756E 
 672      7369676E 
 672      65642069 
 672      6E7400
 673              	.LASF20:
 674 0019 73617665 		.ascii	"saveSrA1Reg\000"
 674      53724131 
 674      52656700 
 675              	.LASF27:
 676 0025 53686966 		.ascii	"ShiftReg_6_Enable\000"
 676      74526567 
 676      5F365F45 
 676      6E61626C 
 676      6500
 677              	.LASF11:
 678 0037 666C6F61 		.ascii	"float\000"
 678      7400
 679              	.LASF1:
 680 003d 756E7369 		.ascii	"unsigned char\000"
 680      676E6564 
 680      20636861 
 680      7200
 681              	.LASF28:
 682 004b 474E5520 		.ascii	"GNU C11 5.4.1 20160609 (release) [ARM/embedded-5-br"
 682      43313120 
 682      352E342E 
 682      31203230 
 682      31363036 
 683 007e 616E6368 		.ascii	"anch revision 237715] -mcpu=cortex-m3 -mthumb -g -O"
 683      20726576 
 683      6973696F 
 683      6E203233 
 683      37373135 
 684 00b1 67202D66 		.ascii	"g -ffunction-sections -ffat-lto-objects\000"
 684      66756E63 
 684      74696F6E 
 684      2D736563 
 684      74696F6E 
 685              	.LASF14:
 686 00d9 72656738 		.ascii	"reg8\000"
 686      00
 687              	.LASF5:
ARM GAS  C:\Users\user\AppData\Local\Temp\ccAN6uC6.s 			page 16


 688 00de 6C6F6E67 		.ascii	"long unsigned int\000"
 688      20756E73 
 688      69676E65 
 688      6420696E 
 688      7400
 689              	.LASF9:
 690 00f0 75696E74 		.ascii	"uint8\000"
 690      3800
 691              	.LASF12:
 692 00f6 646F7562 		.ascii	"double\000"
 692      6C6500
 693              	.LASF16:
 694 00fd 6C6F6E67 		.ascii	"long double\000"
 694      20646F75 
 694      626C6500 
 695              	.LASF2:
 696 0109 73686F72 		.ascii	"short int\000"
 696      7420696E 
 696      7400
 697              	.LASF21:
 698 0113 53686966 		.ascii	"ShiftReg_6_BACKUP_STRUCT\000"
 698      74526567 
 698      5F365F42 
 698      41434B55 
 698      505F5354 
 699              	.LASF10:
 700 012c 75696E74 		.ascii	"uint32\000"
 700      333200
 701              	.LASF26:
 702 0133 53686966 		.ascii	"ShiftReg_6_Stop\000"
 702      74526567 
 702      5F365F53 
 702      746F7000 
 703              	.LASF8:
 704 0143 756E7369 		.ascii	"unsigned int\000"
 704      676E6564 
 704      20696E74 
 704      00
 705              	.LASF7:
 706 0150 6C6F6E67 		.ascii	"long long unsigned int\000"
 706      206C6F6E 
 706      6720756E 
 706      7369676E 
 706      65642069 
 707              	.LASF32:
 708 0167 53686966 		.ascii	"ShiftReg_6_backup\000"
 708      74526567 
 708      5F365F62 
 708      61636B75 
 708      7000
 709              	.LASF23:
 710 0179 53686966 		.ascii	"ShiftReg_6_Sleep\000"
 710      74526567 
 710      5F365F53 
 710      6C656570 
 710      00
 711              	.LASF22:
ARM GAS  C:\Users\user\AppData\Local\Temp\ccAN6uC6.s 			page 17


 712 018a 53686966 		.ascii	"ShiftReg_6_RestoreConfig\000"
 712      74526567 
 712      5F365F52 
 712      6573746F 
 712      7265436F 
 713              	.LASF17:
 714 01a3 73697A65 		.ascii	"sizetype\000"
 714      74797065 
 714      00
 715              	.LASF24:
 716 01ac 53686966 		.ascii	"ShiftReg_6_Wakeup\000"
 716      74526567 
 716      5F365F57 
 716      616B6575 
 716      7000
 717              	.LASF6:
 718 01be 6C6F6E67 		.ascii	"long long int\000"
 718      206C6F6E 
 718      6720696E 
 718      7400
 719              	.LASF13:
 720 01cc 63686172 		.ascii	"char\000"
 720      00
 721              	.LASF25:
 722 01d1 43795365 		.ascii	"CySetReg24\000"
 722      74526567 
 722      323400
 723              	.LASF31:
 724 01dc 53686966 		.ascii	"ShiftReg_6_SaveConfig\000"
 724      74526567 
 724      5F365F53 
 724      61766543 
 724      6F6E6669 
 725              	.LASF4:
 726 01f2 6C6F6E67 		.ascii	"long int\000"
 726      20696E74 
 726      00
 727              	.LASF18:
 728 01fb 656E6162 		.ascii	"enableState\000"
 728      6C655374 
 728      61746500 
 729              	.LASF29:
 730 0207 47656E65 		.ascii	"Generated_Source\\PSoC5\\ShiftReg_6_PM.c\000"
 730      72617465 
 730      645F536F 
 730      75726365 
 730      5C50536F 
 731              	.LASF0:
 732 022e 7369676E 		.ascii	"signed char\000"
 732      65642063 
 732      68617200 
 733              	.LASF30:
 734 023a 473A5C44 		.ascii	"G:\\DSA\\PORIGE\\Workspace03\\Design01.cydsn\000"
 734      53415C50 
 734      4F524947 
 734      455C576F 
 734      726B7370 
ARM GAS  C:\Users\user\AppData\Local\Temp\ccAN6uC6.s 			page 18


 735              	.LASF19:
 736 0263 73617665 		.ascii	"saveSrA0Reg\000"
 736      53724130 
 736      52656700 
 737              		.ident	"GCC: (GNU Tools for ARM Embedded Processors) 5.4.1 20160609 (release) [ARM/embedded-5-bran
