ARM GAS  C:\Users\user\AppData\Local\Temp\ccfqxmfe.s 			page 1


   1              		.syntax unified
   2              		.cpu cortex-m3
   3              		.fpu softvfp
   4              		.eabi_attribute 20, 1
   5              		.eabi_attribute 21, 1
   6              		.eabi_attribute 23, 3
   7              		.eabi_attribute 24, 1
   8              		.eabi_attribute 25, 1
   9              		.eabi_attribute 26, 1
  10              		.eabi_attribute 30, 1
  11              		.eabi_attribute 34, 1
  12              		.eabi_attribute 18, 4
  13              		.thumb
  14              		.syntax unified
  15              		.file	"USBUART_1_descr.c"
  16              		.text
  17              	.Ltext0:
  18              		.cfi_sections	.debug_frame
  19              		.comm	USBUART_1_idSerialNumberStringDescriptor,34,4
  20              		.global	USBUART_1_TABLE
  21              		.global	USBUART_1_DEVICE0_TABLE
  22              		.global	USBUART_1_DEVICE0_CONFIGURATION0_TABLE
  23              		.global	USBUART_1_DEVICE0_CONFIGURATION0_INTERFACE_CLASS
  24              		.global	USBUART_1_DEVICE0_CONFIGURATION0_EP_SETTINGS_TABLE
  25              		.global	USBUART_1_DEVICE0_CONFIGURATION0_INTERFACE4_TABLE
  26              		.global	USBUART_1_DEVICE0_CONFIGURATION0_INTERFACE4_ALTERNATE0_HID_TABLE
  27              		.global	USBUART_1_DEVICE0_CONFIGURATION0_INTERFACE4_ALTERNATE0_HID_FEATURE_RPT_TABLE
  28              		.comm	USBUART_1_DEVICE0_CONFIGURATION0_INTERFACE4_ALTERNATE0_HID_FEATURE_BUF,2,4
  29              		.comm	USBUART_1_DEVICE0_CONFIGURATION0_INTERFACE4_ALTERNATE0_HID_FEATURE_RPT_SCB,4,4
  30              		.global	USBUART_1_DEVICE0_CONFIGURATION0_INTERFACE4_ALTERNATE0_HID_IN_RPT_TABLE
  31              		.comm	USBUART_1_DEVICE0_CONFIGURATION0_INTERFACE4_ALTERNATE0_HID_IN_BUF,9,4
  32              		.comm	USBUART_1_DEVICE0_CONFIGURATION0_INTERFACE4_ALTERNATE0_HID_IN_RPT_SCB,4,4
  33              		.global	USBUART_1_HIDREPORT_DESCRIPTOR2
  34              		.global	USBUART_1_HIDREPORT_DESCRIPTOR1
  35              		.global	USBUART_1_SN_STRING_DESCRIPTOR
  36              		.global	USBUART_1_STRING_DESCRIPTORS
  37              		.global	USBUART_1_DEVICE0_CONFIGURATION0_DESCR
  38              		.global	USBUART_1_DEVICE0_DESCR
  39              		.section	.rodata
  40              		.align	2
  41              		.type	USBUART_1_TABLE, %object
  42              		.size	USBUART_1_TABLE, 8
  43              	USBUART_1_TABLE:
  44 0000 01       		.byte	1
  45 0001 000000   		.space	3
  46 0004 00000000 		.word	USBUART_1_DEVICE0_TABLE
  47              		.type	USBUART_1_DEVICE0_TABLE, %object
  48              		.size	USBUART_1_DEVICE0_TABLE, 24
  49              	USBUART_1_DEVICE0_TABLE:
  50 0008 01       		.byte	1
  51 0009 000000   		.space	3
  52 000c 00000000 		.word	USBUART_1_DEVICE0_DESCR
  53 0010 00       		.byte	0
  54 0011 000000   		.space	3
  55 0014 00000000 		.word	0
  56 0018 01       		.byte	1
  57 0019 000000   		.space	3
ARM GAS  C:\Users\user\AppData\Local\Temp\ccfqxmfe.s 			page 2


  58 001c 00000000 		.word	USBUART_1_DEVICE0_CONFIGURATION0_TABLE
  59              		.type	USBUART_1_DEVICE0_CONFIGURATION0_TABLE, %object
  60              		.size	USBUART_1_DEVICE0_CONFIGURATION0_TABLE, 48
  61              	USBUART_1_DEVICE0_CONFIGURATION0_TABLE:
  62 0020 01       		.byte	1
  63 0021 000000   		.space	3
  64 0024 00000000 		.word	USBUART_1_DEVICE0_CONFIGURATION0_DESCR
  65 0028 04       		.byte	4
  66 0029 000000   		.space	3
  67 002c 00000000 		.word	USBUART_1_DEVICE0_CONFIGURATION0_EP_SETTINGS_TABLE
  68 0030 00       		.byte	0
  69 0031 000000   		.space	3
  70 0034 00000000 		.word	0
  71 0038 00       		.byte	0
  72 0039 000000   		.space	3
  73 003c 00000000 		.word	0
  74 0040 01       		.byte	1
  75 0041 000000   		.space	3
  76 0044 00000000 		.word	USBUART_1_DEVICE0_CONFIGURATION0_INTERFACE4_TABLE
  77 0048 00       		.byte	0
  78 0049 000000   		.space	3
  79 004c 00000000 		.word	USBUART_1_DEVICE0_CONFIGURATION0_INTERFACE_CLASS
  80              		.type	USBUART_1_DEVICE0_CONFIGURATION0_INTERFACE_CLASS, %object
  81              		.size	USBUART_1_DEVICE0_CONFIGURATION0_INTERFACE_CLASS, 3
  82              	USBUART_1_DEVICE0_CONFIGURATION0_INTERFACE_CLASS:
  83 0050 02       		.byte	2
  84 0051 0A       		.byte	10
  85 0052 03       		.byte	3
  86 0053 00       		.space	1
  87              		.type	USBUART_1_DEVICE0_CONFIGURATION0_EP_SETTINGS_TABLE, %object
  88              		.size	USBUART_1_DEVICE0_CONFIGURATION0_EP_SETTINGS_TABLE, 32
  89              	USBUART_1_DEVICE0_CONFIGURATION0_EP_SETTINGS_TABLE:
  90 0054 00       		.byte	0
  91 0055 00       		.byte	0
  92 0056 81       		.byte	-127
  93 0057 03       		.byte	3
  94 0058 0800     		.short	8
  95 005a 02       		.byte	2
  96 005b 00       		.space	1
  97 005c 01       		.byte	1
  98 005d 00       		.byte	0
  99 005e 82       		.byte	-126
 100 005f 02       		.byte	2
 101 0060 4000     		.short	64
 102 0062 0A       		.byte	10
 103 0063 00       		.space	1
 104 0064 01       		.byte	1
 105 0065 00       		.byte	0
 106 0066 03       		.byte	3
 107 0067 02       		.byte	2
 108 0068 4000     		.short	64
 109 006a 0A       		.byte	10
 110 006b 00       		.space	1
 111 006c 02       		.byte	2
 112 006d 00       		.byte	0
 113 006e 84       		.byte	-124
 114 006f 03       		.byte	3
ARM GAS  C:\Users\user\AppData\Local\Temp\ccfqxmfe.s 			page 3


 115 0070 0800     		.short	8
 116 0072 03       		.byte	3
 117 0073 00       		.space	1
 118              		.type	USBUART_1_DEVICE0_CONFIGURATION0_INTERFACE4_TABLE, %object
 119              		.size	USBUART_1_DEVICE0_CONFIGURATION0_INTERFACE4_TABLE, 8
 120              	USBUART_1_DEVICE0_CONFIGURATION0_INTERFACE4_TABLE:
 121 0074 01       		.byte	1
 122 0075 000000   		.space	3
 123 0078 00000000 		.word	USBUART_1_DEVICE0_CONFIGURATION0_INTERFACE4_ALTERNATE0_HID_TABLE
 124              		.type	USBUART_1_DEVICE0_CONFIGURATION0_INTERFACE4_ALTERNATE0_HID_TABLE, %object
 125              		.size	USBUART_1_DEVICE0_CONFIGURATION0_INTERFACE4_ALTERNATE0_HID_TABLE, 40
 126              	USBUART_1_DEVICE0_CONFIGURATION0_INTERFACE4_ALTERNATE0_HID_TABLE:
 127 007c 00       		.byte	0
 128 007d 000000   		.space	3
 129 0080 00000000 		.word	USBUART_1_DEVICE0_CONFIGURATION0_INTERFACE4_ALTERNATE0_HID_IN_RPT_TABLE
 130 0084 00       		.byte	0
 131 0085 000000   		.space	3
 132 0088 00000000 		.word	0
 133 008c 00       		.byte	0
 134 008d 000000   		.space	3
 135 0090 00000000 		.word	USBUART_1_DEVICE0_CONFIGURATION0_INTERFACE4_ALTERNATE0_HID_FEATURE_RPT_TABLE
 136 0094 01       		.byte	1
 137 0095 000000   		.space	3
 138 0098 00000000 		.word	USBUART_1_HIDREPORT_DESCRIPTOR1
 139 009c 01       		.byte	1
 140 009d 000000   		.space	3
 141 00a0 5C000000 		.word	USBUART_1_DEVICE0_CONFIGURATION0_DESCR+92
 142              		.type	USBUART_1_DEVICE0_CONFIGURATION0_INTERFACE4_ALTERNATE0_HID_FEATURE_RPT_TABLE, %object
 143              		.size	USBUART_1_DEVICE0_CONFIGURATION0_INTERFACE4_ALTERNATE0_HID_FEATURE_RPT_TABLE, 12
 144              	USBUART_1_DEVICE0_CONFIGURATION0_INTERFACE4_ALTERNATE0_HID_FEATURE_RPT_TABLE:
 145 00a4 0200     		.short	2
 146 00a6 0000     		.space	2
 147 00a8 00000000 		.word	USBUART_1_DEVICE0_CONFIGURATION0_INTERFACE4_ALTERNATE0_HID_FEATURE_BUF
 148 00ac 00000000 		.word	USBUART_1_DEVICE0_CONFIGURATION0_INTERFACE4_ALTERNATE0_HID_FEATURE_RPT_SCB
 149              		.type	USBUART_1_DEVICE0_CONFIGURATION0_INTERFACE4_ALTERNATE0_HID_IN_RPT_TABLE, %object
 150              		.size	USBUART_1_DEVICE0_CONFIGURATION0_INTERFACE4_ALTERNATE0_HID_IN_RPT_TABLE, 12
 151              	USBUART_1_DEVICE0_CONFIGURATION0_INTERFACE4_ALTERNATE0_HID_IN_RPT_TABLE:
 152 00b0 0900     		.short	9
 153 00b2 0000     		.space	2
 154 00b4 00000000 		.word	USBUART_1_DEVICE0_CONFIGURATION0_INTERFACE4_ALTERNATE0_HID_IN_BUF
 155 00b8 00000000 		.word	USBUART_1_DEVICE0_CONFIGURATION0_INTERFACE4_ALTERNATE0_HID_IN_RPT_SCB
 156              		.type	USBUART_1_HIDREPORT_DESCRIPTOR2, %object
 157              		.size	USBUART_1_HIDREPORT_DESCRIPTOR2, 42
 158              	USBUART_1_HIDREPORT_DESCRIPTOR2:
 159 00bc 26       		.byte	38
 160 00bd 00       		.byte	0
 161 00be 05       		.byte	5
 162 00bf 01       		.byte	1
 163 00c0 09       		.byte	9
 164 00c1 02       		.byte	2
 165 00c2 A1       		.byte	-95
 166 00c3 01       		.byte	1
 167 00c4 09       		.byte	9
 168 00c5 01       		.byte	1
 169 00c6 A1       		.byte	-95
 170 00c7 00       		.byte	0
 171 00c8 19       		.byte	25
ARM GAS  C:\Users\user\AppData\Local\Temp\ccfqxmfe.s 			page 4


 172 00c9 01       		.byte	1
 173 00ca 29       		.byte	41
 174 00cb 03       		.byte	3
 175 00cc 15       		.byte	21
 176 00cd 00       		.byte	0
 177 00ce 25       		.byte	37
 178 00cf 01       		.byte	1
 179 00d0 95       		.byte	-107
 180 00d1 03       		.byte	3
 181 00d2 75       		.byte	117
 182 00d3 01       		.byte	1
 183 00d4 81       		.byte	-127
 184 00d5 06       		.byte	6
 185 00d6 75       		.byte	117
 186 00d7 01       		.byte	1
 187 00d8 81       		.byte	-127
 188 00d9 06       		.byte	6
 189 00da 15       		.byte	21
 190 00db 00       		.byte	0
 191 00dc 25       		.byte	37
 192 00dd 01       		.byte	1
 193 00de 95       		.byte	-107
 194 00df 05       		.byte	5
 195 00e0 81       		.byte	-127
 196 00e1 07       		.byte	7
 197 00e2 C0       		.byte	-64
 198 00e3 C0       		.byte	-64
 199 00e4 00       		.byte	0
 200 00e5 00       		.byte	0
 201 00e6 0000     		.space	2
 202              		.type	USBUART_1_HIDREPORT_DESCRIPTOR1, %object
 203              		.size	USBUART_1_HIDREPORT_DESCRIPTOR1, 69
 204              	USBUART_1_HIDREPORT_DESCRIPTOR1:
 205 00e8 41       		.byte	65
 206 00e9 00       		.byte	0
 207 00ea 05       		.byte	5
 208 00eb 01       		.byte	1
 209 00ec 09       		.byte	9
 210 00ed 06       		.byte	6
 211 00ee A1       		.byte	-95
 212 00ef 01       		.byte	1
 213 00f0 05       		.byte	5
 214 00f1 07       		.byte	7
 215 00f2 1A       		.byte	26
 216 00f3 E0       		.byte	-32
 217 00f4 00       		.byte	0
 218 00f5 2A       		.byte	42
 219 00f6 E7       		.byte	-25
 220 00f7 00       		.byte	0
 221 00f8 15       		.byte	21
 222 00f9 00       		.byte	0
 223 00fa 25       		.byte	37
 224 00fb 01       		.byte	1
 225 00fc 75       		.byte	117
 226 00fd 01       		.byte	1
 227 00fe 95       		.byte	-107
 228 00ff 08       		.byte	8
ARM GAS  C:\Users\user\AppData\Local\Temp\ccfqxmfe.s 			page 5


 229 0100 81       		.byte	-127
 230 0101 02       		.byte	2
 231 0102 95       		.byte	-107
 232 0103 01       		.byte	1
 233 0104 75       		.byte	117
 234 0105 08       		.byte	8
 235 0106 81       		.byte	-127
 236 0107 03       		.byte	3
 237 0108 95       		.byte	-107
 238 0109 05       		.byte	5
 239 010a 75       		.byte	117
 240 010b 01       		.byte	1
 241 010c 05       		.byte	5
 242 010d 08       		.byte	8
 243 010e 19       		.byte	25
 244 010f 01       		.byte	1
 245 0110 29       		.byte	41
 246 0111 05       		.byte	5
 247 0112 B1       		.byte	-79
 248 0113 02       		.byte	2
 249 0114 95       		.byte	-107
 250 0115 01       		.byte	1
 251 0116 75       		.byte	117
 252 0117 03       		.byte	3
 253 0118 B1       		.byte	-79
 254 0119 03       		.byte	3
 255 011a 95       		.byte	-107
 256 011b 06       		.byte	6
 257 011c 75       		.byte	117
 258 011d 08       		.byte	8
 259 011e 15       		.byte	21
 260 011f 00       		.byte	0
 261 0120 25       		.byte	37
 262 0121 65       		.byte	101
 263 0122 05       		.byte	5
 264 0123 07       		.byte	7
 265 0124 19       		.byte	25
 266 0125 00       		.byte	0
 267 0126 29       		.byte	41
 268 0127 65       		.byte	101
 269 0128 81       		.byte	-127
 270 0129 00       		.byte	0
 271 012a C0       		.byte	-64
 272 012b 00       		.byte	0
 273 012c 00       		.byte	0
 274 012d 000000   		.space	3
 275              		.type	USBUART_1_SN_STRING_DESCRIPTOR, %object
 276              		.size	USBUART_1_SN_STRING_DESCRIPTOR, 2
 277              	USBUART_1_SN_STRING_DESCRIPTOR:
 278 0130 02       		.byte	2
 279 0131 03       		.byte	3
 280 0132 0000     		.space	2
 281              		.type	USBUART_1_STRING_DESCRIPTORS, %object
 282              		.size	USBUART_1_STRING_DESCRIPTORS, 323
 283              	USBUART_1_STRING_DESCRIPTORS:
 284 0134 04       		.byte	4
 285 0135 03       		.byte	3
ARM GAS  C:\Users\user\AppData\Local\Temp\ccfqxmfe.s 			page 6


 286 0136 09       		.byte	9
 287 0137 04       		.byte	4
 288 0138 2C       		.byte	44
 289 0139 03       		.byte	3
 290 013a 43       		.byte	67
 291 013b 00       		.byte	0
 292 013c 79       		.byte	121
 293 013d 00       		.byte	0
 294 013e 70       		.byte	112
 295 013f 00       		.byte	0
 296 0140 72       		.byte	114
 297 0141 00       		.byte	0
 298 0142 65       		.byte	101
 299 0143 00       		.byte	0
 300 0144 73       		.byte	115
 301 0145 00       		.byte	0
 302 0146 73       		.byte	115
 303 0147 00       		.byte	0
 304 0148 20       		.byte	32
 305 0149 00       		.byte	0
 306 014a 53       		.byte	83
 307 014b 00       		.byte	0
 308 014c 65       		.byte	101
 309 014d 00       		.byte	0
 310 014e 6D       		.byte	109
 311 014f 00       		.byte	0
 312 0150 69       		.byte	105
 313 0151 00       		.byte	0
 314 0152 63       		.byte	99
 315 0153 00       		.byte	0
 316 0154 6F       		.byte	111
 317 0155 00       		.byte	0
 318 0156 6E       		.byte	110
 319 0157 00       		.byte	0
 320 0158 64       		.byte	100
 321 0159 00       		.byte	0
 322 015a 75       		.byte	117
 323 015b 00       		.byte	0
 324 015c 63       		.byte	99
 325 015d 00       		.byte	0
 326 015e 74       		.byte	116
 327 015f 00       		.byte	0
 328 0160 6F       		.byte	111
 329 0161 00       		.byte	0
 330 0162 72       		.byte	114
 331 0163 00       		.byte	0
 332 0164 10       		.byte	16
 333 0165 03       		.byte	3
 334 0166 55       		.byte	85
 335 0167 00       		.byte	0
 336 0168 53       		.byte	83
 337 0169 00       		.byte	0
 338 016a 42       		.byte	66
 339 016b 00       		.byte	0
 340 016c 55       		.byte	85
 341 016d 00       		.byte	0
 342 016e 41       		.byte	65
ARM GAS  C:\Users\user\AppData\Local\Temp\ccfqxmfe.s 			page 7


 343 016f 00       		.byte	0
 344 0170 52       		.byte	82
 345 0171 00       		.byte	0
 346 0172 54       		.byte	84
 347 0173 00       		.byte	0
 348 0174 38       		.byte	56
 349 0175 03       		.byte	3
 350 0176 43       		.byte	67
 351 0177 00       		.byte	0
 352 0178 44       		.byte	68
 353 0179 00       		.byte	0
 354 017a 43       		.byte	67
 355 017b 00       		.byte	0
 356 017c 20       		.byte	32
 357 017d 00       		.byte	0
 358 017e 43       		.byte	67
 359 017f 00       		.byte	0
 360 0180 6F       		.byte	111
 361 0181 00       		.byte	0
 362 0182 6D       		.byte	109
 363 0183 00       		.byte	0
 364 0184 6D       		.byte	109
 365 0185 00       		.byte	0
 366 0186 75       		.byte	117
 367 0187 00       		.byte	0
 368 0188 6E       		.byte	110
 369 0189 00       		.byte	0
 370 018a 69       		.byte	105
 371 018b 00       		.byte	0
 372 018c 63       		.byte	99
 373 018d 00       		.byte	0
 374 018e 61       		.byte	97
 375 018f 00       		.byte	0
 376 0190 74       		.byte	116
 377 0191 00       		.byte	0
 378 0192 69       		.byte	105
 379 0193 00       		.byte	0
 380 0194 6F       		.byte	111
 381 0195 00       		.byte	0
 382 0196 6E       		.byte	110
 383 0197 00       		.byte	0
 384 0198 20       		.byte	32
 385 0199 00       		.byte	0
 386 019a 49       		.byte	73
 387 019b 00       		.byte	0
 388 019c 6E       		.byte	110
 389 019d 00       		.byte	0
 390 019e 74       		.byte	116
 391 019f 00       		.byte	0
 392 01a0 65       		.byte	101
 393 01a1 00       		.byte	0
 394 01a2 72       		.byte	114
 395 01a3 00       		.byte	0
 396 01a4 66       		.byte	102
 397 01a5 00       		.byte	0
 398 01a6 61       		.byte	97
 399 01a7 00       		.byte	0
ARM GAS  C:\Users\user\AppData\Local\Temp\ccfqxmfe.s 			page 8


 400 01a8 63       		.byte	99
 401 01a9 00       		.byte	0
 402 01aa 65       		.byte	101
 403 01ab 00       		.byte	0
 404 01ac 26       		.byte	38
 405 01ad 03       		.byte	3
 406 01ae 43       		.byte	67
 407 01af 00       		.byte	0
 408 01b0 44       		.byte	68
 409 01b1 00       		.byte	0
 410 01b2 43       		.byte	67
 411 01b3 00       		.byte	0
 412 01b4 20       		.byte	32
 413 01b5 00       		.byte	0
 414 01b6 44       		.byte	68
 415 01b7 00       		.byte	0
 416 01b8 61       		.byte	97
 417 01b9 00       		.byte	0
 418 01ba 74       		.byte	116
 419 01bb 00       		.byte	0
 420 01bc 61       		.byte	97
 421 01bd 00       		.byte	0
 422 01be 20       		.byte	32
 423 01bf 00       		.byte	0
 424 01c0 49       		.byte	73
 425 01c1 00       		.byte	0
 426 01c2 6E       		.byte	110
 427 01c3 00       		.byte	0
 428 01c4 74       		.byte	116
 429 01c5 00       		.byte	0
 430 01c6 65       		.byte	101
 431 01c7 00       		.byte	0
 432 01c8 72       		.byte	114
 433 01c9 00       		.byte	0
 434 01ca 66       		.byte	102
 435 01cb 00       		.byte	0
 436 01cc 61       		.byte	97
 437 01cd 00       		.byte	0
 438 01ce 63       		.byte	99
 439 01cf 00       		.byte	0
 440 01d0 65       		.byte	101
 441 01d1 00       		.byte	0
 442 01d2 1A       		.byte	26
 443 01d3 03       		.byte	3
 444 01d4 53       		.byte	83
 445 01d5 00       		.byte	0
 446 01d6 71       		.byte	113
 447 01d7 00       		.byte	0
 448 01d8 75       		.byte	117
 449 01d9 00       		.byte	0
 450 01da 61       		.byte	97
 451 01db 00       		.byte	0
 452 01dc 72       		.byte	114
 453 01dd 00       		.byte	0
 454 01de 65       		.byte	101
 455 01df 00       		.byte	0
 456 01e0 20       		.byte	32
ARM GAS  C:\Users\user\AppData\Local\Temp\ccfqxmfe.s 			page 9


 457 01e1 00       		.byte	0
 458 01e2 4D       		.byte	77
 459 01e3 00       		.byte	0
 460 01e4 6F       		.byte	111
 461 01e5 00       		.byte	0
 462 01e6 75       		.byte	117
 463 01e7 00       		.byte	0
 464 01e8 73       		.byte	115
 465 01e9 00       		.byte	0
 466 01ea 65       		.byte	101
 467 01eb 00       		.byte	0
 468 01ec 1C       		.byte	28
 469 01ed 03       		.byte	3
 470 01ee 44       		.byte	68
 471 01ef 00       		.byte	0
 472 01f0 6F       		.byte	111
 473 01f1 00       		.byte	0
 474 01f2 75       		.byte	117
 475 01f3 00       		.byte	0
 476 01f4 67       		.byte	103
 477 01f5 00       		.byte	0
 478 01f6 20       		.byte	32
 479 01f7 00       		.byte	0
 480 01f8 42       		.byte	66
 481 01f9 00       		.byte	0
 482 01fa 61       		.byte	97
 483 01fb 00       		.byte	0
 484 01fc 72       		.byte	114
 485 01fd 00       		.byte	0
 486 01fe 74       		.byte	116
 487 01ff 00       		.byte	0
 488 0200 6C       		.byte	108
 489 0201 00       		.byte	0
 490 0202 65       		.byte	101
 491 0203 00       		.byte	0
 492 0204 74       		.byte	116
 493 0205 00       		.byte	0
 494 0206 74       		.byte	116
 495 0207 00       		.byte	0
 496 0208 14       		.byte	20
 497 0209 03       		.byte	3
 498 020a 47       		.byte	71
 499 020b 00       		.byte	0
 500 020c 65       		.byte	101
 501 020d 00       		.byte	0
 502 020e 61       		.byte	97
 503 020f 00       		.byte	0
 504 0210 72       		.byte	114
 505 0211 00       		.byte	0
 506 0212 52       		.byte	82
 507 0213 00       		.byte	0
 508 0214 61       		.byte	97
 509 0215 00       		.byte	0
 510 0216 74       		.byte	116
 511 0217 00       		.byte	0
 512 0218 69       		.byte	105
 513 0219 00       		.byte	0
ARM GAS  C:\Users\user\AppData\Local\Temp\ccfqxmfe.s 			page 10


 514 021a 6F       		.byte	111
 515 021b 00       		.byte	0
 516 021c 26       		.byte	38
 517 021d 03       		.byte	3
 518 021e 47       		.byte	71
 519 021f 00       		.byte	0
 520 0220 65       		.byte	101
 521 0221 00       		.byte	0
 522 0222 61       		.byte	97
 523 0223 00       		.byte	0
 524 0224 72       		.byte	114
 525 0225 00       		.byte	0
 526 0226 52       		.byte	82
 527 0227 00       		.byte	0
 528 0228 61       		.byte	97
 529 0229 00       		.byte	0
 530 022a 74       		.byte	116
 531 022b 00       		.byte	0
 532 022c 69       		.byte	105
 533 022d 00       		.byte	0
 534 022e 6F       		.byte	111
 535 022f 00       		.byte	0
 536 0230 20       		.byte	32
 537 0231 00       		.byte	0
 538 0232 4B       		.byte	75
 539 0233 00       		.byte	0
 540 0234 65       		.byte	101
 541 0235 00       		.byte	0
 542 0236 79       		.byte	121
 543 0237 00       		.byte	0
 544 0238 62       		.byte	98
 545 0239 00       		.byte	0
 546 023a 6F       		.byte	111
 547 023b 00       		.byte	0
 548 023c 61       		.byte	97
 549 023d 00       		.byte	0
 550 023e 72       		.byte	114
 551 023f 00       		.byte	0
 552 0240 64       		.byte	100
 553 0241 00       		.byte	0
 554 0242 10       		.byte	16
 555 0243 03       		.byte	3
 556 0244 4B       		.byte	75
 557 0245 00       		.byte	0
 558 0246 65       		.byte	101
 559 0247 00       		.byte	0
 560 0248 62       		.byte	98
 561 0249 00       		.byte	0
 562 024a 6F       		.byte	111
 563 024b 00       		.byte	0
 564 024c 61       		.byte	97
 565 024d 00       		.byte	0
 566 024e 72       		.byte	114
 567 024f 00       		.byte	0
 568 0250 74       		.byte	116
 569 0251 00       		.byte	0
 570 0252 18       		.byte	24
ARM GAS  C:\Users\user\AppData\Local\Temp\ccfqxmfe.s 			page 11


 571 0253 03       		.byte	3
 572 0254 56       		.byte	86
 573 0255 00       		.byte	0
 574 0256 6F       		.byte	111
 575 0257 00       		.byte	0
 576 0258 6C       		.byte	108
 577 0259 00       		.byte	0
 578 025a 75       		.byte	117
 579 025b 00       		.byte	0
 580 025c 65       		.byte	101
 581 025d 00       		.byte	0
 582 025e 20       		.byte	32
 583 025f 00       		.byte	0
 584 0260 43       		.byte	67
 585 0261 00       		.byte	0
 586 0262 6F       		.byte	111
 587 0263 00       		.byte	0
 588 0264 6E       		.byte	110
 589 0265 00       		.byte	0
 590 0266 74       		.byte	116
 591 0267 00       		.byte	0
 592 0268 72       		.byte	114
 593 0269 00       		.byte	0
 594 026a 0C       		.byte	12
 595 026b 03       		.byte	3
 596 026c 64       		.byte	100
 597 026d 00       		.byte	0
 598 026e 64       		.byte	100
 599 026f 00       		.byte	0
 600 0270 64       		.byte	100
 601 0271 00       		.byte	0
 602 0272 64       		.byte	100
 603 0273 00       		.byte	0
 604 0274 64       		.byte	100
 605 0275 00       		.byte	0
 606 0276 00       		.byte	0
 607 0277 00       		.space	1
 608              		.type	USBUART_1_DEVICE0_CONFIGURATION0_DESCR, %object
 609              		.size	USBUART_1_DEVICE0_CONFIGURATION0_DESCR, 108
 610              	USBUART_1_DEVICE0_CONFIGURATION0_DESCR:
 611 0278 09       		.byte	9
 612 0279 02       		.byte	2
 613 027a 6C       		.byte	108
 614 027b 00       		.byte	0
 615 027c 03       		.byte	3
 616 027d 01       		.byte	1
 617 027e 07       		.byte	7
 618 027f A0       		.byte	-96
 619 0280 0A       		.byte	10
 620 0281 08       		.byte	8
 621 0282 0B       		.byte	11
 622 0283 00       		.byte	0
 623 0284 02       		.byte	2
 624 0285 02       		.byte	2
 625 0286 02       		.byte	2
 626 0287 01       		.byte	1
 627 0288 00       		.byte	0
ARM GAS  C:\Users\user\AppData\Local\Temp\ccfqxmfe.s 			page 12


 628 0289 09       		.byte	9
 629 028a 04       		.byte	4
 630 028b 00       		.byte	0
 631 028c 00       		.byte	0
 632 028d 01       		.byte	1
 633 028e 02       		.byte	2
 634 028f 02       		.byte	2
 635 0290 01       		.byte	1
 636 0291 03       		.byte	3
 637 0292 05       		.byte	5
 638 0293 24       		.byte	36
 639 0294 00       		.byte	0
 640 0295 10       		.byte	16
 641 0296 01       		.byte	1
 642 0297 04       		.byte	4
 643 0298 24       		.byte	36
 644 0299 02       		.byte	2
 645 029a 02       		.byte	2
 646 029b 05       		.byte	5
 647 029c 24       		.byte	36
 648 029d 06       		.byte	6
 649 029e 00       		.byte	0
 650 029f 01       		.byte	1
 651 02a0 05       		.byte	5
 652 02a1 24       		.byte	36
 653 02a2 01       		.byte	1
 654 02a3 00       		.byte	0
 655 02a4 01       		.byte	1
 656 02a5 07       		.byte	7
 657 02a6 05       		.byte	5
 658 02a7 81       		.byte	-127
 659 02a8 03       		.byte	3
 660 02a9 08       		.byte	8
 661 02aa 00       		.byte	0
 662 02ab 0A       		.byte	10
 663 02ac 09       		.byte	9
 664 02ad 04       		.byte	4
 665 02ae 01       		.byte	1
 666 02af 00       		.byte	0
 667 02b0 02       		.byte	2
 668 02b1 0A       		.byte	10
 669 02b2 00       		.byte	0
 670 02b3 00       		.byte	0
 671 02b4 04       		.byte	4
 672 02b5 07       		.byte	7
 673 02b6 05       		.byte	5
 674 02b7 82       		.byte	-126
 675 02b8 02       		.byte	2
 676 02b9 40       		.byte	64
 677 02ba 00       		.byte	0
 678 02bb 00       		.byte	0
 679 02bc 07       		.byte	7
 680 02bd 05       		.byte	5
 681 02be 03       		.byte	3
 682 02bf 02       		.byte	2
 683 02c0 40       		.byte	64
 684 02c1 00       		.byte	0
ARM GAS  C:\Users\user\AppData\Local\Temp\ccfqxmfe.s 			page 13


 685 02c2 00       		.byte	0
 686 02c3 08       		.byte	8
 687 02c4 0B       		.byte	11
 688 02c5 02       		.byte	2
 689 02c6 01       		.byte	1
 690 02c7 03       		.byte	3
 691 02c8 00       		.byte	0
 692 02c9 03       		.byte	3
 693 02ca 00       		.byte	0
 694 02cb 09       		.byte	9
 695 02cc 04       		.byte	4
 696 02cd 02       		.byte	2
 697 02ce 00       		.byte	0
 698 02cf 01       		.byte	1
 699 02d0 03       		.byte	3
 700 02d1 00       		.byte	0
 701 02d2 03       		.byte	3
 702 02d3 09       		.byte	9
 703 02d4 09       		.byte	9
 704 02d5 21       		.byte	33
 705 02d6 11       		.byte	17
 706 02d7 01       		.byte	1
 707 02d8 00       		.byte	0
 708 02d9 01       		.byte	1
 709 02da 22       		.byte	34
 710 02db 41       		.byte	65
 711 02dc 00       		.byte	0
 712 02dd 07       		.byte	7
 713 02de 05       		.byte	5
 714 02df 84       		.byte	-124
 715 02e0 03       		.byte	3
 716 02e1 08       		.byte	8
 717 02e2 00       		.byte	0
 718 02e3 0A       		.byte	10
 719              		.type	USBUART_1_DEVICE0_DESCR, %object
 720              		.size	USBUART_1_DEVICE0_DESCR, 18
 721              	USBUART_1_DEVICE0_DESCR:
 722 02e4 12       		.byte	18
 723 02e5 01       		.byte	1
 724 02e6 00       		.byte	0
 725 02e7 02       		.byte	2
 726 02e8 EF       		.byte	-17
 727 02e9 02       		.byte	2
 728 02ea 01       		.byte	1
 729 02eb 08       		.byte	8
 730 02ec 83       		.byte	-125
 731 02ed 04       		.byte	4
 732 02ee 41       		.byte	65
 733 02ef 57       		.byte	87
 734 02f0 00       		.byte	0
 735 02f1 00       		.byte	0
 736 02f2 01       		.byte	1
 737 02f3 01       		.byte	1
 738 02f4 80       		.byte	-128
 739 02f5 01       		.byte	1
 740              		.text
 741              	.Letext0:
ARM GAS  C:\Users\user\AppData\Local\Temp\ccfqxmfe.s 			page 14


 742              		.file 1 "Generated_Source\\PSoC5\\cytypes.h"
 743              		.file 2 "Generated_Source\\PSoC5\\USBUART_1.h"
 744              		.file 3 "Generated_Source\\PSoC5\\USBUART_1_descr.c"
 745              		.section	.debug_info,"",%progbits
 746              	.Ldebug_info0:
 747 0000 62040000 		.4byte	0x462
 748 0004 0400     		.2byte	0x4
 749 0006 00000000 		.4byte	.Ldebug_abbrev0
 750 000a 04       		.byte	0x4
 751 000b 01       		.uleb128 0x1
 752 000c 1B020000 		.4byte	.LASF52
 753 0010 0C       		.byte	0xc
 754 0011 E7050000 		.4byte	.LASF53
 755 0015 B7050000 		.4byte	.LASF54
 756 0019 00000000 		.4byte	.Ldebug_line0
 757 001d 02       		.uleb128 0x2
 758 001e 01       		.byte	0x1
 759 001f 06       		.byte	0x6
 760 0020 AB050000 		.4byte	.LASF0
 761 0024 02       		.uleb128 0x2
 762 0025 01       		.byte	0x1
 763 0026 08       		.byte	0x8
 764 0027 0D020000 		.4byte	.LASF1
 765 002b 02       		.uleb128 0x2
 766 002c 02       		.byte	0x2
 767 002d 05       		.byte	0x5
 768 002e 50030000 		.4byte	.LASF2
 769 0032 02       		.uleb128 0x2
 770 0033 02       		.byte	0x2
 771 0034 07       		.byte	0x7
 772 0035 46010000 		.4byte	.LASF3
 773 0039 02       		.uleb128 0x2
 774 003a 04       		.byte	0x4
 775 003b 05       		.byte	0x5
 776 003c 96050000 		.4byte	.LASF4
 777 0040 02       		.uleb128 0x2
 778 0041 04       		.byte	0x4
 779 0042 07       		.byte	0x7
 780 0043 B4020000 		.4byte	.LASF5
 781 0047 02       		.uleb128 0x2
 782 0048 08       		.byte	0x8
 783 0049 05       		.byte	0x5
 784 004a 90040000 		.4byte	.LASF6
 785 004e 02       		.uleb128 0x2
 786 004f 08       		.byte	0x8
 787 0050 07       		.byte	0x7
 788 0051 1F040000 		.4byte	.LASF7
 789 0055 03       		.uleb128 0x3
 790 0056 04       		.byte	0x4
 791 0057 05       		.byte	0x5
 792 0058 696E7400 		.ascii	"int\000"
 793 005c 02       		.uleb128 0x2
 794 005d 04       		.byte	0x4
 795 005e 07       		.byte	0x7
 796 005f D0030000 		.4byte	.LASF8
 797 0063 04       		.uleb128 0x4
 798 0064 08050000 		.4byte	.LASF9
ARM GAS  C:\Users\user\AppData\Local\Temp\ccfqxmfe.s 			page 15


 799 0068 01       		.byte	0x1
 800 0069 9201     		.2byte	0x192
 801 006b 24000000 		.4byte	0x24
 802 006f 04       		.uleb128 0x4
 803 0070 65030000 		.4byte	.LASF10
 804 0074 01       		.byte	0x1
 805 0075 9301     		.2byte	0x193
 806 0077 32000000 		.4byte	0x32
 807 007b 02       		.uleb128 0x2
 808 007c 04       		.byte	0x4
 809 007d 04       		.byte	0x4
 810 007e D5010000 		.4byte	.LASF11
 811 0082 02       		.uleb128 0x2
 812 0083 08       		.byte	0x8
 813 0084 04       		.byte	0x4
 814 0085 49030000 		.4byte	.LASF12
 815 0089 02       		.uleb128 0x2
 816 008a 01       		.byte	0x1
 817 008b 08       		.byte	0x8
 818 008c 9E040000 		.4byte	.LASF13
 819 0090 05       		.uleb128 0x5
 820 0091 63000000 		.4byte	0x63
 821 0095 02       		.uleb128 0x2
 822 0096 08       		.byte	0x8
 823 0097 04       		.byte	0x4
 824 0098 9F050000 		.4byte	.LASF14
 825 009c 02       		.uleb128 0x2
 826 009d 04       		.byte	0x4
 827 009e 07       		.byte	0x7
 828 009f 87040000 		.4byte	.LASF15
 829 00a3 06       		.uleb128 0x6
 830 00a4 08       		.byte	0x8
 831 00a5 02       		.byte	0x2
 832 00a6 A4       		.byte	0xa4
 833 00a7 F4000000 		.4byte	0xf4
 834 00ab 07       		.uleb128 0x7
 835 00ac 59050000 		.4byte	.LASF16
 836 00b0 02       		.byte	0x2
 837 00b1 A6       		.byte	0xa6
 838 00b2 63000000 		.4byte	0x63
 839 00b6 00       		.byte	0
 840 00b7 07       		.uleb128 0x7
 841 00b8 02020000 		.4byte	.LASF17
 842 00bc 02       		.byte	0x2
 843 00bd A7       		.byte	0xa7
 844 00be 63000000 		.4byte	0x63
 845 00c2 01       		.byte	0x1
 846 00c3 07       		.uleb128 0x7
 847 00c4 C6020000 		.4byte	.LASF18
 848 00c8 02       		.byte	0x2
 849 00c9 A8       		.byte	0xa8
 850 00ca 63000000 		.4byte	0x63
 851 00ce 02       		.byte	0x2
 852 00cf 07       		.uleb128 0x7
 853 00d0 A9020000 		.4byte	.LASF19
 854 00d4 02       		.byte	0x2
 855 00d5 A9       		.byte	0xa9
ARM GAS  C:\Users\user\AppData\Local\Temp\ccfqxmfe.s 			page 16


 856 00d6 63000000 		.4byte	0x63
 857 00da 03       		.byte	0x3
 858 00db 07       		.uleb128 0x7
 859 00dc 5A030000 		.4byte	.LASF20
 860 00e0 02       		.byte	0x2
 861 00e1 AA       		.byte	0xaa
 862 00e2 6F000000 		.4byte	0x6f
 863 00e6 04       		.byte	0x4
 864 00e7 07       		.uleb128 0x7
 865 00e8 A3040000 		.4byte	.LASF21
 866 00ec 02       		.byte	0x2
 867 00ed AB       		.byte	0xab
 868 00ee 63000000 		.4byte	0x63
 869 00f2 06       		.byte	0x6
 870 00f3 00       		.byte	0
 871 00f4 08       		.uleb128 0x8
 872 00f5 69010000 		.4byte	.LASF22
 873 00f9 02       		.byte	0x2
 874 00fa AC       		.byte	0xac
 875 00fb A3000000 		.4byte	0xa3
 876 00ff 06       		.uleb128 0x6
 877 0100 04       		.byte	0x4
 878 0101 02       		.byte	0x2
 879 0102 AE       		.byte	0xae
 880 0103 20010000 		.4byte	0x120
 881 0107 07       		.uleb128 0x7
 882 0108 B3000000 		.4byte	.LASF23
 883 010c 02       		.byte	0x2
 884 010d B0       		.byte	0xb0
 885 010e 63000000 		.4byte	0x63
 886 0112 00       		.byte	0
 887 0113 07       		.uleb128 0x7
 888 0114 E0050000 		.4byte	.LASF24
 889 0118 02       		.byte	0x2
 890 0119 B1       		.byte	0xb1
 891 011a 6F000000 		.4byte	0x6f
 892 011e 02       		.byte	0x2
 893 011f 00       		.byte	0
 894 0120 08       		.uleb128 0x8
 895 0121 A9040000 		.4byte	.LASF25
 896 0125 02       		.byte	0x2
 897 0126 B2       		.byte	0xb2
 898 0127 FF000000 		.4byte	0xff
 899 012b 06       		.uleb128 0x6
 900 012c 0C       		.byte	0xc
 901 012d 02       		.byte	0x2
 902 012e B4       		.byte	0xb4
 903 012f 58010000 		.4byte	0x158
 904 0133 07       		.uleb128 0x7
 905 0134 40010000 		.4byte	.LASF26
 906 0138 02       		.byte	0x2
 907 0139 B6       		.byte	0xb6
 908 013a 6F000000 		.4byte	0x6f
 909 013e 00       		.byte	0
 910 013f 07       		.uleb128 0x7
 911 0140 87010000 		.4byte	.LASF27
 912 0144 02       		.byte	0x2
ARM GAS  C:\Users\user\AppData\Local\Temp\ccfqxmfe.s 			page 17


 913 0145 B7       		.byte	0xb7
 914 0146 58010000 		.4byte	0x158
 915 014a 04       		.byte	0x4
 916 014b 07       		.uleb128 0x7
 917 014c A6000000 		.4byte	.LASF28
 918 0150 02       		.byte	0x2
 919 0151 B8       		.byte	0xb8
 920 0152 5E010000 		.4byte	0x15e
 921 0156 08       		.byte	0x8
 922 0157 00       		.byte	0
 923 0158 09       		.uleb128 0x9
 924 0159 04       		.byte	0x4
 925 015a 90000000 		.4byte	0x90
 926 015e 09       		.uleb128 0x9
 927 015f 04       		.byte	0x4
 928 0160 20010000 		.4byte	0x120
 929 0164 08       		.uleb128 0x8
 930 0165 BA000000 		.4byte	.LASF29
 931 0169 02       		.byte	0x2
 932 016a B9       		.byte	0xb9
 933 016b 2B010000 		.4byte	0x12b
 934 016f 06       		.uleb128 0x6
 935 0170 08       		.byte	0x8
 936 0171 02       		.byte	0x2
 937 0172 BB       		.byte	0xbb
 938 0173 8E010000 		.4byte	0x18e
 939 0177 0A       		.uleb128 0xa
 940 0178 6300     		.ascii	"c\000"
 941 017a 02       		.byte	0x2
 942 017b BD       		.byte	0xbd
 943 017c 63000000 		.4byte	0x63
 944 0180 00       		.byte	0
 945 0181 07       		.uleb128 0x7
 946 0182 4E040000 		.4byte	.LASF30
 947 0186 02       		.byte	0x2
 948 0187 BE       		.byte	0xbe
 949 0188 8E010000 		.4byte	0x18e
 950 018c 04       		.byte	0x4
 951 018d 00       		.byte	0
 952 018e 09       		.uleb128 0x9
 953 018f 04       		.byte	0x4
 954 0190 94010000 		.4byte	0x194
 955 0194 0B       		.uleb128 0xb
 956 0195 08       		.uleb128 0x8
 957 0196 59010000 		.4byte	.LASF31
 958 019a 02       		.byte	0x2
 959 019b BF       		.byte	0xbf
 960 019c 6F010000 		.4byte	0x16f
 961 01a0 0C       		.uleb128 0xc
 962 01a1 B0010000 		.4byte	0x1b0
 963 01a5 B0010000 		.4byte	0x1b0
 964 01a9 0D       		.uleb128 0xd
 965 01aa 9C000000 		.4byte	0x9c
 966 01ae 11       		.byte	0x11
 967 01af 00       		.byte	0
 968 01b0 0E       		.uleb128 0xe
 969 01b1 63000000 		.4byte	0x63
ARM GAS  C:\Users\user\AppData\Local\Temp\ccfqxmfe.s 			page 18


 970 01b5 0F       		.uleb128 0xf
 971 01b6 F0040000 		.4byte	.LASF32
 972 01ba 03       		.byte	0x3
 973 01bb 24       		.byte	0x24
 974 01bc C6010000 		.4byte	0x1c6
 975 01c0 05       		.uleb128 0x5
 976 01c1 03       		.byte	0x3
 977 01c2 00000000 		.4byte	USBUART_1_DEVICE0_DESCR
 978 01c6 0E       		.uleb128 0xe
 979 01c7 A0010000 		.4byte	0x1a0
 980 01cb 0C       		.uleb128 0xc
 981 01cc B0010000 		.4byte	0x1b0
 982 01d0 DB010000 		.4byte	0x1db
 983 01d4 0D       		.uleb128 0xd
 984 01d5 9C000000 		.4byte	0x9c
 985 01d9 6B       		.byte	0x6b
 986 01da 00       		.byte	0
 987 01db 0F       		.uleb128 0xf
 988 01dc DB010000 		.4byte	.LASF33
 989 01e0 03       		.byte	0x3
 990 01e1 37       		.byte	0x37
 991 01e2 EC010000 		.4byte	0x1ec
 992 01e6 05       		.uleb128 0x5
 993 01e7 03       		.byte	0x3
 994 01e8 00000000 		.4byte	USBUART_1_DEVICE0_CONFIGURATION0_DESCR
 995 01ec 0E       		.uleb128 0xe
 996 01ed CB010000 		.4byte	0x1cb
 997 01f1 0C       		.uleb128 0xc
 998 01f2 01020000 		.4byte	0x201
 999 01f6 01020000 		.4byte	0x201
 1000 01fa 0D       		.uleb128 0xd
 1001 01fb 9C000000 		.4byte	0x9c
 1002 01ff 00       		.byte	0
 1003 0200 00       		.byte	0
 1004 0201 0E       		.uleb128 0xe
 1005 0202 95010000 		.4byte	0x195
 1006 0206 10       		.uleb128 0x10
 1007 0207 55040000 		.4byte	.LASF34
 1008 020b 03       		.byte	0x3
 1009 020c B401     		.2byte	0x1b4
 1010 020e 18020000 		.4byte	0x218
 1011 0212 05       		.uleb128 0x5
 1012 0213 03       		.byte	0x3
 1013 0214 00000000 		.4byte	USBUART_1_DEVICE0_CONFIGURATION0_INTERFACE4_TABLE
 1014 0218 0E       		.uleb128 0xe
 1015 0219 F1010000 		.4byte	0x1f1
 1016 021d 0C       		.uleb128 0xc
 1017 021e 2D020000 		.4byte	0x22d
 1018 0222 2D020000 		.4byte	0x22d
 1019 0226 0D       		.uleb128 0xd
 1020 0227 9C000000 		.4byte	0x9c
 1021 022b 03       		.byte	0x3
 1022 022c 00       		.byte	0
 1023 022d 0E       		.uleb128 0xe
 1024 022e F4000000 		.4byte	0xf4
 1025 0232 10       		.uleb128 0x10
 1026 0233 63050000 		.4byte	.LASF35
ARM GAS  C:\Users\user\AppData\Local\Temp\ccfqxmfe.s 			page 19


 1027 0237 03       		.byte	0x3
 1028 0238 BF01     		.2byte	0x1bf
 1029 023a 44020000 		.4byte	0x244
 1030 023e 05       		.uleb128 0x5
 1031 023f 03       		.byte	0x3
 1032 0240 00000000 		.4byte	USBUART_1_DEVICE0_CONFIGURATION0_EP_SETTINGS_TABLE
 1033 0244 0E       		.uleb128 0xe
 1034 0245 1D020000 		.4byte	0x21d
 1035 0249 0C       		.uleb128 0xc
 1036 024a B0010000 		.4byte	0x1b0
 1037 024e 59020000 		.4byte	0x259
 1038 0252 0D       		.uleb128 0xd
 1039 0253 9C000000 		.4byte	0x9c
 1040 0257 02       		.byte	0x2
 1041 0258 00       		.byte	0
 1042 0259 10       		.uleb128 0x10
 1043 025a 18030000 		.4byte	.LASF36
 1044 025e 03       		.byte	0x3
 1045 025f C601     		.2byte	0x1c6
 1046 0261 6B020000 		.4byte	0x26b
 1047 0265 05       		.uleb128 0x5
 1048 0266 03       		.byte	0x3
 1049 0267 00000000 		.4byte	USBUART_1_DEVICE0_CONFIGURATION0_INTERFACE_CLASS
 1050 026b 0E       		.uleb128 0xe
 1051 026c 49020000 		.4byte	0x249
 1052 0270 0C       		.uleb128 0xc
 1053 0271 01020000 		.4byte	0x201
 1054 0275 80020000 		.4byte	0x280
 1055 0279 0D       		.uleb128 0xd
 1056 027a 9C000000 		.4byte	0x9c
 1057 027e 05       		.byte	0x5
 1058 027f 00       		.byte	0
 1059 0280 10       		.uleb128 0x10
 1060 0281 19010000 		.4byte	.LASF37
 1061 0285 03       		.byte	0x3
 1062 0286 CE01     		.2byte	0x1ce
 1063 0288 92020000 		.4byte	0x292
 1064 028c 05       		.uleb128 0x5
 1065 028d 03       		.byte	0x3
 1066 028e 00000000 		.4byte	USBUART_1_DEVICE0_CONFIGURATION0_TABLE
 1067 0292 0E       		.uleb128 0xe
 1068 0293 70020000 		.4byte	0x270
 1069 0297 0C       		.uleb128 0xc
 1070 0298 01020000 		.4byte	0x201
 1071 029c A7020000 		.4byte	0x2a7
 1072 02a0 0D       		.uleb128 0xd
 1073 02a1 9C000000 		.4byte	0x9c
 1074 02a5 02       		.byte	0x2
 1075 02a6 00       		.byte	0
 1076 02a7 10       		.uleb128 0x10
 1077 02a8 36040000 		.4byte	.LASF38
 1078 02ac 03       		.byte	0x3
 1079 02ad DA01     		.2byte	0x1da
 1080 02af B9020000 		.4byte	0x2b9
 1081 02b3 05       		.uleb128 0x5
 1082 02b4 03       		.byte	0x3
 1083 02b5 00000000 		.4byte	USBUART_1_DEVICE0_TABLE
ARM GAS  C:\Users\user\AppData\Local\Temp\ccfqxmfe.s 			page 20


 1084 02b9 0E       		.uleb128 0xe
 1085 02ba 97020000 		.4byte	0x297
 1086 02be 10       		.uleb128 0x10
 1087 02bf 09010000 		.4byte	.LASF39
 1088 02c3 03       		.byte	0x3
 1089 02c4 E201     		.2byte	0x1e2
 1090 02c6 D0020000 		.4byte	0x2d0
 1091 02ca 05       		.uleb128 0x5
 1092 02cb 03       		.byte	0x3
 1093 02cc 00000000 		.4byte	USBUART_1_TABLE
 1094 02d0 0E       		.uleb128 0xe
 1095 02d1 F1010000 		.4byte	0x1f1
 1096 02d5 0C       		.uleb128 0xc
 1097 02d6 B0010000 		.4byte	0x1b0
 1098 02da E5020000 		.4byte	0x2e5
 1099 02de 0D       		.uleb128 0xd
 1100 02df 9C000000 		.4byte	0x9c
 1101 02e3 01       		.byte	0x1
 1102 02e4 00       		.byte	0
 1103 02e5 10       		.uleb128 0x10
 1104 02e6 00000000 		.4byte	.LASF40
 1105 02ea 03       		.byte	0x3
 1106 02eb 3401     		.2byte	0x134
 1107 02ed F7020000 		.4byte	0x2f7
 1108 02f1 05       		.uleb128 0x5
 1109 02f2 03       		.byte	0x3
 1110 02f3 00000000 		.4byte	USBUART_1_SN_STRING_DESCRIPTOR
 1111 02f7 0E       		.uleb128 0xe
 1112 02f8 D5020000 		.4byte	0x2d5
 1113 02fc 0C       		.uleb128 0xc
 1114 02fd B0010000 		.4byte	0x1b0
 1115 0301 0D030000 		.4byte	0x30d
 1116 0305 11       		.uleb128 0x11
 1117 0306 9C000000 		.4byte	0x9c
 1118 030a 4201     		.2byte	0x142
 1119 030c 00       		.byte	0
 1120 030d 0F       		.uleb128 0xf
 1121 030e 6C030000 		.4byte	.LASF41
 1122 0312 03       		.byte	0x3
 1123 0313 CC       		.byte	0xcc
 1124 0314 1E030000 		.4byte	0x31e
 1125 0318 05       		.uleb128 0x5
 1126 0319 03       		.byte	0x3
 1127 031a 00000000 		.4byte	USBUART_1_STRING_DESCRIPTORS
 1128 031e 0E       		.uleb128 0xe
 1129 031f FC020000 		.4byte	0x2fc
 1130 0323 10       		.uleb128 0x10
 1131 0324 60000000 		.4byte	.LASF42
 1132 0328 03       		.byte	0x3
 1133 0329 8501     		.2byte	0x185
 1134 032b 20010000 		.4byte	0x120
 1135 032f 05       		.uleb128 0x5
 1136 0330 03       		.byte	0x3
 1137 0331 00000000 		.4byte	USBUART_1_DEVICE0_CONFIGURATION0_INTERFACE4_ALTERNATE0_HID_IN_RPT_SCB
 1138 0335 0C       		.uleb128 0xc
 1139 0336 63000000 		.4byte	0x63
 1140 033a 45030000 		.4byte	0x345
ARM GAS  C:\Users\user\AppData\Local\Temp\ccfqxmfe.s 			page 21


 1141 033e 0D       		.uleb128 0xd
 1142 033f 9C000000 		.4byte	0x9c
 1143 0343 08       		.byte	0x8
 1144 0344 00       		.byte	0
 1145 0345 10       		.uleb128 0x10
 1146 0346 DD030000 		.4byte	.LASF43
 1147 034a 03       		.byte	0x3
 1148 034b 8601     		.2byte	0x186
 1149 034d 35030000 		.4byte	0x335
 1150 0351 05       		.uleb128 0x5
 1151 0352 03       		.byte	0x3
 1152 0353 00000000 		.4byte	USBUART_1_DEVICE0_CONFIGURATION0_INTERFACE4_ALTERNATE0_HID_IN_BUF
 1153 0357 10       		.uleb128 0x10
 1154 0358 0E050000 		.4byte	.LASF44
 1155 035c 03       		.byte	0x3
 1156 035d 9401     		.2byte	0x194
 1157 035f 20010000 		.4byte	0x120
 1158 0363 05       		.uleb128 0x5
 1159 0364 03       		.byte	0x3
 1160 0365 00000000 		.4byte	USBUART_1_DEVICE0_CONFIGURATION0_INTERFACE4_ALTERNATE0_HID_FEATURE_RPT_SCB
 1161 0369 0C       		.uleb128 0xc
 1162 036a 63000000 		.4byte	0x63
 1163 036e 79030000 		.4byte	0x379
 1164 0372 0D       		.uleb128 0xd
 1165 0373 9C000000 		.4byte	0x9c
 1166 0377 01       		.byte	0x1
 1167 0378 00       		.byte	0
 1168 0379 10       		.uleb128 0x10
 1169 037a 89030000 		.4byte	.LASF45
 1170 037e 03       		.byte	0x3
 1171 037f 9501     		.2byte	0x195
 1172 0381 69030000 		.4byte	0x369
 1173 0385 05       		.uleb128 0x5
 1174 0386 03       		.byte	0x3
 1175 0387 00000000 		.4byte	USBUART_1_DEVICE0_CONFIGURATION0_INTERFACE4_ALTERNATE0_HID_FEATURE_BUF
 1176 038b 0C       		.uleb128 0xc
 1177 038c B0010000 		.4byte	0x1b0
 1178 0390 9B030000 		.4byte	0x39b
 1179 0394 0D       		.uleb128 0xd
 1180 0395 9C000000 		.4byte	0x9c
 1181 0399 44       		.byte	0x44
 1182 039a 00       		.byte	0
 1183 039b 10       		.uleb128 0x10
 1184 039c C9000000 		.4byte	.LASF46
 1185 03a0 03       		.byte	0x3
 1186 03a1 3D01     		.2byte	0x13d
 1187 03a3 AD030000 		.4byte	0x3ad
 1188 03a7 05       		.uleb128 0x5
 1189 03a8 03       		.byte	0x3
 1190 03a9 00000000 		.4byte	USBUART_1_HIDREPORT_DESCRIPTOR1
 1191 03ad 0E       		.uleb128 0xe
 1192 03ae 8B030000 		.4byte	0x38b
 1193 03b2 0C       		.uleb128 0xc
 1194 03b3 B0010000 		.4byte	0x1b0
 1195 03b7 C2030000 		.4byte	0x3c2
 1196 03bb 0D       		.uleb128 0xd
 1197 03bc 9C000000 		.4byte	0x9c
ARM GAS  C:\Users\user\AppData\Local\Temp\ccfqxmfe.s 			page 22


 1198 03c0 29       		.byte	0x29
 1199 03c1 00       		.byte	0
 1200 03c2 10       		.uleb128 0x10
 1201 03c3 E9000000 		.4byte	.LASF47
 1202 03c7 03       		.byte	0x3
 1203 03c8 6601     		.2byte	0x166
 1204 03ca D4030000 		.4byte	0x3d4
 1205 03ce 05       		.uleb128 0x5
 1206 03cf 03       		.byte	0x3
 1207 03d0 00000000 		.4byte	USBUART_1_HIDREPORT_DESCRIPTOR2
 1208 03d4 0E       		.uleb128 0xe
 1209 03d5 B2030000 		.4byte	0x3b2
 1210 03d9 0C       		.uleb128 0xc
 1211 03da E9030000 		.4byte	0x3e9
 1212 03de E9030000 		.4byte	0x3e9
 1213 03e2 0D       		.uleb128 0xd
 1214 03e3 9C000000 		.4byte	0x9c
 1215 03e7 00       		.byte	0
 1216 03e8 00       		.byte	0
 1217 03e9 0E       		.uleb128 0xe
 1218 03ea 64010000 		.4byte	0x164
 1219 03ee 10       		.uleb128 0x10
 1220 03ef 8D010000 		.4byte	.LASF48
 1221 03f3 03       		.byte	0x3
 1222 03f4 8C01     		.2byte	0x18c
 1223 03f6 00040000 		.4byte	0x400
 1224 03fa 05       		.uleb128 0x5
 1225 03fb 03       		.byte	0x3
 1226 03fc 00000000 		.4byte	USBUART_1_DEVICE0_CONFIGURATION0_INTERFACE4_ALTERNATE0_HID_IN_RPT_TABLE
 1227 0400 0E       		.uleb128 0xe
 1228 0401 D9030000 		.4byte	0x3d9
 1229 0405 10       		.uleb128 0x10
 1230 0406 CB020000 		.4byte	.LASF49
 1231 040a 03       		.byte	0x3
 1232 040b 9B01     		.2byte	0x19b
 1233 040d 17040000 		.4byte	0x417
 1234 0411 05       		.uleb128 0x5
 1235 0412 03       		.byte	0x3
 1236 0413 00000000 		.4byte	USBUART_1_DEVICE0_CONFIGURATION0_INTERFACE4_ALTERNATE0_HID_FEATURE_RPT_TABLE
 1237 0417 0E       		.uleb128 0xe
 1238 0418 D9030000 		.4byte	0x3d9
 1239 041c 0C       		.uleb128 0xc
 1240 041d 01020000 		.4byte	0x201
 1241 0421 2C040000 		.4byte	0x42c
 1242 0425 0D       		.uleb128 0xd
 1243 0426 9C000000 		.4byte	0x9c
 1244 042a 04       		.byte	0x4
 1245 042b 00       		.byte	0
 1246 042c 10       		.uleb128 0x10
 1247 042d 1F000000 		.4byte	.LASF50
 1248 0431 03       		.byte	0x3
 1249 0432 A801     		.2byte	0x1a8
 1250 0434 3E040000 		.4byte	0x43e
 1251 0438 05       		.uleb128 0x5
 1252 0439 03       		.byte	0x3
 1253 043a 00000000 		.4byte	USBUART_1_DEVICE0_CONFIGURATION0_INTERFACE4_ALTERNATE0_HID_TABLE
 1254 043e 0E       		.uleb128 0xe
ARM GAS  C:\Users\user\AppData\Local\Temp\ccfqxmfe.s 			page 23


 1255 043f 1C040000 		.4byte	0x41c
 1256 0443 0C       		.uleb128 0xc
 1257 0444 63000000 		.4byte	0x63
 1258 0448 53040000 		.4byte	0x453
 1259 044c 0D       		.uleb128 0xd
 1260 044d 9C000000 		.4byte	0x9c
 1261 0451 21       		.byte	0x21
 1262 0452 00       		.byte	0
 1263 0453 10       		.uleb128 0x10
 1264 0454 C7040000 		.4byte	.LASF51
 1265 0458 03       		.byte	0x3
 1266 0459 1002     		.2byte	0x210
 1267 045b 43040000 		.4byte	0x443
 1268 045f 05       		.uleb128 0x5
 1269 0460 03       		.byte	0x3
 1270 0461 00000000 		.4byte	USBUART_1_idSerialNumberStringDescriptor
 1271 0465 00       		.byte	0
 1272              		.section	.debug_abbrev,"",%progbits
 1273              	.Ldebug_abbrev0:
 1274 0000 01       		.uleb128 0x1
 1275 0001 11       		.uleb128 0x11
 1276 0002 01       		.byte	0x1
 1277 0003 25       		.uleb128 0x25
 1278 0004 0E       		.uleb128 0xe
 1279 0005 13       		.uleb128 0x13
 1280 0006 0B       		.uleb128 0xb
 1281 0007 03       		.uleb128 0x3
 1282 0008 0E       		.uleb128 0xe
 1283 0009 1B       		.uleb128 0x1b
 1284 000a 0E       		.uleb128 0xe
 1285 000b 10       		.uleb128 0x10
 1286 000c 17       		.uleb128 0x17
 1287 000d 00       		.byte	0
 1288 000e 00       		.byte	0
 1289 000f 02       		.uleb128 0x2
 1290 0010 24       		.uleb128 0x24
 1291 0011 00       		.byte	0
 1292 0012 0B       		.uleb128 0xb
 1293 0013 0B       		.uleb128 0xb
 1294 0014 3E       		.uleb128 0x3e
 1295 0015 0B       		.uleb128 0xb
 1296 0016 03       		.uleb128 0x3
 1297 0017 0E       		.uleb128 0xe
 1298 0018 00       		.byte	0
 1299 0019 00       		.byte	0
 1300 001a 03       		.uleb128 0x3
 1301 001b 24       		.uleb128 0x24
 1302 001c 00       		.byte	0
 1303 001d 0B       		.uleb128 0xb
 1304 001e 0B       		.uleb128 0xb
 1305 001f 3E       		.uleb128 0x3e
 1306 0020 0B       		.uleb128 0xb
 1307 0021 03       		.uleb128 0x3
 1308 0022 08       		.uleb128 0x8
 1309 0023 00       		.byte	0
 1310 0024 00       		.byte	0
 1311 0025 04       		.uleb128 0x4
ARM GAS  C:\Users\user\AppData\Local\Temp\ccfqxmfe.s 			page 24


 1312 0026 16       		.uleb128 0x16
 1313 0027 00       		.byte	0
 1314 0028 03       		.uleb128 0x3
 1315 0029 0E       		.uleb128 0xe
 1316 002a 3A       		.uleb128 0x3a
 1317 002b 0B       		.uleb128 0xb
 1318 002c 3B       		.uleb128 0x3b
 1319 002d 05       		.uleb128 0x5
 1320 002e 49       		.uleb128 0x49
 1321 002f 13       		.uleb128 0x13
 1322 0030 00       		.byte	0
 1323 0031 00       		.byte	0
 1324 0032 05       		.uleb128 0x5
 1325 0033 35       		.uleb128 0x35
 1326 0034 00       		.byte	0
 1327 0035 49       		.uleb128 0x49
 1328 0036 13       		.uleb128 0x13
 1329 0037 00       		.byte	0
 1330 0038 00       		.byte	0
 1331 0039 06       		.uleb128 0x6
 1332 003a 13       		.uleb128 0x13
 1333 003b 01       		.byte	0x1
 1334 003c 0B       		.uleb128 0xb
 1335 003d 0B       		.uleb128 0xb
 1336 003e 3A       		.uleb128 0x3a
 1337 003f 0B       		.uleb128 0xb
 1338 0040 3B       		.uleb128 0x3b
 1339 0041 0B       		.uleb128 0xb
 1340 0042 01       		.uleb128 0x1
 1341 0043 13       		.uleb128 0x13
 1342 0044 00       		.byte	0
 1343 0045 00       		.byte	0
 1344 0046 07       		.uleb128 0x7
 1345 0047 0D       		.uleb128 0xd
 1346 0048 00       		.byte	0
 1347 0049 03       		.uleb128 0x3
 1348 004a 0E       		.uleb128 0xe
 1349 004b 3A       		.uleb128 0x3a
 1350 004c 0B       		.uleb128 0xb
 1351 004d 3B       		.uleb128 0x3b
 1352 004e 0B       		.uleb128 0xb
 1353 004f 49       		.uleb128 0x49
 1354 0050 13       		.uleb128 0x13
 1355 0051 38       		.uleb128 0x38
 1356 0052 0B       		.uleb128 0xb
 1357 0053 00       		.byte	0
 1358 0054 00       		.byte	0
 1359 0055 08       		.uleb128 0x8
 1360 0056 16       		.uleb128 0x16
 1361 0057 00       		.byte	0
 1362 0058 03       		.uleb128 0x3
 1363 0059 0E       		.uleb128 0xe
 1364 005a 3A       		.uleb128 0x3a
 1365 005b 0B       		.uleb128 0xb
 1366 005c 3B       		.uleb128 0x3b
 1367 005d 0B       		.uleb128 0xb
 1368 005e 49       		.uleb128 0x49
ARM GAS  C:\Users\user\AppData\Local\Temp\ccfqxmfe.s 			page 25


 1369 005f 13       		.uleb128 0x13
 1370 0060 00       		.byte	0
 1371 0061 00       		.byte	0
 1372 0062 09       		.uleb128 0x9
 1373 0063 0F       		.uleb128 0xf
 1374 0064 00       		.byte	0
 1375 0065 0B       		.uleb128 0xb
 1376 0066 0B       		.uleb128 0xb
 1377 0067 49       		.uleb128 0x49
 1378 0068 13       		.uleb128 0x13
 1379 0069 00       		.byte	0
 1380 006a 00       		.byte	0
 1381 006b 0A       		.uleb128 0xa
 1382 006c 0D       		.uleb128 0xd
 1383 006d 00       		.byte	0
 1384 006e 03       		.uleb128 0x3
 1385 006f 08       		.uleb128 0x8
 1386 0070 3A       		.uleb128 0x3a
 1387 0071 0B       		.uleb128 0xb
 1388 0072 3B       		.uleb128 0x3b
 1389 0073 0B       		.uleb128 0xb
 1390 0074 49       		.uleb128 0x49
 1391 0075 13       		.uleb128 0x13
 1392 0076 38       		.uleb128 0x38
 1393 0077 0B       		.uleb128 0xb
 1394 0078 00       		.byte	0
 1395 0079 00       		.byte	0
 1396 007a 0B       		.uleb128 0xb
 1397 007b 26       		.uleb128 0x26
 1398 007c 00       		.byte	0
 1399 007d 00       		.byte	0
 1400 007e 00       		.byte	0
 1401 007f 0C       		.uleb128 0xc
 1402 0080 01       		.uleb128 0x1
 1403 0081 01       		.byte	0x1
 1404 0082 49       		.uleb128 0x49
 1405 0083 13       		.uleb128 0x13
 1406 0084 01       		.uleb128 0x1
 1407 0085 13       		.uleb128 0x13
 1408 0086 00       		.byte	0
 1409 0087 00       		.byte	0
 1410 0088 0D       		.uleb128 0xd
 1411 0089 21       		.uleb128 0x21
 1412 008a 00       		.byte	0
 1413 008b 49       		.uleb128 0x49
 1414 008c 13       		.uleb128 0x13
 1415 008d 2F       		.uleb128 0x2f
 1416 008e 0B       		.uleb128 0xb
 1417 008f 00       		.byte	0
 1418 0090 00       		.byte	0
 1419 0091 0E       		.uleb128 0xe
 1420 0092 26       		.uleb128 0x26
 1421 0093 00       		.byte	0
 1422 0094 49       		.uleb128 0x49
 1423 0095 13       		.uleb128 0x13
 1424 0096 00       		.byte	0
 1425 0097 00       		.byte	0
ARM GAS  C:\Users\user\AppData\Local\Temp\ccfqxmfe.s 			page 26


 1426 0098 0F       		.uleb128 0xf
 1427 0099 34       		.uleb128 0x34
 1428 009a 00       		.byte	0
 1429 009b 03       		.uleb128 0x3
 1430 009c 0E       		.uleb128 0xe
 1431 009d 3A       		.uleb128 0x3a
 1432 009e 0B       		.uleb128 0xb
 1433 009f 3B       		.uleb128 0x3b
 1434 00a0 0B       		.uleb128 0xb
 1435 00a1 49       		.uleb128 0x49
 1436 00a2 13       		.uleb128 0x13
 1437 00a3 3F       		.uleb128 0x3f
 1438 00a4 19       		.uleb128 0x19
 1439 00a5 02       		.uleb128 0x2
 1440 00a6 18       		.uleb128 0x18
 1441 00a7 00       		.byte	0
 1442 00a8 00       		.byte	0
 1443 00a9 10       		.uleb128 0x10
 1444 00aa 34       		.uleb128 0x34
 1445 00ab 00       		.byte	0
 1446 00ac 03       		.uleb128 0x3
 1447 00ad 0E       		.uleb128 0xe
 1448 00ae 3A       		.uleb128 0x3a
 1449 00af 0B       		.uleb128 0xb
 1450 00b0 3B       		.uleb128 0x3b
 1451 00b1 05       		.uleb128 0x5
 1452 00b2 49       		.uleb128 0x49
 1453 00b3 13       		.uleb128 0x13
 1454 00b4 3F       		.uleb128 0x3f
 1455 00b5 19       		.uleb128 0x19
 1456 00b6 02       		.uleb128 0x2
 1457 00b7 18       		.uleb128 0x18
 1458 00b8 00       		.byte	0
 1459 00b9 00       		.byte	0
 1460 00ba 11       		.uleb128 0x11
 1461 00bb 21       		.uleb128 0x21
 1462 00bc 00       		.byte	0
 1463 00bd 49       		.uleb128 0x49
 1464 00be 13       		.uleb128 0x13
 1465 00bf 2F       		.uleb128 0x2f
 1466 00c0 05       		.uleb128 0x5
 1467 00c1 00       		.byte	0
 1468 00c2 00       		.byte	0
 1469 00c3 00       		.byte	0
 1470              		.section	.debug_aranges,"",%progbits
 1471 0000 14000000 		.4byte	0x14
 1472 0004 0200     		.2byte	0x2
 1473 0006 00000000 		.4byte	.Ldebug_info0
 1474 000a 04       		.byte	0x4
 1475 000b 00       		.byte	0
 1476 000c 0000     		.2byte	0
 1477 000e 0000     		.2byte	0
 1478 0010 00000000 		.4byte	0
 1479 0014 00000000 		.4byte	0
 1480              		.section	.debug_line,"",%progbits
 1481              	.Ldebug_line0:
 1482 0000 61000000 		.section	.debug_str,"MS",%progbits,1
ARM GAS  C:\Users\user\AppData\Local\Temp\ccfqxmfe.s 			page 27


 1482      02005B00 
 1482      00000201 
 1482      FB0E0D00 
 1482      01010101 
 1483              	.LASF40:
 1484 0000 55534255 		.ascii	"USBUART_1_SN_STRING_DESCRIPTOR\000"
 1484      4152545F 
 1484      315F534E 
 1484      5F535452 
 1484      494E475F 
 1485              	.LASF50:
 1486 001f 55534255 		.ascii	"USBUART_1_DEVICE0_CONFIGURATION0_INTERFACE4_ALTERNA"
 1486      4152545F 
 1486      315F4445 
 1486      56494345 
 1486      305F434F 
 1487 0052 5445305F 		.ascii	"TE0_HID_TABLE\000"
 1487      4849445F 
 1487      5441424C 
 1487      4500
 1488              	.LASF42:
 1489 0060 55534255 		.ascii	"USBUART_1_DEVICE0_CONFIGURATION0_INTERFACE4_ALTERNA"
 1489      4152545F 
 1489      315F4445 
 1489      56494345 
 1489      305F434F 
 1490 0093 5445305F 		.ascii	"TE0_HID_IN_RPT_SCB\000"
 1490      4849445F 
 1490      494E5F52 
 1490      50545F53 
 1490      434200
 1491              	.LASF28:
 1492 00a6 70537461 		.ascii	"pStatusBlock\000"
 1492      74757342 
 1492      6C6F636B 
 1492      00
 1493              	.LASF23:
 1494 00b3 73746174 		.ascii	"status\000"
 1494      757300
 1495              	.LASF29:
 1496 00ba 545F5553 		.ascii	"T_USBUART_1_TD\000"
 1496      42554152 
 1496      545F315F 
 1496      544400
 1497              	.LASF46:
 1498 00c9 55534255 		.ascii	"USBUART_1_HIDREPORT_DESCRIPTOR1\000"
 1498      4152545F 
 1498      315F4849 
 1498      44524550 
 1498      4F52545F 
 1499              	.LASF47:
 1500 00e9 55534255 		.ascii	"USBUART_1_HIDREPORT_DESCRIPTOR2\000"
 1500      4152545F 
 1500      315F4849 
 1500      44524550 
 1500      4F52545F 
 1501              	.LASF39:
ARM GAS  C:\Users\user\AppData\Local\Temp\ccfqxmfe.s 			page 28


 1502 0109 55534255 		.ascii	"USBUART_1_TABLE\000"
 1502      4152545F 
 1502      315F5441 
 1502      424C4500 
 1503              	.LASF37:
 1504 0119 55534255 		.ascii	"USBUART_1_DEVICE0_CONFIGURATION0_TABLE\000"
 1504      4152545F 
 1504      315F4445 
 1504      56494345 
 1504      305F434F 
 1505              	.LASF26:
 1506 0140 636F756E 		.ascii	"count\000"
 1506      7400
 1507              	.LASF3:
 1508 0146 73686F72 		.ascii	"short unsigned int\000"
 1508      7420756E 
 1508      7369676E 
 1508      65642069 
 1508      6E7400
 1509              	.LASF31:
 1510 0159 545F5553 		.ascii	"T_USBUART_1_LUT\000"
 1510      42554152 
 1510      545F315F 
 1510      4C555400 
 1511              	.LASF22:
 1512 0169 545F5553 		.ascii	"T_USBUART_1_EP_SETTINGS_BLOCK\000"
 1512      42554152 
 1512      545F315F 
 1512      45505F53 
 1512      45545449 
 1513              	.LASF27:
 1514 0187 70446174 		.ascii	"pData\000"
 1514      6100
 1515              	.LASF48:
 1516 018d 55534255 		.ascii	"USBUART_1_DEVICE0_CONFIGURATION0_INTERFACE4_ALTERNA"
 1516      4152545F 
 1516      315F4445 
 1516      56494345 
 1516      305F434F 
 1517 01c0 5445305F 		.ascii	"TE0_HID_IN_RPT_TABLE\000"
 1517      4849445F 
 1517      494E5F52 
 1517      50545F54 
 1517      41424C45 
 1518              	.LASF11:
 1519 01d5 666C6F61 		.ascii	"float\000"
 1519      7400
 1520              	.LASF33:
 1521 01db 55534255 		.ascii	"USBUART_1_DEVICE0_CONFIGURATION0_DESCR\000"
 1521      4152545F 
 1521      315F4445 
 1521      56494345 
 1521      305F434F 
 1522              	.LASF17:
 1523 0202 616C7453 		.ascii	"altSetting\000"
 1523      65747469 
 1523      6E6700
ARM GAS  C:\Users\user\AppData\Local\Temp\ccfqxmfe.s 			page 29


 1524              	.LASF1:
 1525 020d 756E7369 		.ascii	"unsigned char\000"
 1525      676E6564 
 1525      20636861 
 1525      7200
 1526              	.LASF52:
 1527 021b 474E5520 		.ascii	"GNU C11 5.4.1 20160609 (release) [ARM/embedded-5-br"
 1527      43313120 
 1527      352E342E 
 1527      31203230 
 1527      31363036 
 1528 024e 616E6368 		.ascii	"anch revision 237715] -mcpu=cortex-m3 -mthumb -g -O"
 1528      20726576 
 1528      6973696F 
 1528      6E203233 
 1528      37373135 
 1529 0281 67202D66 		.ascii	"g -ffunction-sections -ffat-lto-objects\000"
 1529      66756E63 
 1529      74696F6E 
 1529      2D736563 
 1529      74696F6E 
 1530              	.LASF19:
 1531 02a9 61747472 		.ascii	"attributes\000"
 1531      69627574 
 1531      657300
 1532              	.LASF5:
 1533 02b4 6C6F6E67 		.ascii	"long unsigned int\000"
 1533      20756E73 
 1533      69676E65 
 1533      6420696E 
 1533      7400
 1534              	.LASF18:
 1535 02c6 61646472 		.ascii	"addr\000"
 1535      00
 1536              	.LASF49:
 1537 02cb 55534255 		.ascii	"USBUART_1_DEVICE0_CONFIGURATION0_INTERFACE4_ALTERNA"
 1537      4152545F 
 1537      315F4445 
 1537      56494345 
 1537      305F434F 
 1538 02fe 5445305F 		.ascii	"TE0_HID_FEATURE_RPT_TABLE\000"
 1538      4849445F 
 1538      46454154 
 1538      5552455F 
 1538      5250545F 
 1539              	.LASF36:
 1540 0318 55534255 		.ascii	"USBUART_1_DEVICE0_CONFIGURATION0_INTERFACE_CLASS\000"
 1540      4152545F 
 1540      315F4445 
 1540      56494345 
 1540      305F434F 
 1541              	.LASF12:
 1542 0349 646F7562 		.ascii	"double\000"
 1542      6C6500
 1543              	.LASF2:
 1544 0350 73686F72 		.ascii	"short int\000"
 1544      7420696E 
ARM GAS  C:\Users\user\AppData\Local\Temp\ccfqxmfe.s 			page 30


 1544      7400
 1545              	.LASF20:
 1546 035a 62756666 		.ascii	"bufferSize\000"
 1546      65725369 
 1546      7A6500
 1547              	.LASF10:
 1548 0365 75696E74 		.ascii	"uint16\000"
 1548      313600
 1549              	.LASF41:
 1550 036c 55534255 		.ascii	"USBUART_1_STRING_DESCRIPTORS\000"
 1550      4152545F 
 1550      315F5354 
 1550      52494E47 
 1550      5F444553 
 1551              	.LASF45:
 1552 0389 55534255 		.ascii	"USBUART_1_DEVICE0_CONFIGURATION0_INTERFACE4_ALTERNA"
 1552      4152545F 
 1552      315F4445 
 1552      56494345 
 1552      305F434F 
 1553 03bc 5445305F 		.ascii	"TE0_HID_FEATURE_BUF\000"
 1553      4849445F 
 1553      46454154 
 1553      5552455F 
 1553      42554600 
 1554              	.LASF8:
 1555 03d0 756E7369 		.ascii	"unsigned int\000"
 1555      676E6564 
 1555      20696E74 
 1555      00
 1556              	.LASF43:
 1557 03dd 55534255 		.ascii	"USBUART_1_DEVICE0_CONFIGURATION0_INTERFACE4_ALTERNA"
 1557      4152545F 
 1557      315F4445 
 1557      56494345 
 1557      305F434F 
 1558 0410 5445305F 		.ascii	"TE0_HID_IN_BUF\000"
 1558      4849445F 
 1558      494E5F42 
 1558      554600
 1559              	.LASF7:
 1560 041f 6C6F6E67 		.ascii	"long long unsigned int\000"
 1560      206C6F6E 
 1560      6720756E 
 1560      7369676E 
 1560      65642069 
 1561              	.LASF38:
 1562 0436 55534255 		.ascii	"USBUART_1_DEVICE0_TABLE\000"
 1562      4152545F 
 1562      315F4445 
 1562      56494345 
 1562      305F5441 
 1563              	.LASF30:
 1564 044e 705F6C69 		.ascii	"p_list\000"
 1564      737400
 1565              	.LASF34:
 1566 0455 55534255 		.ascii	"USBUART_1_DEVICE0_CONFIGURATION0_INTERFACE4_TABLE\000"
ARM GAS  C:\Users\user\AppData\Local\Temp\ccfqxmfe.s 			page 31


 1566      4152545F 
 1566      315F4445 
 1566      56494345 
 1566      305F434F 
 1567              	.LASF15:
 1568 0487 73697A65 		.ascii	"sizetype\000"
 1568      74797065 
 1568      00
 1569              	.LASF6:
 1570 0490 6C6F6E67 		.ascii	"long long int\000"
 1570      206C6F6E 
 1570      6720696E 
 1570      7400
 1571              	.LASF13:
 1572 049e 63686172 		.ascii	"char\000"
 1572      00
 1573              	.LASF21:
 1574 04a3 624D6973 		.ascii	"bMisc\000"
 1574      6300
 1575              	.LASF25:
 1576 04a9 545F5553 		.ascii	"T_USBUART_1_XFER_STATUS_BLOCK\000"
 1576      42554152 
 1576      545F315F 
 1576      58464552 
 1576      5F535441 
 1577              	.LASF51:
 1578 04c7 55534255 		.ascii	"USBUART_1_idSerialNumberStringDescriptor\000"
 1578      4152545F 
 1578      315F6964 
 1578      53657269 
 1578      616C4E75 
 1579              	.LASF32:
 1580 04f0 55534255 		.ascii	"USBUART_1_DEVICE0_DESCR\000"
 1580      4152545F 
 1580      315F4445 
 1580      56494345 
 1580      305F4445 
 1581              	.LASF9:
 1582 0508 75696E74 		.ascii	"uint8\000"
 1582      3800
 1583              	.LASF44:
 1584 050e 55534255 		.ascii	"USBUART_1_DEVICE0_CONFIGURATION0_INTERFACE4_ALTERNA"
 1584      4152545F 
 1584      315F4445 
 1584      56494345 
 1584      305F434F 
 1585 0541 5445305F 		.ascii	"TE0_HID_FEATURE_RPT_SCB\000"
 1585      4849445F 
 1585      46454154 
 1585      5552455F 
 1585      5250545F 
 1586              	.LASF16:
 1587 0559 696E7465 		.ascii	"interface\000"
 1587      72666163 
 1587      6500
 1588              	.LASF35:
 1589 0563 55534255 		.ascii	"USBUART_1_DEVICE0_CONFIGURATION0_EP_SETTINGS_TABLE\000"
ARM GAS  C:\Users\user\AppData\Local\Temp\ccfqxmfe.s 			page 32


 1589      4152545F 
 1589      315F4445 
 1589      56494345 
 1589      305F434F 
 1590              	.LASF4:
 1591 0596 6C6F6E67 		.ascii	"long int\000"
 1591      20696E74 
 1591      00
 1592              	.LASF14:
 1593 059f 6C6F6E67 		.ascii	"long double\000"
 1593      20646F75 
 1593      626C6500 
 1594              	.LASF0:
 1595 05ab 7369676E 		.ascii	"signed char\000"
 1595      65642063 
 1595      68617200 
 1596              	.LASF54:
 1597 05b7 473A5C44 		.ascii	"G:\\DSA\\PORIGE\\Workspace03\\Design01.cydsn\000"
 1597      53415C50 
 1597      4F524947 
 1597      455C576F 
 1597      726B7370 
 1598              	.LASF24:
 1599 05e0 6C656E67 		.ascii	"length\000"
 1599      746800
 1600              	.LASF53:
 1601 05e7 47656E65 		.ascii	"Generated_Source\\PSoC5\\USBUART_1_descr.c\000"
 1601      72617465 
 1601      645F536F 
 1601      75726365 
 1601      5C50536F 
 1602              		.ident	"GCC: (GNU Tools for ARM Embedded Processors) 5.4.1 20160609 (release) [ARM/embedded-5-bran
