#***************************************************************************

#sjplacer

#Version:            1.1

#Build Date:         Dec  5 2017 15:35:27

#File Generated:     Apr 23 2018 14:14:44

#Purpose:            

#Copyright (C) 2010-2011 by Softjin Technologies Pvt Ltd. All rights reserved.

#***************************************************************************

Executing : C:\Program Files (x86)\Cypress\PSoC Creator\4.2\PSoC Creator\bin/sjplacer.exe --proj-name Design01 --netlist-vh2 Design01_p.vh2 --arch p35_udb4x6 --arch-file C:\Program Files (x86)\Cypress\PSoC Creator\4.2\PSoC Creator\dev\arch/udbdsi_4x6_24.cydata --ip-file C:\Program Files (x86)\Cypress\PSoC Creator\4.2\PSoC Creator\dev\psoc5/psoc5lp/ip_blocks.cydata --rrg-file C:\Program Files (x86)\Cypress\PSoC Creator\4.2\PSoC Creator\dev\psoc5/psoc5lp/route_arch-rrg.cydata --irq-file C:\Program Files (x86)\Cypress\PSoC Creator\4.2\PSoC Creator\dev\psoc5/psoc5lp/irqconn.cydata --drq-file C:\Program Files (x86)\Cypress\PSoC Creator\4.2\PSoC Creator\dev\psoc5/psoc5lp/dmaconn.cydata --dsi-conn-file C:\Program Files (x86)\Cypress\PSoC Creator\4.2\PSoC Creator\dev\psoc5/psoc5lp/dsiconn.cydata --pins-file pins_68-QFN.xml --lib-file Design01_p.lib --sdc-file Design01.sdc --io-pcf Design01.pci --outdir .

		Softjin Techologies Placer, Version 1.1

Build Date : Dec  5 2017	15:33:41

D2004: Option and Settings Summary
=============================================================
Netlist vh2 file          - Design01_p.vh2
Architecture file         - C:\Program Files (x86)\Cypress\PSoC Creator\4.2\PSoC Creator\dev\arch/udbdsi_4x6_24.cydata
Package                   - 
Defparam file             - 
SDC file                  - Design01.sdc
Output directory          - .
Timing library            - Design01_p.lib
IO Placement file         - Design01.pci

D2050: Starting reading inputs for placer
=============================================================
D2065: Reading netlist file : "Design01_p.vh2"
D2065: Reading arch file : "C:\Program Files (x86)\Cypress\PSoC Creator\4.2\PSoC Creator\dev\arch/udbdsi_4x6_24.cydata"
D2051: Reading of inputs for placer completed successfully

D2053: Starting placement of the design
=============================================================

Phase 2
Phase 3

Design Statistics after Packing
    Number of Combinational MCs 	:	6
    Number of Sequential MCs    	:	28
    Number of DPs               	:	12
    Number of Controls          	:	12
    Number of Status            	:	8
    Number of SyncCells         	:	0
    Number of count7cells       	:	1

Device Utilization Summary after Packing
    Macrocells                  :	34/192
    UDBS                        :	18/24
    IOs                         :	43/72


D2088: Phase 3, elapsed time : 0.0 (sec)

Phase 4
D2088: Phase 4, elapsed time : 0.0 (sec)

Phase 5
D2088: Phase 5, elapsed time : 0.0 (sec)

Phase 6

######################################################################
Placement Timing Summary

The timing summary is based on estimated routing delays after
placement. For final timing report, please carry out the timing
analysis after routing.
======================================================================

######################################################################
                     Clock Summary 
======================================================================
Number of clocks: 19
Clock: ADC_SAR_1_theACLK    | Frequency: N/A       | Target:   1.6 MHz
Clock: ADC_SAR_1_theACLK(fixed-function) | Frequency: N/A       | Target:   1.6 MHz
Clock: Clock_1              | Frequency:  81.5 MHz | Target:  12.0 MHz
Clock: Clock_2              | Frequency: 128.1 MHz | Target:  12.0 MHz
Clock: Clock_3              | Frequency: 128.1 MHz | Target:  12.0 MHz
Clock: Clock_4              | Frequency: N/A       | Target:   0.1 MHz
Clock: CyBUS_CLK            | Frequency:  37.2 MHz | Target:  48.0 MHz
Clock: CyBUS_CLK(routed)    | Frequency: N/A       | Target:  48.0 MHz
Clock: CyILO                | Frequency: N/A       | Target:   0.1 MHz
Clock: CyIMO                | Frequency: N/A       | Target:  24.0 MHz
Clock: CyMASTER_CLK         | Frequency: N/A       | Target:  48.0 MHz
Clock: CyPLL_OUT            | Frequency: N/A       | Target:  48.0 MHz
Clock: PowerMonitor_1_ADC_Ext_CP_Clk | Frequency: N/A       | Target:   5.3 MHz
Clock: PowerMonitor_1_ADC_Ext_CP_Clk(routed) | Frequency: N/A       | Target:   5.3 MHz
Clock: PowerMonitor_1_ADC_theACLK | Frequency: N/A       | Target:   1.3 MHz
Clock: PowerMonitor_1_ADC_theACLK(fixed-function) | Frequency: N/A       | Target:   1.3 MHz
Clock: \PowerMonitor_1:ADC:DSM4\/dec_clock | Frequency: N/A       | Target:   0.1 MHz
Clock: cydff_1/q            | Frequency: N/A       | Target:  24.0 MHz
Clock: pmon_clock           | Frequency: N/A       | Target:   1.0 MHz

======================================================================
                     End of Clock Summary
######################################################################

D2088: Phase 6, elapsed time : 0.1 (sec)

Phase 7
######################################################################
                     Clock Summary 
======================================================================
Number of clocks: 19
Clock: ADC_SAR_1_theACLK    | Frequency: N/A       | Target:   1.6 MHz
Clock: ADC_SAR_1_theACLK(fixed-function) | Frequency: N/A       | Target:   1.6 MHz
Clock: Clock_1              | Frequency:  92.4 MHz | Target:  12.0 MHz
Clock: Clock_2              | Frequency: 128.1 MHz | Target:  12.0 MHz
Clock: Clock_3              | Frequency: 128.1 MHz | Target:  12.0 MHz
Clock: Clock_4              | Frequency: N/A       | Target:   0.1 MHz
Clock: CyBUS_CLK            | Frequency:  41.7 MHz | Target:  48.0 MHz
Clock: CyBUS_CLK(routed)    | Frequency: N/A       | Target:  48.0 MHz
Clock: CyILO                | Frequency: N/A       | Target:   0.1 MHz
Clock: CyIMO                | Frequency: N/A       | Target:  24.0 MHz
Clock: CyMASTER_CLK         | Frequency: N/A       | Target:  48.0 MHz
Clock: CyPLL_OUT            | Frequency: N/A       | Target:  48.0 MHz
Clock: PowerMonitor_1_ADC_Ext_CP_Clk | Frequency: N/A       | Target:   5.3 MHz
Clock: PowerMonitor_1_ADC_Ext_CP_Clk(routed) | Frequency: N/A       | Target:   5.3 MHz
Clock: PowerMonitor_1_ADC_theACLK | Frequency: N/A       | Target:   1.3 MHz
Clock: PowerMonitor_1_ADC_theACLK(fixed-function) | Frequency: N/A       | Target:   1.3 MHz
Clock: \PowerMonitor_1:ADC:DSM4\/dec_clock | Frequency: N/A       | Target:   0.1 MHz
Clock: cydff_1/q            | Frequency: N/A       | Target:  24.0 MHz
Clock: pmon_clock           | Frequency: N/A       | Target:   1.0 MHz

======================================================================
                     End of Clock Summary
######################################################################
D2088: Phase 7, elapsed time : 0.3 (sec)

Final Design Statistics
    Number of Combinational MCs 	:	6
    Number of Sequential MCs    	:	28
    Number of DPs               	:	12
    Number of Controls          	:	12
    Number of Status            	:	8
    Number of SyncCells         	:	0
    Number of count7cells       	:	1
    Number of IOs       	:	43

Device Utilization Summary
    Macrocells                  :	34/192
    IOs                         :	43/72



######################################################################
Placement Timing Summary

The timing summary is based on estimated routing delays after
placement. For final timing report, please carry out the timing
analysis after routing.
======================================================================


######################################################################
                     Clock Summary 
======================================================================
Number of clocks: 19
Clock: ADC_SAR_1_theACLK    | Frequency: N/A       | Target:   1.6 MHz
Clock: ADC_SAR_1_theACLK(fixed-function) | Frequency: N/A       | Target:   1.6 MHz
Clock: Clock_1              | Frequency:  92.4 MHz | Target:  12.0 MHz
Clock: Clock_2              | Frequency: 128.1 MHz | Target:  12.0 MHz
Clock: Clock_3              | Frequency: 128.1 MHz | Target:  12.0 MHz
Clock: Clock_4              | Frequency: N/A       | Target:   0.1 MHz
Clock: CyBUS_CLK            | Frequency:  41.7 MHz | Target:  48.0 MHz
Clock: CyBUS_CLK(routed)    | Frequency: N/A       | Target:  48.0 MHz
Clock: CyILO                | Frequency: N/A       | Target:   0.1 MHz
Clock: CyIMO                | Frequency: N/A       | Target:  24.0 MHz
Clock: CyMASTER_CLK         | Frequency: N/A       | Target:  48.0 MHz
Clock: CyPLL_OUT            | Frequency: N/A       | Target:  48.0 MHz
Clock: PowerMonitor_1_ADC_Ext_CP_Clk | Frequency: N/A       | Target:   5.3 MHz
Clock: PowerMonitor_1_ADC_Ext_CP_Clk(routed) | Frequency: N/A       | Target:   5.3 MHz
Clock: PowerMonitor_1_ADC_theACLK | Frequency: N/A       | Target:   1.3 MHz
Clock: PowerMonitor_1_ADC_theACLK(fixed-function) | Frequency: N/A       | Target:   1.3 MHz
Clock: \PowerMonitor_1:ADC:DSM4\/dec_clock | Frequency: N/A       | Target:   0.1 MHz
Clock: cydff_1/q            | Frequency: N/A       | Target:  24.0 MHz
Clock: pmon_clock           | Frequency: N/A       | Target:   1.0 MHz

======================================================================
                     End of Clock Summary
######################################################################

Phase 6

######################################################################
Placement Timing Summary

The timing summary is based on estimated routing delays after
placement. For final timing report, please carry out the timing
analysis after routing.
======================================================================

######################################################################
                     Clock Summary 
======================================================================
Number of clocks: 19
Clock: ADC_SAR_1_theACLK    | Frequency: N/A       | Target:   1.6 MHz
Clock: ADC_SAR_1_theACLK(fixed-function) | Frequency: N/A       | Target:   1.6 MHz
Clock: Clock_1              | Frequency:  81.5 MHz | Target:  12.0 MHz
Clock: Clock_2              | Frequency: 128.1 MHz | Target:  12.0 MHz
Clock: Clock_3              | Frequency: 128.1 MHz | Target:  12.0 MHz
Clock: Clock_4              | Frequency: N/A       | Target:   0.1 MHz
Clock: CyBUS_CLK            | Frequency:  37.2 MHz | Target:  48.0 MHz
Clock: CyBUS_CLK(routed)    | Frequency: N/A       | Target:  48.0 MHz
Clock: CyILO                | Frequency: N/A       | Target:   0.1 MHz
Clock: CyIMO                | Frequency: N/A       | Target:  24.0 MHz
Clock: CyMASTER_CLK         | Frequency: N/A       | Target:  48.0 MHz
Clock: CyPLL_OUT            | Frequency: N/A       | Target:  48.0 MHz
Clock: PowerMonitor_1_ADC_Ext_CP_Clk | Frequency: N/A       | Target:   5.3 MHz
Clock: PowerMonitor_1_ADC_Ext_CP_Clk(routed) | Frequency: N/A       | Target:   5.3 MHz
Clock: PowerMonitor_1_ADC_theACLK | Frequency: N/A       | Target:   1.3 MHz
Clock: PowerMonitor_1_ADC_theACLK(fixed-function) | Frequency: N/A       | Target:   1.3 MHz
Clock: \PowerMonitor_1:ADC:DSM4\/dec_clock | Frequency: N/A       | Target:   0.1 MHz
Clock: cydff_1/q            | Frequency: N/A       | Target:  24.0 MHz
Clock: pmon_clock           | Frequency: N/A       | Target:   1.0 MHz

======================================================================
                     End of Clock Summary
######################################################################

D2088: Phase 6, elapsed time : 0.1 (sec)

Phase 7
######################################################################
                     Clock Summary 
======================================================================
Number of clocks: 19
Clock: ADC_SAR_1_theACLK    | Frequency: N/A       | Target:   1.6 MHz
Clock: ADC_SAR_1_theACLK(fixed-function) | Frequency: N/A       | Target:   1.6 MHz
Clock: Clock_1              | Frequency:  81.5 MHz | Target:  12.0 MHz
Clock: Clock_2              | Frequency: 128.1 MHz | Target:  12.0 MHz
Clock: Clock_3              | Frequency: 128.1 MHz | Target:  12.0 MHz
Clock: Clock_4              | Frequency: N/A       | Target:   0.1 MHz
Clock: CyBUS_CLK            | Frequency:  41.7 MHz | Target:  48.0 MHz
Clock: CyBUS_CLK(routed)    | Frequency: 1497.0 MHz | Target:  48.0 MHz
Clock: CyILO                | Frequency: N/A       | Target:   0.1 MHz
Clock: CyIMO                | Frequency: N/A       | Target:  24.0 MHz
Clock: CyMASTER_CLK         | Frequency: N/A       | Target:  48.0 MHz
Clock: CyPLL_OUT            | Frequency: N/A       | Target:  48.0 MHz
Clock: PowerMonitor_1_ADC_Ext_CP_Clk | Frequency: N/A       | Target:   5.3 MHz
Clock: PowerMonitor_1_ADC_Ext_CP_Clk(routed) | Frequency: N/A       | Target:   5.3 MHz
Clock: PowerMonitor_1_ADC_theACLK | Frequency: N/A       | Target:   1.3 MHz
Clock: PowerMonitor_1_ADC_theACLK(fixed-function) | Frequency: N/A       | Target:   1.3 MHz
Clock: \PowerMonitor_1:ADC:DSM4\/dec_clock | Frequency: N/A       | Target:   0.1 MHz
Clock: cydff_1/q            | Frequency: 115.5 MHz | Target:  24.0 MHz
Clock: pmon_clock           | Frequency: N/A       | Target:   1.0 MHz

======================================================================
                     End of Clock Summary
######################################################################
D2088: Phase 7, elapsed time : 1.2 (sec)

Final Design Statistics
    Number of Combinational MCs 	:	6
    Number of Sequential MCs    	:	28
    Number of DPs               	:	12
    Number of Controls          	:	12
    Number of Status            	:	8
    Number of SyncCells         	:	0
    Number of count7cells       	:	1
    Number of IOs       	:	43

Device Utilization Summary
    Macrocells                  :	34/192
    IOs                         :	43/72



######################################################################
Placement Timing Summary

The timing summary is based on estimated routing delays after
placement. For final timing report, please carry out the timing
analysis after routing.
======================================================================


######################################################################
                     Clock Summary 
======================================================================
Number of clocks: 19
Clock: ADC_SAR_1_theACLK    | Frequency: N/A       | Target:   1.6 MHz
Clock: ADC_SAR_1_theACLK(fixed-function) | Frequency: N/A       | Target:   1.6 MHz
Clock: Clock_1              | Frequency:  89.5 MHz | Target:  12.0 MHz
Clock: Clock_2              | Frequency:  89.5 MHz | Target:  12.0 MHz
Clock: Clock_3              | Frequency: 100.0 MHz | Target:  12.0 MHz
Clock: Clock_4              | Frequency: N/A       | Target:   0.1 MHz
Clock: CyBUS_CLK            | Frequency:  40.9 MHz | Target:  48.0 MHz
Clock: CyBUS_CLK(routed)    | Frequency: 557.1 MHz | Target:  48.0 MHz
Clock: CyILO                | Frequency: N/A       | Target:   0.1 MHz
Clock: CyIMO                | Frequency: N/A       | Target:  24.0 MHz
Clock: CyMASTER_CLK         | Frequency: N/A       | Target:  48.0 MHz
Clock: CyPLL_OUT            | Frequency: N/A       | Target:  48.0 MHz
Clock: PowerMonitor_1_ADC_Ext_CP_Clk | Frequency: N/A       | Target:   5.3 MHz
Clock: PowerMonitor_1_ADC_Ext_CP_Clk(routed) | Frequency: N/A       | Target:   5.3 MHz
Clock: PowerMonitor_1_ADC_theACLK | Frequency: N/A       | Target:   1.3 MHz
Clock: PowerMonitor_1_ADC_theACLK(fixed-function) | Frequency: N/A       | Target:   1.3 MHz
Clock: \PowerMonitor_1:ADC:DSM4\/dec_clock | Frequency: N/A       | Target:   0.1 MHz
Clock: cydff_1/q            | Frequency: 115.5 MHz | Target:  24.0 MHz
Clock: pmon_clock           | Frequency: N/A       | Target:   1.0 MHz

======================================================================
                     End of Clock Summary
######################################################################

Phase 8
D2088: Phase 8, elapsed time : 0.0 (sec)

D2054: Placement of the design completed successfully

I2076: Total run-time: 2.8 sec.

